    181494	40000448	03d1015b	==>CH.cspecialrw	c2,mtdc,c2	  x2:0x00101ef0+0x13e0b80c0  x2=0x001011e0+0x17e0201e0                                                  | exception_entry_asm
    181495	4000044c	28010d63	beq	x2,x0,400006e6	  x2:0x001011e0  x0:0x00000000                                                                                   | exception_entry_asm
    181497	40000450	    e406	c.CH.cscsp	c1,8(c2)	  x2:0x001011e0+0x17e0201e0  x1:0x400003aa+0x11f0bf096 PA:0x001011e8 store:0x1400003aa+0x11f0bf096              | exception_entry_asm
    181499	40000452	    ec0e	c.CH.cscsp	c3,24(c2)	  x2:0x001011e0+0x17e0201e0  x3:0x001021b8+0x1760391a8 PA:0x001011f8 store:0x1001021b8+0x1760391a8             | exception_entry_asm
    181501	40000454	    f012	c.CH.cscsp	c4,32(c2)	  x2:0x001011e0+0x17e0201e0  x4:0x00000000+0x000000000 PA:0x00101200 store:0x000000000+0x000000000             | exception_entry_asm
    181503	40000456	    f416	c.CH.cscsp	c5,40(c2)	  x2:0x001011e0+0x17e0201e0  x5:0x00000000+0x000000000 PA:0x00101208 store:0x000000000+0x000000000             | exception_entry_asm
    181505	40000458	    f81a	c.CH.cscsp	c6,48(c2)	  x2:0x001011e0+0x17e0201e0  x6:0x00000000+0x000000000 PA:0x00101210 store:0x000000000+0x000000000             | exception_entry_asm
    181507	4000045a	    fc1e	c.CH.cscsp	c7,56(c2)	  x2:0x001011e0+0x17e0201e0  x7:0x00000000+0x000000000 PA:0x00101218 store:0x000000000+0x000000000             | exception_entry_asm
    181509	4000045c	    e0a2	c.CH.cscsp	c8,64(c2)	  x2:0x001011e0+0x17e0201e0  x8:0x00000000+0x000000000 PA:0x00101220 store:0x000000000+0x000000000             | exception_entry_asm
    181511	4000045e	    e4a6	c.CH.cscsp	c9,72(c2)	  x2:0x001011e0+0x17e0201e0  x9:0x00000000+0x000000000 PA:0x00101228 store:0x000000000+0x000000000             | exception_entry_asm
    181513	40000460	    e8aa	c.CH.cscsp	c10,80(c2)	  x2:0x001011e0+0x17e0201e0 x10:0x001021a8+0x1760391a8 PA:0x00101230 store:0x1001021a8+0x1760391a8            | exception_entry_asm
    181515	40000462	    ecae	c.CH.cscsp	c11,88(c2)	  x2:0x001011e0+0x17e0201e0 x11:0x0001ad34+0x000000000 PA:0x00101238 store:0x00001ad34+0x000000000            | exception_entry_asm
    181517	40000464	    f0b2	c.CH.cscsp	c12,96(c2)	  x2:0x001011e0+0x17e0201e0 x12:0x00000000+0x000000000 PA:0x00101240 store:0x000000000+0x000000000            | exception_entry_asm
    181519	40000466	    f4b6	c.CH.cscsp	c13,104(c2)	  x2:0x001011e0+0x17e0201e0 x13:0x00000000+0x000000000 PA:0x00101248 store:0x000000000+0x000000000           | exception_entry_asm
    181521	40000468	    f8ba	c.CH.cscsp	c14,112(c2)	  x2:0x001011e0+0x17e0201e0 x14:0x00000000+0x000000000 PA:0x00101250 store:0x000000000+0x000000000           | exception_entry_asm
    181523	4000046a	    fcbe	c.CH.cscsp	c15,120(c2)	  x2:0x001011e0+0x17e0201e0 x15:0x00000000+0x000000000 PA:0x00101258 store:0x000000000+0x000000000           | exception_entry_asm
    181524	4000046c	    4301	c.li	x6,0	  x6=0x00000000                                                                                                           | exception_entry_asm / .Lexception_exiting_threads_rejoin
    181525	4000046e	03d3035b	CH.cspecialrw	c6,mtdc,c6	  x6:0x00000000+0x000000000  x6=0x00101ef0+0x13e0b80c0                                                     | exception_entry_asm / .Lexception_exiting_threads_rejoin
    181527	40000472	    e81a	c.CH.cscsp	c6,16(c2)	  x2:0x001011e0+0x17e0201e0  x6:0x00101ef0+0x13e0b80c0 PA:0x001011f0 store:0x100101ef0+0x13e0b80c0             | exception_entry_asm / .Lexception_exiting_threads_rejoin
    181528	40000474	03f002db	CH.cspecialr	c5,mepcc	  x0:0x00000000+0x000000000  x5=0x400064d8+0x15612800f                                                        | exception_entry_asm / .Lexception_exiting_threads_rejoin
    181530	40000478	    e016	c.CH.cscsp	c5,0(c2)	  x2:0x001011e0+0x17e0201e0  x5:0x400064d8+0x15612800f PA:0x001011e0 store:0x1400064d8+0x15612800f              | exception_entry_asm / .Lexception_exiting_threads_rejoin
    181531	4000047a	30002373	csrrs	x6,mstatus,x0	  x0:0x00000000  x6=0x00001880                                                                                  | exception_entry_asm / .Lexception_exiting_threads_rejoin
    181532	4000047e	    c51a	c.swsp	x6,136(c2)	  x2:0x001011e0+0x17e0201e0  x6:0x00001880 PA:0x00101268 store:0x000001880                                        | exception_entry_asm / .Lexception_exiting_threads_rejoin
    181533	40000480	bc102373	csrrs	x6,mshwm,x0	  x0:0x00000000  x6=0x00101f00                                                                                    | exception_entry_asm / .Lexception_exiting_threads_rejoin
    181534	40000484	    c91a	c.swsp	x6,144(c2)	  x2:0x001011e0+0x17e0201e0  x6:0x00101f00 PA:0x00101270 store:0x000101f00                                        | exception_entry_asm / .Lexception_exiting_threads_rejoin
    181535	40000486	bc202373	csrrs	x6,mshwmb,x0	  x0:0x00000000  x6=0x00101b00                                                                                   | exception_entry_asm / .Lexception_exiting_threads_rejoin
    181536	4000048a	    cb1a	c.swsp	x6,148(c2)	  x2:0x001011e0+0x17e0201e0  x6:0x00101b00 PA:0x00101274 store:0x000101b00                                        | exception_entry_asm / .Lexception_exiting_threads_rejoin
    181537	4000048c	34202373	csrrs	x6,mcause,x0	  x0:0x00000000  x6=0x8000000b                                                                                   | exception_entry_asm / .Lexception_exiting_threads_rejoin
    181538	40000490	    c71a	c.swsp	x6,140(c2)	  x2:0x001011e0+0x17e0201e0  x6:0x8000000b PA:0x0010126c store:0x08000000b                                        | exception_entry_asm / .Lexception_exiting_threads_rejoin
    181539	40000492	    4571	c.li	x10,28	 x10=0x0000001c                                                                                                         | exception_entry_asm / .Lexception_exiting_threads_rejoin
    181540	40000494	0a650663	beq	x10,x6,40000540	 x10:0x0000001c  x6:0x8000000b                                                                                  | exception_entry_asm / .Lexception_exiting_threads_rejoin
    181541	40000498	    4521	c.li	x10,8	 x10=0x00000008                                                                                                          | exception_entry_asm / .Lexception_exiting_threads_rejoin
    181542	4000049a	0aa36363	bltu	x6,x10,40000540	  x6:0x8000000b x10:0x00000008                                                                                 | exception_entry_asm / .Lexception_exiting_threads_rejoin
    181543	4000049e	00000517	CH.auipcc	c10,0x0	 x10=0x4000049e+0x11e0bf096                                                                                       | exception_entry_asm / .Ltmp7
    181545	400004a2	dba53503	CH.clc	c10,-582(c10)	 x10:0x4000049e+0x11e0bf096 x10=0x0000000a+0x14600160a PA:0x40000258 load:0x10000000a+0x14600160a              | exception_entry_asm / .Ltmp7
    181549	400004a6	16a1055b	CH.cseal	c10,c2,c10	  x2:0x001011e0+0x17e0201e0 x10:0x0000000a+0x14600160a x10=0x001011e0+0x17e8201e0                               | exception_entry_asm / .Ltmp7
    181550	400004aa	    859a	c.mv	x11,x6	  x0:0x00000000  x6:0x8000000b x11=0x8000000b                                                                           | exception_entry_asm / .Ltmp7
    181551	400004ac	    8616	c.mv	x12,x5	  x0:0x00000000  x5:0x400064d8 x12=0x400064d8                                                                           | exception_entry_asm / .Ltmp7
    181552	400004ae	343026f3	csrrs	x13,mtval,x0	  x0:0x00000000 x13=0x00000000                                                                                   | exception_entry_asm / .Ltmp7
    181553	400004b2	00000117	CH.auipcc	c2,0x0	  x2=0x400004b2+0x11e0bf096                                                                                        | exception_entry_asm / .Ltmp8
    181555	400004b6	dc613103	CH.clc	c2,-570(c2)	  x2:0x400004b2+0x11e0bf096  x2=0x00101700+0x13e0b80c0 PA:0x40000278 load:0x100101700+0x13e0b80c0                | exception_entry_asm / .Ltmp8
    181556	400004ba	00000197	CH.auipcc	c3,0x0	  x3=0x400004ba+0x11e0bf096                                                                                        | exception_entry_asm / .Ltmp9
    181558	400004be	db61b183	CH.clc	c3,-586(c3)	  x3:0x400004ba+0x11e0bf096  x3=0x00102034+0x176056980 PA:0x40000270 load:0x100102034+0x176056980                | exception_entry_asm / .Ltmp9
    181559	400004c2	00000097	CH.auipcc	c1,0x0	  x1=0x400004c2+0x11e0bf096                                                                                        | exception_entry_asm / .Ltmp10
    181561	400004c6	da60b083	CH.clc	c1,-602(c1)	  x1:0x400004c2+0x11e0bf096  x1=0x40000a7e+0x15693427e PA:0x40000268 load:0x140000a7e+0x15693427e                | exception_entry_asm / .Ltmp10
    181562	400004ca	    4201	c.li	x4,0	  x4=0x00000000                                                                                                           | exception_entry_asm / .Ltmp10
    181563	400004cc	    4281	c.li	x5,0	  x5=0x00000000                                                                                                           | exception_entry_asm / .Ltmp10
    181564	400004ce	    4301	c.li	x6,0	  x6=0x00000000                                                                                                           | exception_entry_asm / .Ltmp10
    181565	400004d0	    4381	c.li	x7,0	  x7=0x00000000                                                                                                           | exception_entry_asm / .Ltmp10
    181566	400004d2	    4401	c.li	x8,0	  x8=0x00000000                                                                                                           | exception_entry_asm / .Ltmp10
    181567	400004d4	    4481	c.li	x9,0	  x9=0x00000000                                                                                                           | exception_entry_asm / .Ltmp10
    181568	400004d6	    4701	c.li	x14,0	 x14=0x00000000                                                                                                          | exception_entry_asm / .Ltmp10
    181569	400004d8	    4781	c.li	x15,0	 x15=0x00000000                                                                                                          | exception_entry_asm / .Ltmp10
    181570	400004da	    9082	c.CH.cjalr	c1	  x1:0x40000a7e+0x15693427e  x1=0x400004dc+0x11f0bf096                                                                | exception_entry_asm / .Ltmp10
    181572	40000a7e	    711d	c.CH.cinc16csp	c2,-96	  x2:0x00101700+0x13e0b80c0  x2=0x001016a0+0x13e0b80c0                                                        | exception_entry(TrustedStackGeneric<0u>* __sealed_capability, unsigned int, unsigned int, unsigned int)
    181574	40000a80	    ec86	c.CH.cscsp	c1,88(c2)	  x2:0x001016a0+0x13e0b80c0  x1:0x400004dc+0x11f0bf096 PA:0x001016f8 store:0x1400004dc+0x11f0bf096             | exception_entry(TrustedStackGeneric<0u>* __sealed_capability, unsigned int, unsigned int, unsigned int)
    181576	40000a82	    e8a2	c.CH.cscsp	c8,80(c2)	  x2:0x001016a0+0x13e0b80c0  x8:0x00000000+0x000000000 PA:0x001016f0 store:0x000000000+0x000000000             | exception_entry(TrustedStackGeneric<0u>* __sealed_capability, unsigned int, unsigned int, unsigned int)
    181578	40000a84	    e4a6	c.CH.cscsp	c9,72(c2)	  x2:0x001016a0+0x13e0b80c0  x9:0x00000000+0x000000000 PA:0x001016e8 store:0x000000000+0x000000000             | exception_entry(TrustedStackGeneric<0u>* __sealed_capability, unsigned int, unsigned int, unsigned int)
    181580	40000a86	    f82a	c.CH.cscsp	c10,48(c2)	  x2:0x001016a0+0x13e0b80c0 x10:0x001011e0+0x17e8201e0 PA:0x001016d0 store:0x1001011e0+0x17e8201e0            | exception_entry(TrustedStackGeneric<0u>* __sealed_capability, unsigned int, unsigned int, unsigned int)
    181581	40000a88	ffc194db	CH.cincaddrimm	c9,c3,-4	  x3:0x00102034+0x176056980  x9=0x00102030+0x176056980                                                      | exception_entry(TrustedStackGeneric<0u>* __sealed_capability, unsigned int, unsigned int, unsigned int) / .LBB4_66
    181582	40000a8c	00048503	clb	x10,0(c9)	  x9:0x00102030+0x176056980 x10=0x00000000 PA:0x00102030 load:0x00000000                                              | exception_entry(TrustedStackGeneric<0u>* __sealed_capability, unsigned int, unsigned int, unsigned int) / .LBB4_66
    181584	40000a90	    0505	c.addi	x10,1	 x10:0x00000000 x10=0x00000001                                                                                         | exception_entry(TrustedStackGeneric<0u>* __sealed_capability, unsigned int, unsigned int, unsigned int) / .LBB4_66
    181585	40000a92	0ff57613	andi	x12,x10,255	 x10:0x00000001 x12=0x00000001                                                                                     | exception_entry(TrustedStackGeneric<0u>* __sealed_capability, unsigned int, unsigned int, unsigned int) / .LBB4_66
    181586	40000a96	    4689	c.li	x13,2	 x13=0x00000002                                                                                                          | exception_entry(TrustedStackGeneric<0u>* __sealed_capability, unsigned int, unsigned int, unsigned int) / .LBB4_66
    181587	40000a98	00a48023	csb	x10,0(c9)	  x9:0x00102030+0x176056980 x10:0x00000001 PA:0x00102030 store:0x0??????01                                            | exception_entry(TrustedStackGeneric<0u>* __sealed_capability, unsigned int, unsigned int, unsigned int) / .LBB4_66
    181588	40000a9c	2ad67563	bgeu	x12,x13,40000d46	 x12:0x00000001 x13:0x00000002                                                                                | exception_entry(TrustedStackGeneric<0u>* __sealed_capability, unsigned int, unsigned int, unsigned int) / .LBB4_66
    181589	40000aa0	    4505	c.li	x10,1	 x10=0x00000001                                                                                                          | exception_entry(TrustedStackGeneric<0u>* __sealed_capability, unsigned int, unsigned int, unsigned int) / .LBB4_66
    181590	40000aa2	    d62a	c.swsp	x10,44(c2)	  x2:0x001016a0+0x13e0b80c0 x10:0x00000001 PA:0x001016cc store:0x000000001                                        | exception_entry(TrustedStackGeneric<0u>* __sealed_capability, unsigned int, unsigned int, unsigned int) / .LBB4_66
    181591	40000aa4	80000537	lui	x10,0x80000	 x10=0x80000000                                                                                                     | exception_entry(TrustedStackGeneric<0u>* __sealed_capability, unsigned int, unsigned int, unsigned int) / .LBB4_66
    181592	40000aa8	014192db	CH.cincaddrimm	c5,c3,20	  x3:0x00102034+0x176056980  x5=0x00102048+0x176056980                                                      | exception_entry(TrustedStackGeneric<0u>* __sealed_capability, unsigned int, unsigned int, unsigned int) / .LBB4_67
    181593	40000aac	1002a2db	CH.csetboundsimm	c5,c5,256	  x5:0x00102048+0x176056980  x5=0x00102048+0x176029048                                                   | exception_entry(TrustedStackGeneric<0u>* __sealed_capability, unsigned int, unsigned int, unsigned int) / .LBB4_67
    181594	40000ab0	11c1945b	CH.cincaddrimm	c8,c3,284	  x3:0x00102034+0x176056980  x8=0x00102150+0x176056980                                                     | exception_entry(TrustedStackGeneric<0u>* __sealed_capability, unsigned int, unsigned int, unsigned int) / .LBB4_68
    181595	40000ab4	00750613	addi	x12,x10,7	 x10:0x80000000 x12=0x80000007                                                                                       | exception_entry(TrustedStackGeneric<0u>* __sealed_capability, unsigned int, unsigned int, unsigned int) / .LBB4_68
    181596	40000ab8	004196db	CH.cincaddrimm	c13,c3,4	  x3:0x00102034+0x176056980 x13=0x00102038+0x176056980                                                      | exception_entry(TrustedStackGeneric<0u>* __sealed_capability, unsigned int, unsigned int, unsigned int) / .LBB4_69
    181598	40000abc	    e0b6	c.CH.cscsp	c13,64(c2)	  x2:0x001016a0+0x13e0b80c0 x13:0x00102038+0x176056980 PA:0x001016e0 store:0x100102038+0x176056980            | exception_entry(TrustedStackGeneric<0u>* __sealed_capability, unsigned int, unsigned int, unsigned int) / .LBB4_69
    181599	40000abe	114196db	CH.cincaddrimm	c13,c3,276	  x3:0x00102034+0x176056980 x13=0x00102148+0x176056980                                                    | exception_entry(TrustedStackGeneric<0u>* __sealed_capability, unsigned int, unsigned int, unsigned int) / .LBB4_70
    181601	40000ac2	    f036	c.CH.cscsp	c13,32(c2)	  x2:0x001016a0+0x13e0b80c0 x13:0x00102148+0x176056980 PA:0x001016c0 store:0x100102148+0x176056980            | exception_entry(TrustedStackGeneric<0u>* __sealed_capability, unsigned int, unsigned int, unsigned int) / .LBB4_70
    181603	40000ac4	    e816	c.CH.cscsp	c5,16(c2)	  x2:0x001016a0+0x13e0b80c0  x5:0x00102048+0x176029048 PA:0x001016b0 store:0x100102048+0x176029048             | exception_entry(TrustedStackGeneric<0u>* __sealed_capability, unsigned int, unsigned int, unsigned int) / .LBB4_70
    181604	40000ac6	0ec58063	beq	x11,x12,40000ba6	 x11:0x8000000b x12:0x80000007                                                                                 | exception_entry(TrustedStackGeneric<0u>* __sealed_capability, unsigned int, unsigned int, unsigned int) / .LBB4_70
    181605	40000aca	    052d	c.addi	x10,11	 x10:0x80000000 x10=0x8000000b                                                                                        | exception_entry(TrustedStackGeneric<0u>* __sealed_capability, unsigned int, unsigned int, unsigned int) / .LBB4_70
    181606	40000acc	06a58c63	beq	x11,x10,40000b44	 x11:0x8000000b x10:0x8000000b                                                                                 | exception_entry(TrustedStackGeneric<0u>* __sealed_capability, unsigned int, unsigned int, unsigned int) / .LBB4_70
    181608	40000b44	f841955b	CH.cincaddrimm	c10,c3,-124	  x3:0x00102034+0x176056980 x10=0x00101fb8+0x176056980                                                   | exception_entry(TrustedStackGeneric<0u>* __sealed_capability, unsigned int, unsigned int, unsigned int) / .LBB4_72
    181610	40000b48	0605255b	CH.csetboundsimm	c10,c10,96	 x10:0x00101fb8+0x176056980 x10=0x00101fb8+0x1760031b8                                                  | exception_entry(TrustedStackGeneric<0u>* __sealed_capability, unsigned int, unsigned int, unsigned int) / .LBB4_72
    181612	40000b4c	    710c	c.CH.clc	c11,32(c10)	 x10:0x00101fb8+0x1760031b8 x11=0x88200004+0x166001004 PA:0x00101fd8 load:0x188200004+0x166001004              | exception_entry(TrustedStackGeneric<0u>* __sealed_capability, unsigned int, unsigned int, unsigned int) / .LBB4_72
    181618	40000b4e	    4190	c.lw	x12,0(c11)	 x11:0x88200004+0x166001004 x12=0x00000001 PA:0x88200004 load:0x00000001                                            | exception_entry(TrustedStackGeneric<0u>* __sealed_capability, unsigned int, unsigned int, unsigned int) / .LBB4_72
    181620	40000b50	    c639	c.beqz	x12,40000b9e	 x12:0x00000001                                                                                                 | exception_entry(TrustedStackGeneric<0u>* __sealed_capability, unsigned int, unsigned int, unsigned int) / .LBB4_72
    181621	40000b52	0285155b	CH.cincaddrimm	c10,c10,40	 x10:0x00101fb8+0x1760031b8 x10=0x00101fe0+0x1760031b8                                                    | exception_entry(TrustedStackGeneric<0u>* __sealed_capability, unsigned int, unsigned int, unsigned int) / .LBB4_72
    181622	40000b56	00001697	CH.auipcc	c13,0x1	 x13=0x40001356+0x15613427e                                                                                       | exception_entry(TrustedStackGeneric<0u>* __sealed_capability, unsigned int, unsigned int, unsigned int) / .LBB4_73
    181623	40000b5a	61a696db	CH.cincaddrimm	c13,c13,1562	 x13:0x40001356+0x15613427e x13=0x40001970+0x15613427e                                                  | exception_entry(TrustedStackGeneric<0u>* __sealed_capability, unsigned int, unsigned int, unsigned int) / .LBB4_73
    181624	40000b5e	09c6a6db	CH.csetboundsimm	c13,c13,156	 x13:0x40001970+0x15613427e x13=0x40001970+0x156001970                                                 | exception_entry(TrustedStackGeneric<0u>* __sealed_capability, unsigned int, unsigned int, unsigned int) / .LBB4_73
    181625	40000b62	008696db	CH.cincaddrimm	c13,c13,8	 x13:0x40001970+0x156001970 x13=0x40001978+0x156001970                                                     | exception_entry(TrustedStackGeneric<0u>* __sealed_capability, unsigned int, unsigned int, unsigned int) / .LBB4_73
    181626	40000b66	    4735	c.li	x14,13	 x14=0x0000000d                                                                                                         | exception_entry(TrustedStackGeneric<0u>* __sealed_capability, unsigned int, unsigned int, unsigned int) / .LBB4_73
    181627	40000b68	    cb1d	c.beqz	x14,40000b9e	 x14:0x0000000d                                                                                                 | exception_entry(TrustedStackGeneric<0u>* __sealed_capability, unsigned int, unsigned int, unsigned int) / .LBB4_73
    181628	40000b6a	ff86a783	clw	x15,-8(c13)	 x13:0x40001978+0x156001970 x15=0x00000001 PA:0x40001970 load:0x00000001                                            | exception_entry(TrustedStackGeneric<0u>* __sealed_capability, unsigned int, unsigned int, unsigned int) / .LBB4_73
    181630	40000b6e	00c78c63	beq	x15,x12,40000b86	 x15:0x00000001 x12:0x00000001                                                                                 | exception_entry(TrustedStackGeneric<0u>* __sealed_capability, unsigned int, unsigned int, unsigned int) / .LBB4_73
    181636	40000b86	0006c683	clbu	x13,0(c13)	 x13:0x40001978+0x156001970 x13=0x00000001 PA:0x40001978 load:0x00000001                                            | exception_entry(TrustedStackGeneric<0u>* __sealed_capability, unsigned int, unsigned int, unsigned int) / .LBB4_73
    181638	40000b8a	    c291	c.beqz	x13,40000b8e	 x13:0x00000001                                                                                                 | exception_entry(TrustedStackGeneric<0u>* __sealed_capability, unsigned int, unsigned int, unsigned int) / .LBB4_73
    181641	40000b8c	    c190	c.sw	x12,0(c11)	 x11:0x88200004+0x166001004 x12:0x00000001 PA:0x88200004 store:0x000000001                                          | exception_entry(TrustedStackGeneric<0u>* __sealed_capability, unsigned int, unsigned int, unsigned int) / .LBB4_73
    181643	40000b8e	    410c	c.lw	x11,0(c10)	 x10:0x00101fe0+0x1760031b8 x11=0x00000000 PA:0x00101fe0 load:0x00000000                                            | exception_entry(TrustedStackGeneric<0u>* __sealed_capability, unsigned int, unsigned int, unsigned int) / .LBB4_73
    181645	40000b90	    0585	c.addi	x11,1	 x11:0x00000000 x11=0x00000001                                                                                         | exception_entry(TrustedStackGeneric<0u>* __sealed_capability, unsigned int, unsigned int, unsigned int) / .LBB4_73
    181646	40000b92	    c10c	c.sw	x11,0(c10)	 x10:0x00101fe0+0x1760031b8 x11:0x00000001 PA:0x00101fe0 store:0x000000001                                          | exception_entry(TrustedStackGeneric<0u>* __sealed_capability, unsigned int, unsigned int, unsigned int) / .LBB4_73
    181647	40000b94	    852a	c.mv	x10,x10	  x0:0x00000000 x10:0x00101fe0 x10=0x00101fe0                                                                          | exception_entry(TrustedStackGeneric<0u>* __sealed_capability, unsigned int, unsigned int, unsigned int) / .LBB4_73
    181648	40000b96	    55fd	c.li	x11,-1	 x11=0xffffffff                                                                                                         | exception_entry(TrustedStackGeneric<0u>* __sealed_capability, unsigned int, unsigned int, unsigned int) / .LBB4_73
    181649	40000b98	    2559	c.CH.cjal	4000121e	  x1=0x40000b9a+0x15713427e                                                                                      | exception_entry(TrustedStackGeneric<0u>* __sealed_capability, unsigned int, unsigned int, unsigned int) / .LBB4_73
    181651	4000121e	    7179	c.CH.cinc16csp	c2,-48	  x2:0x001016a0+0x13e0b80c0  x2=0x00101670+0x13e0b80c0                                                        | (anonymous namespace)::futex_wake(unsigned int, unsigned int)
    181654	40001220	    f406	c.CH.cscsp	c1,40(c2)	  x2:0x00101670+0x13e0b80c0  x1:0x40000b9a+0x15713427e PA:0x00101698 store:0x140000b9a+0x15713427e             | (anonymous namespace)::futex_wake(unsigned int, unsigned int)
    181656	40001222	    f022	c.CH.cscsp	c8,32(c2)	  x2:0x00101670+0x13e0b80c0  x8:0x00102150+0x176056980 PA:0x00101690 store:0x100102150+0x176056980             | (anonymous namespace)::futex_wake(unsigned int, unsigned int)
    181658	40001224	    ec26	c.CH.cscsp	c9,24(c2)	  x2:0x00101670+0x13e0b80c0  x9:0x00102030+0x176056980 PA:0x00101688 store:0x100102030+0x176056980             | (anonymous namespace)::futex_wake(unsigned int, unsigned int)
    181659	40001226	    84ae	c.mv	x9,x11	  x0:0x00000000 x11:0xffffffff  x9=0xffffffff                                                                           | (anonymous namespace)::futex_wake(unsigned int, unsigned int)
    181660	40001228	    87aa	c.mv	x15,x10	  x0:0x00000000 x10:0x00101fe0 x15=0x00101fe0                                                                          | (anonymous namespace)::futex_wake(unsigned int, unsigned int)
    181661	4000122a	    4681	c.li	x13,0	 x13=0x00000000                                                                                                          | (anonymous namespace)::futex_wake(unsigned int, unsigned int)
    181662	4000122c	f7c192db	CH.cincaddrimm	c5,c3,-132	  x3:0x00102034+0x176056980  x5=0x00101fb0+0x176056980                                                    | (anonymous namespace)::futex_wake(unsigned int, unsigned int) / .LBB13_11
    181663	40001230	0082a2db	CH.csetboundsimm	c5,c5,8	  x5:0x00101fb0+0x176056980  x5=0x00101fb0+0x1760371b0                                                     | (anonymous namespace)::futex_wake(unsigned int, unsigned int) / .LBB13_11
    181665	40001234	0002b403	CH.clc	c8,0(c5)	  x5:0x00101fb0+0x1760371b0  x8=0x00101f08+0x176035108 PA:0x00101fb0 load:0x100101f08+0x176035108                   | (anonymous namespace)::futex_wake(unsigned int, unsigned int) / .LBB13_11
    181666	40001238	    4701	c.li	x14,0	 x14=0x00000000                                                                                                          | (anonymous namespace)::futex_wake(unsigned int, unsigned int) / .LBB13_11
    181668	4000123a	0002b583	CH.clc	c11,0(c5)	  x5:0x00101fb0+0x1760371b0 x11=0x00101f08+0x176035108 PA:0x00101fb0 load:0x100101f08+0x176035108                  | (anonymous namespace)::futex_wake(unsigned int, unsigned int) / .LBB13_11
    181669	4000123e	fea4055b	CH.cmove	c10,c8	  x8:0x00101f08+0x176035108 x10=0x00101f08+0x176035108                                                              | (anonymous namespace)::futex_wake(unsigned int, unsigned int) / .LBB13_11
    181670	40001242	    cd15	c.beqz	x10,4000127e	 x10:0x00101f08                                                                                                 | (anonymous namespace)::futex_wake(unsigned int, unsigned int) / .LBB13_11
    181671	40001244	    c4b1	c.beqz	x9,40001290	  x9:0xffffffff                                                                                                  | (anonymous namespace)::futex_wake(unsigned int, unsigned int) / .LBB13_11
    181673	40001246	    6510	c.CH.clc	c12,8(c10)	 x10:0x00101f08+0x176035108 x12=0x00101f08+0x176035108 PA:0x00101f10 load:0x100101f08+0x176035108               | (anonymous namespace)::futex_wake(unsigned int, unsigned int) / .LBB13_11
    181674	40001248	fea0045b	CH.cmove	c8,c0	  x0:0x00000000+0x000000000  x8=0x00000000+0x000000000                                                               | (anonymous namespace)::futex_wake(unsigned int, unsigned int) / .LBB13_11
    181677	4000124c	00c58463	beq	x11,x12,40001254	 x11:0x00101f08 x12:0x00101f08                                                                                 | (anonymous namespace)::futex_wake(unsigned int, unsigned int) / .LBB13_11
    181679	40001254	    5d10	c.lw	x12,56(c10)	 x10:0x00101f08+0x176035108 x12=0x00101fe0 PA:0x00101f40 load:0x00101fe0                                           | (anonymous namespace)::futex_wake(unsigned int, unsigned int) / .LBB13_11
    181681	40001256	fef614e3	bne	x12,x15,4000123e	 x12:0x00101fe0 x15:0x00101fe0                                                                                 | (anonymous namespace)::futex_wake(unsigned int, unsigned int) / .LBB13_11
    181682	4000125a	03e54583	clbu	x11,62(c10)	 x10:0x00101f08+0x176035108 x11=0x00000000 PA:0x00101f46 load:0x00000000                                           | (anonymous namespace)::futex_wake(unsigned int, unsigned int) / .LBB13_11
    181684	4000125e	    8985	c.andi	x11,1	 x11:0x00000000 x11=0x00000000                                                                                         | (anonymous namespace)::futex_wake(unsigned int, unsigned int) / .LBB13_11
    181685	40001260	    8ecd	c.or	x13,x11	 x13:0x00000000 x11:0x00000000 x13=0x00000000                                                                          | (anonymous namespace)::futex_wake(unsigned int, unsigned int) / .LBB13_11
    181686	40001262	    ca36	c.swsp	x13,20(c2)	  x2:0x00101670+0x13e0b80c0 x13:0x00000000 PA:0x00101684 store:0x000000000                                        | (anonymous namespace)::futex_wake(unsigned int, unsigned int) / .LBB13_11
    181687	40001264	    4585	c.li	x11,1	 x11=0x00000001                                                                                                          | (anonymous namespace)::futex_wake(unsigned int, unsigned int) / .LBB13_11
    181688	40001266	    c83a	c.swsp	x14,16(c2)	  x2:0x00101670+0x13e0b80c0 x14:0x00000000 PA:0x00101680 store:0x000000000                                        | (anonymous namespace)::futex_wake(unsigned int, unsigned int) / .LBB13_11
    181689	40001268	    c63e	c.swsp	x15,12(c2)	  x2:0x00101670+0x13e0b80c0 x15:0x00101fe0 PA:0x0010167c store:0x000101fe0                                        | (anonymous namespace)::futex_wake(unsigned int, unsigned int) / .LBB13_11
    181691	4000126a	    e016	c.CH.cscsp	c5,0(c2)	  x2:0x00101670+0x13e0b80c0  x5:0x00101fb0+0x1760371b0 PA:0x00101670 store:0x100101fb0+0x1760371b0              | (anonymous namespace)::futex_wake(unsigned int, unsigned int) / .LBB13_11
    181692	4000126c	f66ff0ef	CH.cjal	c1,400009d2	  x1=0x40001270+0x15713427e                                                                                     | (anonymous namespace)::futex_wake(unsigned int, unsigned int) / .LBB13_11
    181694	400009d2	    713d	c.CH.cinc16csp	c2,-32	  x2:0x00101670+0x13e0b80c0  x2=0x00101650+0x13e0b80c0                                                        | (anonymous namespace)::ThreadImpl<32u>::ready((anonymous namespace)::ThreadImpl<32u>::WakeReason)
    181696	400009d4	    ec06	c.CH.cscsp	c1,24(c2)	  x2:0x00101650+0x13e0b80c0  x1:0x40001270+0x15713427e PA:0x00101668 store:0x140001270+0x15713427e             | (anonymous namespace)::ThreadImpl<32u>::ready((anonymous namespace)::ThreadImpl<32u>::WakeReason)
    181698	400009d6	    e822	c.CH.cscsp	c8,16(c2)	  x2:0x00101650+0x13e0b80c0  x8:0x00000000+0x000000000 PA:0x00101660 store:0x000000000+0x000000000             | (anonymous namespace)::ThreadImpl<32u>::ready((anonymous namespace)::ThreadImpl<32u>::WakeReason)
    181700	400009d8	    e426	c.CH.cscsp	c9,8(c2)	  x2:0x00101650+0x13e0b80c0  x9:0xffffffff+0x000000000 PA:0x00101658 store:0x0ffffffff+0x000000000              | (anonymous namespace)::ThreadImpl<32u>::ready((anonymous namespace)::ThreadImpl<32u>::WakeReason)
    181701	400009da	    84ae	c.mv	x9,x11	  x0:0x00000000 x11:0x00000001  x9=0x00000001                                                                           | (anonymous namespace)::ThreadImpl<32u>::ready((anonymous namespace)::ThreadImpl<32u>::WakeReason)
    181702	400009dc	fea5045b	CH.cmove	c8,c10	 x10:0x00101f08+0x176035108  x8=0x00101f08+0x176035108                                                              | (anonymous namespace)::ThreadImpl<32u>::ready((anonymous namespace)::ThreadImpl<32u>::WakeReason)
    181704	400009e0	    6d0c	c.CH.clc	c11,24(c10)	 x10:0x00101f08+0x176035108 x11=0x00101f08+0x176035108 PA:0x00101f20 load:0x100101f08+0x176035108              | (anonymous namespace)::ThreadImpl<32u>::ready((anonymous namespace)::ThreadImpl<32u>::WakeReason)
    181705	400009e2	0041955b	CH.cincaddrimm	c10,c3,4	  x3:0x00102034+0x176056980 x10=0x00102038+0x176056980                                                      | (anonymous namespace)::ThreadImpl<32u>::ready((anonymous namespace)::ThreadImpl<32u>::WakeReason) / .LBB3_13
    181708	400009e6	00858a63	beq	x11,x8,400009fa	 x11:0x00101f08  x8:0x00101f08                                                                                  | (anonymous namespace)::ThreadImpl<32u>::ready((anonymous namespace)::ThreadImpl<32u>::WakeReason) / .LBB3_13
    181711	400009fa	fea005db	CH.cmove	c11,c0	  x0:0x00000000+0x000000000 x11=0x00000000+0x000000000                                                              | (anonymous namespace)::ThreadImpl<32u>::ready((anonymous namespace)::ThreadImpl<32u>::WakeReason) / .LBB3_13
    181713	400009fe	    e10c	c.CH.csc	c11,0(c10)	 x10:0x00102038+0x176056980 x11:0x00000000+0x000000000 PA:0x00102038 store:0x000000000+0x000000000              | (anonymous namespace)::ThreadImpl<32u>::ready((anonymous namespace)::ThreadImpl<32u>::WakeReason) / .LBB3_13
    181715	40000a00	    700c	c.CH.clc	c11,32(c8)	  x8:0x00101f08+0x176035108 x11=0x00101fb0+0x1760371b0 PA:0x00101f28 load:0x100101fb0+0x1760371b0               | (anonymous namespace)::ThreadImpl<32u>::ready((anonymous namespace)::ThreadImpl<32u>::WakeReason) / .LBB3_13
    181717	40000a02	00043823	CH.csc	c0,16(c8)	  x8:0x00101f08+0x176035108  x0:0x00000000+0x000000000 PA:0x00101f18 store:0x000000000+0x000000000                 | (anonymous namespace)::ThreadImpl<32u>::ready((anonymous namespace)::ThreadImpl<32u>::WakeReason) / .LBB3_13
    181719	40000a06	00043c23	CH.csc	c0,24(c8)	  x8:0x00101f08+0x176035108  x0:0x00000000+0x000000000 PA:0x00101f20 store:0x000000000+0x000000000                 | (anonymous namespace)::ThreadImpl<32u>::ready((anonymous namespace)::ThreadImpl<32u>::WakeReason) / .LBB3_13
    181720	40000a0a	    c599	c.beqz	x11,40000a18	 x11:0x00101fb0                                                                                                 | (anonymous namespace)::ThreadImpl<32u>::ready((anonymous namespace)::ThreadImpl<32u>::WakeReason) / .LBB3_13
    181721	40000a0c	fea4055b	CH.cmove	c10,c8	  x8:0x00101f08+0x176035108 x10=0x00101f08+0x176035108                                                              | (anonymous namespace)::ThreadImpl<32u>::ready((anonymous namespace)::ThreadImpl<32u>::WakeReason) / .LBB3_13
    181722	40000a10	455000ef	CH.cjal	c1,40001664	  x1=0x40000a14+0x15713427e                                                                                     | (anonymous namespace)::ThreadImpl<32u>::ready((anonymous namespace)::ThreadImpl<32u>::WakeReason) / .LBB3_13
    181725	40001664	    6510	c.CH.clc	c12,8(c10)	 x10:0x00101f08+0x176035108 x12=0x00101f08+0x176035108 PA:0x00101f10 load:0x100101f08+0x176035108               | (anonymous namespace)::ThreadImpl<32u>::list_remove((anonymous namespace)::ThreadImpl<32u>**)
    181729	40001666	00a60a63	beq	x12,x10,4000167a	 x12:0x00101f08 x10:0x00101f08                                                                                 | (anonymous namespace)::ThreadImpl<32u>::list_remove((anonymous namespace)::ThreadImpl<32u>**)
    181732	4000167a	fea0065b	CH.cmove	c12,c0	  x0:0x00000000+0x000000000 x12=0x00000000+0x000000000                                                              | (anonymous namespace)::ThreadImpl<32u>::list_remove((anonymous namespace)::ThreadImpl<32u>**)
    181734	4000167e	    e190	c.CH.csc	c12,0(c11)	 x11:0x00101fb0+0x1760371b0 x12:0x00000000+0x000000000 PA:0x00101fb0 store:0x000000000+0x000000000              | (anonymous namespace)::ThreadImpl<32u>::list_remove((anonymous namespace)::ThreadImpl<32u>**)
    181736	40001680	00053023	CH.csc	c0,0(c10)	 x10:0x00101f08+0x176035108  x0:0x00000000+0x000000000 PA:0x00101f08 store:0x000000000+0x000000000                 | (anonymous namespace)::ThreadImpl<32u>::list_remove((anonymous namespace)::ThreadImpl<32u>**)
    181738	40001684	00053423	CH.csc	c0,8(c10)	 x10:0x00101f08+0x176035108  x0:0x00000000+0x000000000 PA:0x00101f10 store:0x000000000+0x000000000                 | (anonymous namespace)::ThreadImpl<32u>::list_remove((anonymous namespace)::ThreadImpl<32u>**)
    181739	40001688	    8082	c.CH.cjr	c1	  x1:0x40000a14+0x15713427e                                                                                             | (anonymous namespace)::ThreadImpl<32u>::list_remove((anonymous namespace)::ThreadImpl<32u>**)
    181742	40000a14	02043023	CH.csc	c0,32(c8)	  x8:0x00101f08+0x176035108  x0:0x00000000+0x000000000 PA:0x00101f28 store:0x000000000+0x000000000                 | (anonymous namespace)::ThreadImpl<32u>::ready((anonymous namespace)::ThreadImpl<32u>::WakeReason) / .LBB3_13
    181743	40000a18	04c44583	clbu	x11,76(c8)	  x8:0x00101f08+0x176035108 x11=0x00000001 PA:0x00101f54 load:0x00000001                                            | (anonymous namespace)::ThreadImpl<32u>::ready((anonymous namespace)::ThreadImpl<32u>::WakeReason) / .LBB3_13
    181744	40000a1c	04a44503	clbu	x10,74(c8)	  x8:0x00101f08+0x176035108 x10=0x00000001 PA:0x00101f52 load:0x00000001                                            | (anonymous namespace)::ThreadImpl<32u>::ready((anonymous namespace)::ThreadImpl<32u>::WakeReason) / .LBB3_13
    181745	40000a20	0141965b	CH.cincaddrimm	c12,c3,20	  x3:0x00102034+0x176056980 x12=0x00102048+0x176056980                                                     | (anonymous namespace)::ThreadImpl<32u>::ready((anonymous namespace)::ThreadImpl<32u>::WakeReason) / .LBB3_14
    181746	40000a24	1006265b	CH.csetboundsimm	c12,c12,256	 x12:0x00102048+0x176056980 x12=0x00102048+0x176029048                                                 | (anonymous namespace)::ThreadImpl<32u>::ready((anonymous namespace)::ThreadImpl<32u>::WakeReason) / .LBB3_14
    181747	40000a28	0fc5f593	andi	x11,x11,252	 x11:0x00000001 x11=0x00000000                                                                                     | (anonymous namespace)::ThreadImpl<32u>::ready((anonymous namespace)::ThreadImpl<32u>::WakeReason) / .LBB3_14
    181748	40000a2c	04b40623	csb	x11,76(c8)	  x8:0x00101f08+0x176035108 x11:0x00000000 PA:0x00101f54 store:0x0??????00                                           | (anonymous namespace)::ThreadImpl<32u>::ready((anonymous namespace)::ThreadImpl<32u>::WakeReason) / .LBB3_14
    181749	40000a30	00351593	slli	x11,x10,0x3	 x10:0x00000001 x11=0x00000008                                                                                     | (anonymous namespace)::ThreadImpl<32u>::ready((anonymous namespace)::ThreadImpl<32u>::WakeReason) / .LBB3_14
    181750	40000a34	22b605db	CH.cincaddr	c11,c12,x11	 x12:0x00102048+0x176029048 x11:0x00000008 x11=0x00102050+0x176029048                                       | (anonymous namespace)::ThreadImpl<32u>::ready((anonymous namespace)::ThreadImpl<32u>::WakeReason) / .LBB3_14
    181752	40000a38	    6190	c.CH.clc	c12,0(c11)	 x11:0x00102050+0x176029048 x12=0x00000000+0x000000000 PA:0x00102050 load:0x000000000+0x000000000               | (anonymous namespace)::ThreadImpl<32u>::ready((anonymous namespace)::ThreadImpl<32u>::WakeReason) / .LBB3_14
    181756	40000a3a	    e21d	c.bnez	x12,40000a60	 x12:0x00000000                                                                                                 | (anonymous namespace)::ThreadImpl<32u>::ready((anonymous namespace)::ThreadImpl<32u>::WakeReason) / .LBB3_14
    181757	40000a3c	114196db	CH.cincaddrimm	c13,c3,276	  x3:0x00102034+0x176056980 x13=0x00102148+0x176056980                                                    | (anonymous namespace)::ThreadImpl<32u>::ready((anonymous namespace)::ThreadImpl<32u>::WakeReason) / .LBB3_15
    181758	40000a40	    4298	c.lw	x14,0(c13)	 x13:0x00102148+0x176056980 x14=0x00000001 PA:0x00102148 load:0x00000001                                            | (anonymous namespace)::ThreadImpl<32u>::ready((anonymous namespace)::ThreadImpl<32u>::WakeReason) / .LBB3_15
    181759	40000a42	1181965b	CH.cincaddrimm	c12,c3,280	  x3:0x00102034+0x176056980 x12=0x0010214c+0x176056980                                                    | (anonymous namespace)::ThreadImpl<32u>::ready((anonymous namespace)::ThreadImpl<32u>::WakeReason) / .LBB3_16
    181760	40000a46	00065283	clhu	x5,0(c12)	 x12:0x0010214c+0x176056980  x5=0x00000000 PA:0x0010214c load:0x00000000                                             | (anonymous namespace)::ThreadImpl<32u>::ready((anonymous namespace)::ThreadImpl<32u>::WakeReason) / .LBB3_16
    181761	40000a4a	    87a6	c.mv	x15,x9	  x0:0x00000000  x9:0x00000001 x15=0x00000001                                                                           | (anonymous namespace)::ThreadImpl<32u>::ready((anonymous namespace)::ThreadImpl<32u>::WakeReason) / .LBB3_16
    181762	40000a4c	    4485	c.li	x9,1	  x9=0x00000001                                                                                                           | (anonymous namespace)::ThreadImpl<32u>::ready((anonymous namespace)::ThreadImpl<32u>::WakeReason) / .LBB3_16
    181763	40000a4e	00a494b3	sll	x9,x9,x10	  x9:0x00000001 x10:0x00000001  x9=0x00000002                                                                         | (anonymous namespace)::ThreadImpl<32u>::ready((anonymous namespace)::ThreadImpl<32u>::WakeReason) / .LBB3_16
    181764	40000a52	    8f45	c.or	x14,x9	 x14:0x00000001  x9:0x00000002 x14=0x00000003                                                                           | (anonymous namespace)::ThreadImpl<32u>::ready((anonymous namespace)::ThreadImpl<32u>::WakeReason) / .LBB3_16
    181765	40000a54	    84be	c.mv	x9,x15	  x0:0x00000000 x15:0x00000001  x9=0x00000001                                                                           | (anonymous namespace)::ThreadImpl<32u>::ready((anonymous namespace)::ThreadImpl<32u>::WakeReason) / .LBB3_16
    181766	40000a56	    c298	c.sw	x14,0(c13)	 x13:0x00102148+0x176056980 x14:0x00000003 PA:0x00102148 store:0x000000003                                          | (anonymous namespace)::ThreadImpl<32u>::ready((anonymous namespace)::ThreadImpl<32u>::WakeReason) / .LBB3_16
    181767	40000a58	00a2f463	bgeu	x5,x10,40000a60	  x5:0x00000000 x10:0x00000001                                                                                 | (anonymous namespace)::ThreadImpl<32u>::ready((anonymous namespace)::ThreadImpl<32u>::WakeReason) / .LBB3_16
    181768	40000a5c	00a61023	csh	x10,0(c12)	 x12:0x0010214c+0x176056980 x10:0x00000001 PA:0x0010214c store:0x0????0001                                           | (anonymous namespace)::ThreadImpl<32u>::ready((anonymous namespace)::ThreadImpl<32u>::WakeReason) / .LBB3_16
    181769	40000a60	    e099	c.bnez	x9,40000a66	  x9:0x00000001                                                                                                  | (anonymous namespace)::ThreadImpl<32u>::ready((anonymous namespace)::ThreadImpl<32u>::WakeReason) / .LBB3_16
    181773	40000a66	fea4055b	CH.cmove	c10,c8	  x8:0x00101f08+0x176035108 x10=0x00101f08+0x176035108                                                              | (anonymous namespace)::ThreadImpl<32u>::ready((anonymous namespace)::ThreadImpl<32u>::WakeReason) / .LBB3_16
    181774	40000a6a	421000ef	CH.cjal	c1,4000168a	  x1=0x40000a6e+0x15713427e                                                                                     | (anonymous namespace)::ThreadImpl<32u>::ready((anonymous namespace)::ThreadImpl<32u>::WakeReason) / .LBB3_16
    181779	4000168a	0005b283	CH.clc	c5,0(c11)	 x11:0x00102050+0x176029048  x5=0x00000000+0x000000000 PA:0x00102050 load:0x000000000+0x000000000                  | (anonymous namespace)::ThreadImpl<32u>::list_insert((anonymous namespace)::ThreadImpl<32u>**)
    181783	4000168e	02028a63	beq	x5,x0,400016c2	  x5:0x00000000  x0:0x00000000                                                                                   | (anonymous namespace)::ThreadImpl<32u>::list_insert((anonymous namespace)::ThreadImpl<32u>**)
    181786	400016c2	    e188	c.CH.csc	c10,0(c11)	 x11:0x00102050+0x176029048 x10:0x00101f08+0x176035108 PA:0x00102050 store:0x100101f08+0x176035108              | (anonymous namespace)::ThreadImpl<32u>::list_insert((anonymous namespace)::ThreadImpl<32u>**)
    181788	400016c4	    e108	c.CH.csc	c10,0(c10)	 x10:0x00101f08+0x176035108 x10:0x00101f08+0x176035108 PA:0x00101f08 store:0x100101f08+0x176035108              | (anonymous namespace)::ThreadImpl<32u>::list_insert((anonymous namespace)::ThreadImpl<32u>**)
    181790	400016c6	    e508	c.CH.csc	c10,8(c10)	 x10:0x00101f08+0x176035108 x10:0x00101f08+0x176035108 PA:0x00101f10 store:0x100101f08+0x176035108              | (anonymous namespace)::ThreadImpl<32u>::list_insert((anonymous namespace)::ThreadImpl<32u>**)
    181791	400016c8	    8082	c.CH.cjr	c1	  x1:0x40000a6e+0x15713427e                                                                                             | (anonymous namespace)::ThreadImpl<32u>::list_insert((anonymous namespace)::ThreadImpl<32u>**)
    181794	40000a6e	04c44503	clbu	x10,76(c8)	  x8:0x00101f08+0x176035108 x10=0x00000000 PA:0x00101f54 load:0x00000000                                            | (anonymous namespace)::ThreadImpl<32u>::ready((anonymous namespace)::ThreadImpl<32u>::WakeReason) / .LBB3_16
    181796	40000a72	0fb57513	andi	x10,x10,251	 x10:0x00000000 x10=0x00000000                                                                                     | (anonymous namespace)::ThreadImpl<32u>::ready((anonymous namespace)::ThreadImpl<32u>::WakeReason) / .LBB3_16
    181797	40000a76	04a40623	csb	x10,76(c8)	  x8:0x00101f08+0x176035108 x10:0x00000000 PA:0x00101f54 store:0x0??????00                                           | (anonymous namespace)::ThreadImpl<32u>::ready((anonymous namespace)::ThreadImpl<32u>::WakeReason) / .LBB3_16
    181798	40000a7a	6cd0006f	CH.cjal	c0,40001946	  x0=0x00000000+0x000000000                                                                                     | (anonymous namespace)::ThreadImpl<32u>::ready((anonymous namespace)::ThreadImpl<32u>::WakeReason) / .LBB3_16
    181801	40001946	    60e2	c.CH.clcsp	c1,24(c2)	  x2:0x00101650+0x13e0b80c0  x1=0x40001270+0x15713427e PA:0x00101668 load:0x140001270+0x15713427e              | OUTLINED_FUNCTION_1
    181803	40001948	    6442	c.CH.clcsp	c8,16(c2)	  x2:0x00101650+0x13e0b80c0  x8=0x00000000+0x000000000 PA:0x00101660 load:0x000000000+0x000000000              | OUTLINED_FUNCTION_1
    181805	4000194a	    64a2	c.CH.clcsp	c9,8(c2)	  x2:0x00101650+0x13e0b80c0  x9=0xffffffff+0x000000000 PA:0x00101658 load:0x0ffffffff+0x000000000               | OUTLINED_FUNCTION_1
    181806	4000194c	    6105	c.CH.cinc16csp	c2,32	  x2:0x00101650+0x13e0b80c0  x2=0x00101670+0x13e0b80c0                                                         | OUTLINED_FUNCTION_1
    181807	4000194e	    8082	c.CH.cjr	c1	  x1:0x40001270+0x15713427e                                                                                             | OUTLINED_FUNCTION_1
    181810	40001270	    6282	c.CH.clcsp	c5,0(c2)	  x2:0x00101670+0x13e0b80c0  x5=0x00101fb0+0x1760371b0 PA:0x00101670 load:0x100101fb0+0x1760371b0               | (anonymous namespace)::futex_wake(unsigned int, unsigned int) / .LBB13_11
    181811	40001272	    47b2	c.lwsp	x15,12(c2)	  x2:0x00101670+0x13e0b80c0 x15=0x00101fe0 PA:0x0010167c load:0x00101fe0                                          | (anonymous namespace)::futex_wake(unsigned int, unsigned int) / .LBB13_11
    181812	40001274	    4742	c.lwsp	x14,16(c2)	  x2:0x00101670+0x13e0b80c0 x14=0x00000000 PA:0x00101680 load:0x00000000                                          | (anonymous namespace)::futex_wake(unsigned int, unsigned int) / .LBB13_11
    181813	40001276	    46d2	c.lwsp	x13,20(c2)	  x2:0x00101670+0x13e0b80c0 x13=0x00000000 PA:0x00101684 load:0x00000000                                          | (anonymous namespace)::futex_wake(unsigned int, unsigned int) / .LBB13_11
    181814	40001278	    14fd	c.addi	x9,-1	  x9:0xffffffff  x9=0xfffffffe                                                                                         | (anonymous namespace)::futex_wake(unsigned int, unsigned int) / .LBB13_11
    181815	4000127a	    0705	c.addi	x14,1	 x14:0x00000000 x14=0x00000001                                                                                         | (anonymous namespace)::futex_wake(unsigned int, unsigned int) / .LBB13_11
    181816	4000127c	    bf7d	c.CH.cj	4000123a	                                                                                                                   | (anonymous namespace)::futex_wake(unsigned int, unsigned int) / .LBB13_11
    181820	4000123a	0002b583	CH.clc	c11,0(c5)	  x5:0x00101fb0+0x1760371b0 x11=0x00000000+0x000000000 PA:0x00101fb0 load:0x000000000+0x000000000                  | (anonymous namespace)::futex_wake(unsigned int, unsigned int) / .LBB13_11
    181821	4000123e	fea4055b	CH.cmove	c10,c8	  x8:0x00000000+0x000000000 x10=0x00000000+0x000000000                                                              | (anonymous namespace)::futex_wake(unsigned int, unsigned int) / .LBB13_11
    181822	40001242	    cd15	c.beqz	x10,4000127e	 x10:0x00000000                                                                                                 | (anonymous namespace)::futex_wake(unsigned int, unsigned int) / .LBB13_11
    181824	4000127e	    c889	c.beqz	x9,40001290	  x9:0xfffffffe                                                                                                  | (anonymous namespace)::futex_wake(unsigned int, unsigned int) / .LBB13_11
    181825	40001280	    853e	c.mv	x10,x15	  x0:0x00000000 x15:0x00101fe0 x10=0x00101fe0                                                                          | (anonymous namespace)::futex_wake(unsigned int, unsigned int) / .LBB13_11
    181826	40001282	    85a6	c.mv	x11,x9	  x0:0x00000000  x9:0xfffffffe x11=0xfffffffe                                                                           | (anonymous namespace)::futex_wake(unsigned int, unsigned int) / .LBB13_11
    181827	40001284	    8436	c.mv	x8,x13	  x0:0x00000000 x13:0x00000000  x8=0x00000000                                                                           | (anonymous namespace)::futex_wake(unsigned int, unsigned int) / .LBB13_11
    181828	40001286	    84ba	c.mv	x9,x14	  x0:0x00000000 x14:0x00000001  x9=0x00000001                                                                           | (anonymous namespace)::futex_wake(unsigned int, unsigned int) / .LBB13_11
    181829	40001288	    2e1d	c.CH.cjal	400015be	  x1=0x4000128a+0x15713427e                                                                                      | (anonymous namespace)::futex_wake(unsigned int, unsigned int) / .LBB13_11
    181831	400015be	    7179	c.CH.cinc16csp	c2,-48	  x2:0x00101670+0x13e0b80c0  x2=0x00101640+0x13e0b80c0                                                        | unsigned int MultiWaiterInternal::wake_waiters<unsigned int>(unsigned int, unsigned int)
    181833	400015c0	    f406	c.CH.cscsp	c1,40(c2)	  x2:0x00101640+0x13e0b80c0  x1:0x4000128a+0x15713427e PA:0x00101668 store:0x14000128a+0x15713427e             | unsigned int MultiWaiterInternal::wake_waiters<unsigned int>(unsigned int, unsigned int)
    181835	400015c2	    f022	c.CH.cscsp	c8,32(c2)	  x2:0x00101640+0x13e0b80c0  x8:0x00000000+0x000000000 PA:0x00101660 store:0x000000000+0x000000000             | unsigned int MultiWaiterInternal::wake_waiters<unsigned int>(unsigned int, unsigned int)
    181837	400015c4	    ec26	c.CH.cscsp	c9,24(c2)	  x2:0x00101640+0x13e0b80c0  x9:0x00000001+0x000000000 PA:0x00101658 store:0x000000001+0x000000000             | unsigned int MultiWaiterInternal::wake_waiters<unsigned int>(unsigned int, unsigned int)
    181838	400015c6	    c82e	c.swsp	x11,16(c2)	  x2:0x00101640+0x13e0b80c0 x11:0xfffffffe PA:0x00101650 store:0x0fffffffe                                        | unsigned int MultiWaiterInternal::wake_waiters<unsigned int>(unsigned int, unsigned int)
    181839	400015c8	    c62a	c.swsp	x10,12(c2)	  x2:0x00101640+0x13e0b80c0 x10:0x00101fe0 PA:0x0010164c store:0x000101fe0                                        | unsigned int MultiWaiterInternal::wake_waiters<unsigned int>(unsigned int, unsigned int)
    181840	400015ca	00c1955b	CH.cincaddrimm	c10,c3,12	  x3:0x00102034+0x176056980 x10=0x00102040+0x176056980                                                     | unsigned int MultiWaiterInternal::wake_waiters<unsigned int>(unsigned int, unsigned int) / .LBB27_8
    181841	400015ce	0085255b	CH.csetboundsimm	c10,c10,8	 x10:0x00102040+0x176056980 x10=0x00102040+0x176009040                                                   | unsigned int MultiWaiterInternal::wake_waiters<unsigned int>(unsigned int, unsigned int) / .LBB27_8
    181843	400015d2	    e02a	c.CH.cscsp	c10,0(c2)	  x2:0x00101640+0x13e0b80c0 x10:0x00102040+0x176009040 PA:0x00101640 store:0x100102040+0x176009040             | unsigned int MultiWaiterInternal::wake_waiters<unsigned int>(unsigned int, unsigned int) / .LBB27_8
    181845	400015d4	    6104	c.CH.clc	c9,0(c10)	 x10:0x00102040+0x176009040  x9=0x00000000+0x000000000 PA:0x00102040 load:0x000000000+0x000000000                | unsigned int MultiWaiterInternal::wake_waiters<unsigned int>(unsigned int, unsigned int) / .LBB27_8
    181846	400015d6	    ca02	c.swsp	x0,20(c2)	  x2:0x00101640+0x13e0b80c0  x0:0x00000000 PA:0x00101654 store:0x000000000                                         | unsigned int MultiWaiterInternal::wake_waiters<unsigned int>(unsigned int, unsigned int) / .LBB27_8
    181849	400015d8	fea4845b	CH.cmove	c8,c9	  x9:0x00000000+0x000000000  x8=0x00000000+0x000000000                                                               | unsigned int MultiWaiterInternal::wake_waiters<unsigned int>(unsigned int, unsigned int) / .LBB27_8
    181850	400015dc	    cc05	c.beqz	x8,40001614	  x8:0x00000000                                                                                                  | unsigned int MultiWaiterInternal::wake_waiters<unsigned int>(unsigned int, unsigned int) / .LBB27_8
    181852	40001614	    4552	c.lwsp	x10,20(c2)	  x2:0x00101640+0x13e0b80c0 x10=0x00000000 PA:0x00101654 load:0x00000000                                          | unsigned int MultiWaiterInternal::wake_waiters<unsigned int>(unsigned int, unsigned int) / .LBB27_8
    181854	40001616	    70a2	c.CH.clcsp	c1,40(c2)	  x2:0x00101640+0x13e0b80c0  x1=0x4000128a+0x15713427e PA:0x00101668 load:0x14000128a+0x15713427e              | unsigned int MultiWaiterInternal::wake_waiters<unsigned int>(unsigned int, unsigned int) / .LBB27_8
    181856	40001618	    7402	c.CH.clcsp	c8,32(c2)	  x2:0x00101640+0x13e0b80c0  x8=0x00000000+0x000000000 PA:0x00101660 load:0x000000000+0x000000000              | unsigned int MultiWaiterInternal::wake_waiters<unsigned int>(unsigned int, unsigned int) / .LBB27_8
    181858	4000161a	    64e2	c.CH.clcsp	c9,24(c2)	  x2:0x00101640+0x13e0b80c0  x9=0x00000001+0x000000000 PA:0x00101658 load:0x000000001+0x000000000              | unsigned int MultiWaiterInternal::wake_waiters<unsigned int>(unsigned int, unsigned int) / .LBB27_8
    181859	4000161c	    6145	c.CH.cinc16csp	c2,48	  x2:0x00101640+0x13e0b80c0  x2=0x00101670+0x13e0b80c0                                                         | unsigned int MultiWaiterInternal::wake_waiters<unsigned int>(unsigned int, unsigned int) / .LBB27_8
    181860	4000161e	    8082	c.CH.cjr	c1	  x1:0x4000128a+0x15713427e                                                                                             | unsigned int MultiWaiterInternal::wake_waiters<unsigned int>(unsigned int, unsigned int) / .LBB27_8
    181862	4000128a	    86a2	c.mv	x13,x8	  x0:0x00000000  x8:0x00000000 x13=0x00000000                                                                           | (anonymous namespace)::futex_wake(unsigned int, unsigned int) / .LBB13_11
    181863	4000128c	00950733	add	x14,x10,x9	 x10:0x00000000  x9:0x00000001 x14=0x00000001                                                                        | (anonymous namespace)::futex_wake(unsigned int, unsigned int) / .LBB13_11
    181864	40001290	0ff6f513	andi	x10,x13,255	 x13:0x00000000 x10=0x00000000                                                                                     | (anonymous namespace)::futex_wake(unsigned int, unsigned int) / .LBB13_11
    181865	40001294	    85ba	c.mv	x11,x14	  x0:0x00000000 x14:0x00000001 x11=0x00000001                                                                          | (anonymous namespace)::futex_wake(unsigned int, unsigned int) / .LBB13_11
    181866	40001296	    a55d	c.CH.cj	4000193c	                                                                                                                   | (anonymous namespace)::futex_wake(unsigned int, unsigned int) / .LBB13_11
    181869	4000193c	    70a2	c.CH.clcsp	c1,40(c2)	  x2:0x00101670+0x13e0b80c0  x1=0x40000b9a+0x15713427e PA:0x00101698 load:0x140000b9a+0x15713427e              | OUTLINED_FUNCTION_0
    181871	4000193e	    7402	c.CH.clcsp	c8,32(c2)	  x2:0x00101670+0x13e0b80c0  x8=0x00102150+0x176056980 PA:0x00101690 load:0x100102150+0x176056980              | OUTLINED_FUNCTION_0
    181873	40001940	    64e2	c.CH.clcsp	c9,24(c2)	  x2:0x00101670+0x13e0b80c0  x9=0x00102030+0x176056980 PA:0x00101688 load:0x100102030+0x176056980              | OUTLINED_FUNCTION_0
    181874	40001942	    6145	c.CH.cinc16csp	c2,48	  x2:0x00101670+0x13e0b80c0  x2=0x001016a0+0x13e0b80c0                                                         | OUTLINED_FUNCTION_0
    181875	40001944	    8082	c.CH.cjr	c1	  x1:0x40000b9a+0x15713427e                                                                                             | OUTLINED_FUNCTION_0
    181878	40000b9a	00b04663	blt	x0,x11,40000ba6	  x0:0x00000000 x11:0x00000001                                                                                  | exception_entry(TrustedStackGeneric<0u>* __sealed_capability, unsigned int, unsigned int, unsigned int) / .LBB4_73
    181881	40000ba6	    ec22	c.CH.cscsp	c8,24(c2)	  x2:0x001016a0+0x13e0b80c0  x8:0x00102150+0x176056980 PA:0x001016b8 store:0x100102150+0x176056980             | exception_entry(TrustedStackGeneric<0u>* __sealed_capability, unsigned int, unsigned int, unsigned int) / .LBB4_73
    181882	40000ba8	205000ef	CH.cjal	c1,400015ac	  x1=0x40000bac+0x15713427e                                                                                     | exception_entry(TrustedStackGeneric<0u>* __sealed_capability, unsigned int, unsigned int, unsigned int) / .LBB4_73
    181884	400015ac	fec1955b	CH.cincaddrimm	c10,c3,-20	  x3:0x00102034+0x176056980 x10=0x00102020+0x176056980                                                    | OpenTitanUart::blocking_write(unsigned char) volatile / .LBB26_3/StandardClint::time()
    181886	400015b0	    6110	c.CH.clc	c12,0(c10)	 x10:0x00102020+0x176056980 x12=0x8004bff8+0x1660001f8 PA:0x00102020 load:0x18004bff8+0x1660001f8               | OpenTitanUart::blocking_write(unsigned char) volatile / .LBB26_3/StandardClint::time()
    181890	400015b2	    424c	c.lw	x11,4(c12)	 x12:0x8004bff8+0x1660001f8 x11=0x00000001 PA:0x8004bffc load:0x00000001                                            | OpenTitanUart::blocking_write(unsigned char) volatile / .LBB26_3/StandardClint::time()
    181892	400015b4	    4208	c.lw	x10,0(c12)	 x12:0x8004bff8+0x1660001f8 x10=0x0000d843 PA:0x8004bff8 load:0x0000d843                                            | OpenTitanUart::blocking_write(unsigned char) volatile / .LBB26_3/StandardClint::time()
    181894	400015b6	    4254	c.lw	x13,4(c12)	 x12:0x8004bff8+0x1660001f8 x13=0x00000001 PA:0x8004bffc load:0x00000001                                            | OpenTitanUart::blocking_write(unsigned char) volatile / .LBB26_3/StandardClint::time()
    181896	400015b8	fed59de3	bne	x11,x13,400015b2	 x11:0x00000001 x13:0x00000001                                                                                 | OpenTitanUart::blocking_write(unsigned char) volatile / .LBB26_3/StandardClint::time()
    181897	400015bc	    8082	c.CH.cjr	c1	  x1:0x40000bac+0x15713427e                                                                                             | OpenTitanUart::blocking_write(unsigned char) volatile / .LBB26_3/StandardClint::time()
    181899	40000bac	    842e	c.mv	x8,x11	  x0:0x00000000 x11:0x00000001  x8=0x00000001                                                                           | exception_entry(TrustedStackGeneric<0u>* __sealed_capability, unsigned int, unsigned int, unsigned int) / .LBB4_73
    181900	40000bae	fe4195db	CH.cincaddrimm	c11,c3,-28	  x3:0x00102034+0x176056980 x11=0x00102018+0x176056980                                                    | exception_entry(TrustedStackGeneric<0u>* __sealed_capability, unsigned int, unsigned int, unsigned int) / .LBB4_74
    181901	40000bb2	    4190	c.lw	x12,0(c11)	 x11:0x00102018+0x176056980 x12=0x0001ec6d PA:0x00102018 load:0x0001ec6d                                            | exception_entry(TrustedStackGeneric<0u>* __sealed_capability, unsigned int, unsigned int, unsigned int) / .LBB4_74
    181902	40000bb4	    41d4	c.lw	x13,4(c11)	 x11:0x00102018+0x176056980 x13=0x00000000 PA:0x0010201c load:0x00000000                                            | exception_entry(TrustedStackGeneric<0u>* __sealed_capability, unsigned int, unsigned int, unsigned int) / .LBB4_74
    181903	40000bb6	00c535b3	sltu	x11,x10,x12	 x10:0x0000d843 x12:0x0001ec6d x11=0x00000001                                                                      | exception_entry(TrustedStackGeneric<0u>* __sealed_capability, unsigned int, unsigned int, unsigned int) / .LBB4_74
    181904	40000bba	40d406b3	sub	x13,x8,x13	  x8:0x00000001 x13:0x00000000 x13=0x00000001                                                                        | exception_entry(TrustedStackGeneric<0u>* __sealed_capability, unsigned int, unsigned int, unsigned int) / .LBB4_74
    181905	40000bbe	40b685b3	sub	x11,x13,x11	 x13:0x00000001 x11:0x00000001 x11=0x00000000                                                                       | exception_entry(TrustedStackGeneric<0u>* __sealed_capability, unsigned int, unsigned int, unsigned int) / .LBB4_74
    181906	40000bc2	    de2a	c.swsp	x10,60(c2)	  x2:0x001016a0+0x13e0b80c0 x10:0x0000d843 PA:0x001016dc store:0x00000d843                                        | exception_entry(TrustedStackGeneric<0u>* __sealed_capability, unsigned int, unsigned int, unsigned int) / .LBB4_74
    181907	40000bc4	    8d11	c.sub	x10,x12	 x10:0x0000d843 x12:0x0001ec6d x10=0xfffeebd6                                                                         | exception_entry(TrustedStackGeneric<0u>* __sealed_capability, unsigned int, unsigned int, unsigned int) / .LBB4_74
    181908	40000bc6	00062637	lui	x12,0x62	 x12=0x00062000                                                                                                        | exception_entry(TrustedStackGeneric<0u>* __sealed_capability, unsigned int, unsigned int, unsigned int) / .LBB4_74
    181909	40000bca	a8060613	addi	x12,x12,-1408	 x12:0x00062000 x12=0x00061a80                                                                                   | exception_entry(TrustedStackGeneric<0u>* __sealed_capability, unsigned int, unsigned int, unsigned int) / .LBB4_74
    181910	40000bce	    4681	c.li	x13,0	 x13=0x00000000                                                                                                          | exception_entry(TrustedStackGeneric<0u>* __sealed_capability, unsigned int, unsigned int, unsigned int) / .LBB4_74
    181911	40000bd0	00000397	CH.auipcc	c7,0x0	  x7=0x40000bd0+0x15613427e                                                                                        | exception_entry(TrustedStackGeneric<0u>* __sealed_capability, unsigned int, unsigned int, unsigned int) / .LBB4_75
    181913	40000bd4	c403b383	CH.clc	c7,-960(c7)	  x7:0x40000bd0+0x15613427e  x7=0x400049a8+0x15648f4f0 PA:0x40000810 load:0x1400049a8+0x15648f4f0                | exception_entry(TrustedStackGeneric<0u>* __sealed_capability, unsigned int, unsigned int, unsigned int) / .LBB4_75
    181917	40000bd8	    9382	c.CH.cjalr	c7	  x7:0x400049a8+0x15648f4f0  x1=0x40000bda+0x15713427e                                                                | exception_entry(TrustedStackGeneric<0u>* __sealed_capability, unsigned int, unsigned int, unsigned int) / .LBB4_75
    181919	400049a8	    717d	c.CH.cinc16csp	c2,-16	  x2:0x001016a0+0x13e0b80c0  x2=0x00101690+0x13e0b80c0                                                        | __udivdi3
    181921	400049aa	    e406	c.CH.cscsp	c1,8(c2)	  x2:0x00101690+0x13e0b80c0  x1:0x40000bda+0x15713427e PA:0x00101698 store:0x140000bda+0x15713427e              | __udivdi3
    181922	400049ac	fea0075b	CH.cmove	c14,c0	  x0:0x00000000+0x000000000 x14=0x00000000+0x000000000                                                              | __udivdi3
    181923	400049b0	    31fd	c.CH.cjal	4000469e	  x1=0x400049b2+0x15708f4f0                                                                                      | __udivdi3
    181925	4000469e	    7139	c.CH.cinc16csp	c2,-64	  x2:0x00101690+0x13e0b80c0  x2=0x00101650+0x13e0b80c0                                                        | __divmoddi4
    181927	400046a0	    fc06	c.CH.cscsp	c1,56(c2)	  x2:0x00101650+0x13e0b80c0  x1:0x400049b2+0x15708f4f0 PA:0x00101688 store:0x1400049b2+0x15708f4f0             | __divmoddi4
    181929	400046a2	    f822	c.CH.cscsp	c8,48(c2)	  x2:0x00101650+0x13e0b80c0  x8:0x00000001+0x000000000 PA:0x00101680 store:0x000000001+0x000000000             | __divmoddi4
    181931	400046a4	    f426	c.CH.cscsp	c9,40(c2)	  x2:0x00101650+0x13e0b80c0  x9:0x00102030+0x176056980 PA:0x00101678 store:0x100102030+0x176056980             | __divmoddi4
    181932	400046a6	    84aa	c.mv	x9,x10	  x0:0x00000000 x10:0xfffeebd6  x9=0xfffeebd6                                                                           | __divmoddi4
    181933	400046a8	04b68163	beq	x13,x11,400046ea	 x13:0x00000000 x11:0x00000000                                                                                 | __divmoddi4
    181936	400046ea	00c4b533	sltu	x10,x9,x12	  x9:0xfffeebd6 x12:0x00061a80 x10=0x00000000                                                                       | __divmoddi4
    181937	400046ee	    d171	c.beqz	x10,400046b2	 x10:0x00000000                                                                                                 | __divmoddi4
    181939	400046b2	    e6a9	c.bnez	x13,400046fc	 x13:0x00000000                                                                                                 | __divmoddi4
    181940	400046b4	    4505	c.li	x10,1	 x10=0x00000001                                                                                                          | __divmoddi4
    181941	400046b6	10a60d63	beq	x12,x10,400047d0	 x12:0x00061a80 x10:0x00000001                                                                                 | __divmoddi4
    181942	400046ba	    ea11	c.bnez	x12,400046ce	 x12:0x00061a80                                                                                                 | __divmoddi4
    181946	400046ce	    e59d	c.bnez	x11,400046fc	 x11:0x00000000                                                                                                 | __divmoddi4
    181984	400046d0	02c4d533	divu	x10,x9,x12	  x9:0xfffeebd6 x12:0x00061a80 x10=0x000029f1                                                                       | __divmoddi4
    181985	400046d4	    cb01	c.beqz	x14,400046e4	 x14:0x00000000                                                                                                 | __divmoddi4
    181987	400046e4	    4581	c.li	x11,0	 x11=0x00000000                                                                                                          | __divmoddi4
    181988	400046e6	    84aa	c.mv	x9,x10	  x0:0x00000000 x10:0x000029f1  x9=0x000029f1                                                                           | __divmoddi4
    181989	400046e8	    a8f1	c.CH.cj	400047c4	                                                                                                                   | __divmoddi4
    181991	400047c4	    8526	c.mv	x10,x9	  x0:0x00000000  x9:0x000029f1 x10=0x000029f1                                                                           | __divmoddi4 / .LBB7_24
    181993	400047c6	    70e2	c.CH.clcsp	c1,56(c2)	  x2:0x00101650+0x13e0b80c0  x1=0x400049b2+0x15708f4f0 PA:0x00101688 load:0x1400049b2+0x15708f4f0              | __divmoddi4 / .LBB7_24
    181995	400047c8	    7442	c.CH.clcsp	c8,48(c2)	  x2:0x00101650+0x13e0b80c0  x8=0x00000001+0x000000000 PA:0x00101680 load:0x000000001+0x000000000              | __divmoddi4 / .LBB7_24
    181997	400047ca	    74a2	c.CH.clcsp	c9,40(c2)	  x2:0x00101650+0x13e0b80c0  x9=0x00102030+0x176056980 PA:0x00101678 load:0x100102030+0x176056980              | __divmoddi4 / .LBB7_24
    181998	400047cc	    6121	c.CH.cinc16csp	c2,64	  x2:0x00101650+0x13e0b80c0  x2=0x00101690+0x13e0b80c0                                                         | __divmoddi4 / .LBB7_24
    181999	400047ce	    8082	c.CH.cjr	c1	  x1:0x400049b2+0x15708f4f0                                                                                             | __divmoddi4 / .LBB7_24
    182002	400049b2	    60a2	c.CH.clcsp	c1,8(c2)	  x2:0x00101690+0x13e0b80c0  x1=0x40000bda+0x15713427e PA:0x00101698 load:0x140000bda+0x15713427e               | __udivdi3
    182003	400049b4	    6141	c.CH.cinc16csp	c2,16	  x2:0x00101690+0x13e0b80c0  x2=0x001016a0+0x13e0b80c0                                                         | __udivdi3
    182006	400049b6	    8082	c.CH.cjr	c1	  x1:0x40000bda+0x15713427e                                                                                             | __udivdi3
    182008	40000bda	    862a	c.mv	x12,x10	  x0:0x00000000 x10:0x000029f1 x12=0x000029f1                                                                          | exception_entry(TrustedStackGeneric<0u>* __sealed_capability, unsigned int, unsigned int, unsigned int) / .LBB4_75
    182010	40000bdc	    6506	c.CH.clcsp	c10,64(c2)	  x2:0x001016a0+0x13e0b80c0 x10=0x00102038+0x176056980 PA:0x001016e0 load:0x100102038+0x176056980             | exception_entry(TrustedStackGeneric<0u>* __sealed_capability, unsigned int, unsigned int, unsigned int) / .LBB4_75
    182015	40000bde	    6108	c.CH.clc	c10,0(c10)	 x10:0x00102038+0x176056980 x10=0x00000000+0x000000000 PA:0x00102038 load:0x000000000+0x000000000               | exception_entry(TrustedStackGeneric<0u>* __sealed_capability, unsigned int, unsigned int, unsigned int) / .LBB4_75
    182016	40000be0	f74196db	CH.cincaddrimm	c13,c3,-140	  x3:0x00102034+0x176056980 x13=0x00101fa8+0x176056980                                                   | exception_entry(TrustedStackGeneric<0u>* __sealed_capability, unsigned int, unsigned int, unsigned int) / .LBB4_76
    182017	40000be4	    c2cc	c.sw	x11,4(c13)	 x13:0x00101fa8+0x176056980 x11:0x00000000 PA:0x00101fac store:0x000000000                                          | exception_entry(TrustedStackGeneric<0u>* __sealed_capability, unsigned int, unsigned int, unsigned int) / .LBB4_76
    182018	40000be6	    c290	c.sw	x12,0(c13)	 x13:0x00101fa8+0x176056980 x12:0x000029f1 PA:0x00101fa8 store:0x0000029f1                                          | exception_entry(TrustedStackGeneric<0u>* __sealed_capability, unsigned int, unsigned int, unsigned int) / .LBB4_76
    182019	40000be8	    c91d	c.beqz	x10,40000c1e	 x10:0x00000000                                                                                                 | exception_entry(TrustedStackGeneric<0u>* __sealed_capability, unsigned int, unsigned int, unsigned int) / .LBB4_76
    182022	40000c1e	    6462	c.CH.clcsp	c8,24(c2)	  x2:0x001016a0+0x13e0b80c0  x8=0x00102150+0x176056980 PA:0x001016b8 load:0x100102150+0x176056980              | exception_entry(TrustedStackGeneric<0u>* __sealed_capability, unsigned int, unsigned int, unsigned int) / .LBB4_76
    182027	40000c20	    6008	c.CH.clc	c10,0(c8)	  x8:0x00102150+0x176056980 x10=0x00101f58+0x176035108 PA:0x00102150 load:0x100101f58+0x176035108                | exception_entry(TrustedStackGeneric<0u>* __sealed_capability, unsigned int, unsigned int, unsigned int) / .LBB4_76
    182028	40000c22	    55b2	c.lwsp	x11,44(c2)	  x2:0x001016a0+0x13e0b80c0 x11=0x00000001 PA:0x001016cc load:0x00000001                                          | exception_entry(TrustedStackGeneric<0u>* __sealed_capability, unsigned int, unsigned int, unsigned int) / .LBB4_76
    182030	40000c24	    c5ad	c.beqz	x11,40000c8e	 x11:0x00000001                                                                                                 | exception_entry(TrustedStackGeneric<0u>* __sealed_capability, unsigned int, unsigned int, unsigned int) / .LBB4_76
    182032	40000c26	    66c2	c.CH.clcsp	c13,16(c2)	  x2:0x001016a0+0x13e0b80c0 x13=0x00102048+0x176029048 PA:0x001016b0 load:0x100102048+0x176029048             | exception_entry(TrustedStackGeneric<0u>* __sealed_capability, unsigned int, unsigned int, unsigned int) / .LBB4_76
    182033	40000c28	    cd19	c.beqz	x10,40000c46	 x10:0x00101f58                                                                                                 | exception_entry(TrustedStackGeneric<0u>* __sealed_capability, unsigned int, unsigned int, unsigned int) / .LBB4_76
    182034	40000c2a	04c54583	clbu	x11,76(c10)	 x10:0x00101f58+0x176035108 x11=0x00000000 PA:0x00101fa4 load:0x00000000                                           | exception_entry(TrustedStackGeneric<0u>* __sealed_capability, unsigned int, unsigned int, unsigned int) / .LBB4_76
    182036	40000c2e	    898d	c.andi	x11,3	 x11:0x00000000 x11=0x00000000                                                                                         | exception_entry(TrustedStackGeneric<0u>* __sealed_capability, unsigned int, unsigned int, unsigned int) / .LBB4_76
    182037	40000c30	    e981	c.bnez	x11,40000c40	 x11:0x00000000                                                                                                 | exception_entry(TrustedStackGeneric<0u>* __sealed_capability, unsigned int, unsigned int, unsigned int) / .LBB4_76
    182038	40000c32	04a54583	clbu	x11,74(c10)	 x10:0x00101f58+0x176035108 x11=0x00000000 PA:0x00101fa2 load:0x00000000                                           | exception_entry(TrustedStackGeneric<0u>* __sealed_capability, unsigned int, unsigned int, unsigned int) / .LBB4_76
    182040	40000c36	    6510	c.CH.clc	c12,8(c10)	 x10:0x00101f58+0x176035108 x12=0x00101f58+0x176035108 PA:0x00101f60 load:0x100101f58+0x176035108               | exception_entry(TrustedStackGeneric<0u>* __sealed_capability, unsigned int, unsigned int, unsigned int) / .LBB4_76
    182041	40000c38	    058e	c.slli	x11,0x3	 x11:0x00000000 x11=0x00000000                                                                                       | exception_entry(TrustedStackGeneric<0u>* __sealed_capability, unsigned int, unsigned int, unsigned int) / .LBB4_76
    182042	40000c3a	22b685db	CH.cincaddr	c11,c13,x11	 x13:0x00102048+0x176029048 x11:0x00000000 x11=0x00102048+0x176029048                                       | exception_entry(TrustedStackGeneric<0u>* __sealed_capability, unsigned int, unsigned int, unsigned int) / .LBB4_76
    182045	40000c3e	    e190	c.CH.csc	c12,0(c11)	 x11:0x00102048+0x176029048 x12:0x00101f58+0x176035108 PA:0x00102048 store:0x100101f58+0x176035108              | exception_entry(TrustedStackGeneric<0u>* __sealed_capability, unsigned int, unsigned int, unsigned int) / .LBB4_76
    182047	40000c40	    75c2	c.CH.clcsp	c11,48(c2)	  x2:0x001016a0+0x13e0b80c0 x11=0x001011e0+0x17e8201e0 PA:0x001016d0 load:0x1001011e0+0x17e8201e0             | exception_entry(TrustedStackGeneric<0u>* __sealed_capability, unsigned int, unsigned int, unsigned int) / .LBB4_76
    182052	40000c42	    e12c	c.CH.csc	c11,64(c10)	 x10:0x00101f58+0x176035108 x11:0x001011e0+0x17e8201e0 PA:0x00101f98 store:0x1001011e0+0x17e8201e0             | exception_entry(TrustedStackGeneric<0u>* __sealed_capability, unsigned int, unsigned int, unsigned int) / .LBB4_76
    182053	40000c44	    a039	c.CH.cj	40000c52	                                                                                                                   | exception_entry(TrustedStackGeneric<0u>* __sealed_capability, unsigned int, unsigned int, unsigned int) / .LBB4_76
    182056	40000c52	118195db	CH.cincaddrimm	c11,c3,280	  x3:0x00102034+0x176056980 x11=0x0010214c+0x176056980                                                    | exception_entry(TrustedStackGeneric<0u>* __sealed_capability, unsigned int, unsigned int, unsigned int) / .LBB4_78
    182057	40000c56	0005d583	clhu	x11,0(c11)	 x11:0x0010214c+0x176056980 x11=0x00000001 PA:0x0010214c load:0x00000001                                            | exception_entry(TrustedStackGeneric<0u>* __sealed_capability, unsigned int, unsigned int, unsigned int) / .LBB4_78
    182059	40000c5a	    058e	c.slli	x11,0x3	 x11:0x00000001 x11=0x00000008                                                                                       | exception_entry(TrustedStackGeneric<0u>* __sealed_capability, unsigned int, unsigned int, unsigned int) / .LBB4_78
    182060	40000c5c	22b685db	CH.cincaddr	c11,c13,x11	 x13:0x00102048+0x176029048 x11:0x00000008 x11=0x00102050+0x176029048                                       | exception_entry(TrustedStackGeneric<0u>* __sealed_capability, unsigned int, unsigned int, unsigned int) / .LBB4_78
    182062	40000c60	    6190	c.CH.clc	c12,0(c11)	 x11:0x00102050+0x176029048 x12=0x00101f08+0x176035108 PA:0x00102050 load:0x100101f08+0x176035108               | exception_entry(TrustedStackGeneric<0u>* __sealed_capability, unsigned int, unsigned int, unsigned int) / .LBB4_78
    182067	40000c62	    e010	c.CH.csc	c12,0(c8)	  x8:0x00102150+0x176056980 x12:0x00101f08+0x176035108 PA:0x00102150 store:0x100101f08+0x176035108               | exception_entry(TrustedStackGeneric<0u>* __sealed_capability, unsigned int, unsigned int, unsigned int) / .LBB4_78
    182068	40000c64	    ca19	c.beqz	x12,40000c7a	 x12:0x00101f08                                                                                                 | exception_entry(TrustedStackGeneric<0u>* __sealed_capability, unsigned int, unsigned int, unsigned int) / .LBB4_78
    182069	40000c66	00a60763	beq	x12,x10,40000c74	 x12:0x00101f08 x10:0x00101f58                                                                                 | exception_entry(TrustedStackGeneric<0u>* __sealed_capability, unsigned int, unsigned int, unsigned int) / .LBB4_78
    182070	40000c6a	143000ef	CH.cjal	c1,400015ac	  x1=0x40000c6e+0x15713427e                                                                                     | exception_entry(TrustedStackGeneric<0u>* __sealed_capability, unsigned int, unsigned int, unsigned int) / .LBB4_78
    182072	400015ac	fec1955b	CH.cincaddrimm	c10,c3,-20	  x3:0x00102034+0x176056980 x10=0x00102020+0x176056980                                                    | OpenTitanUart::blocking_write(unsigned char) volatile / .LBB26_3/StandardClint::time()
    182074	400015b0	    6110	c.CH.clc	c12,0(c10)	 x10:0x00102020+0x176056980 x12=0x8004bff8+0x1660001f8 PA:0x00102020 load:0x18004bff8+0x1660001f8               | OpenTitanUart::blocking_write(unsigned char) volatile / .LBB26_3/StandardClint::time()
    182078	400015b2	    424c	c.lw	x11,4(c12)	 x12:0x8004bff8+0x1660001f8 x11=0x00000001 PA:0x8004bffc load:0x00000001                                            | OpenTitanUart::blocking_write(unsigned char) volatile / .LBB26_3/StandardClint::time()
    182080	400015b4	    4208	c.lw	x10,0(c12)	 x12:0x8004bff8+0x1660001f8 x10=0x0000d8ff PA:0x8004bff8 load:0x0000d8ff                                            | OpenTitanUart::blocking_write(unsigned char) volatile / .LBB26_3/StandardClint::time()
    182082	400015b6	    4254	c.lw	x13,4(c12)	 x12:0x8004bff8+0x1660001f8 x13=0x00000001 PA:0x8004bffc load:0x00000001                                            | OpenTitanUart::blocking_write(unsigned char) volatile / .LBB26_3/StandardClint::time()
    182084	400015b8	fed59de3	bne	x11,x13,400015b2	 x11:0x00000001 x13:0x00000001                                                                                 | OpenTitanUart::blocking_write(unsigned char) volatile / .LBB26_3/StandardClint::time()
    182085	400015bc	    8082	c.CH.cjr	c1	  x1:0x40000c6e+0x15713427e                                                                                             | OpenTitanUart::blocking_write(unsigned char) volatile / .LBB26_3/StandardClint::time()
    182088	40000c6e	    6010	c.CH.clc	c12,0(c8)	  x8:0x00102150+0x176056980 x12=0x00101f08+0x176035108 PA:0x00102150 load:0x100101f08+0x176035108                | exception_entry(TrustedStackGeneric<0u>* __sealed_capability, unsigned int, unsigned int, unsigned int) / .LBB4_78
    182092	40000c70	    d64c	c.sw	x11,44(c12)	 x12:0x00101f08+0x176035108 x11:0x00000001 PA:0x00101f34 store:0x000000001                                         | exception_entry(TrustedStackGeneric<0u>* __sealed_capability, unsigned int, unsigned int, unsigned int) / .LBB4_78
    182093	40000c72	    d608	c.sw	x10,40(c12)	 x12:0x00101f08+0x176035108 x10:0x0000d8ff PA:0x00101f30 store:0x00000d8ff                                         | exception_entry(TrustedStackGeneric<0u>* __sealed_capability, unsigned int, unsigned int, unsigned int) / .LBB4_78
    182094	40000c74	0406155b	CH.cincaddrimm	c10,c12,64	 x12:0x00101f08+0x176035108 x10=0x00101f48+0x176035108                                                    | exception_entry(TrustedStackGeneric<0u>* __sealed_capability, unsigned int, unsigned int, unsigned int) / .LBB4_78
    182095	40000c78	    a039	c.CH.cj	40000c86	                                                                                                                   | exception_entry(TrustedStackGeneric<0u>* __sealed_capability, unsigned int, unsigned int, unsigned int) / .LBB4_78
    182098	40000c86	    6108	c.CH.clc	c10,0(c10)	 x10:0x00101f48+0x176035108 x10=0x001010c0+0x17e83c0c0 PA:0x00101f48 load:0x1001010c0+0x17e83c0c0               | exception_entry(TrustedStackGeneric<0u>* __sealed_capability, unsigned int, unsigned int, unsigned int) / .LBB4_79
    182103	40000c88	    f82a	c.CH.cscsp	c10,48(c2)	  x2:0x001016a0+0x13e0b80c0 x10:0x001010c0+0x17e83c0c0 PA:0x001016d0 store:0x1001010c0+0x17e83c0c0            | exception_entry(TrustedStackGeneric<0u>* __sealed_capability, unsigned int, unsigned int, unsigned int) / .LBB4_79
    182104	40000c8a	fea6055b	CH.cmove	c10,c12	 x12:0x00101f08+0x176035108 x10=0x00101f08+0x176035108                                                             | exception_entry(TrustedStackGeneric<0u>* __sealed_capability, unsigned int, unsigned int, unsigned int) / .LBB4_79
    182106	40000c8e	    6586	c.CH.clcsp	c11,64(c2)	  x2:0x001016a0+0x13e0b80c0 x11=0x00102038+0x176056980 PA:0x001016e0 load:0x100102038+0x176056980             | exception_entry(TrustedStackGeneric<0u>* __sealed_capability, unsigned int, unsigned int, unsigned int) / .LBB4_79
    182111	40000c90	    618c	c.CH.clc	c11,0(c11)	 x11:0x00102038+0x176056980 x11=0x00000000+0x000000000 PA:0x00102038 load:0x000000000+0x000000000               | exception_entry(TrustedStackGeneric<0u>* __sealed_capability, unsigned int, unsigned int, unsigned int) / .LBB4_79
    182115	40000c92	    c989	c.beqz	x11,40000ca4	 x11:0x00000000                                                                                                 | exception_entry(TrustedStackGeneric<0u>* __sealed_capability, unsigned int, unsigned int, unsigned int) / .LBB4_79
    182117	40000ca4	    c905	c.beqz	x10,40000cd4	 x10:0x00101f08                                                                                                 | exception_entry(TrustedStackGeneric<0u>* __sealed_capability, unsigned int, unsigned int, unsigned int) / .LBB4_79
    182118	40000ca6	    4405	c.li	x8,1	  x8=0x00000001                                                                                                           | exception_entry(TrustedStackGeneric<0u>* __sealed_capability, unsigned int, unsigned int, unsigned int) / .LBB4_79
    182120	40000ca8	    650c	c.CH.clc	c11,8(c10)	 x10:0x00101f08+0x176035108 x11=0x00101f08+0x176035108 PA:0x00101f10 load:0x100101f08+0x176035108               | exception_entry(TrustedStackGeneric<0u>* __sealed_capability, unsigned int, unsigned int, unsigned int) / .LBB4_79
    182121	40000caa	    c019	c.beqz	x8,40000cb0	  x8:0x00000001                                                                                                  | exception_entry(TrustedStackGeneric<0u>* __sealed_capability, unsigned int, unsigned int, unsigned int) / .LBB4_79
    182124	40000cac	02a58463	beq	x11,x10,40000cd4	 x11:0x00101f08 x10:0x00101f08                                                                                 | exception_entry(TrustedStackGeneric<0u>* __sealed_capability, unsigned int, unsigned int, unsigned int) / .LBB4_79
    182126	40000cd4	ff41955b	CH.cincaddrimm	c10,c3,-12	  x3:0x00102034+0x176056980 x10=0x00102028+0x176056980                                                    | exception_entry(TrustedStackGeneric<0u>* __sealed_capability, unsigned int, unsigned int, unsigned int) / .LBB4_80
    182129	40000cd8	    6108	c.CH.clc	c10,0(c10)	 x10:0x00102028+0x176056980 x10=0x80044000+0x166001000 PA:0x00102028 load:0x180044000+0x166001000               | exception_entry(TrustedStackGeneric<0u>* __sealed_capability, unsigned int, unsigned int, unsigned int) / .LBB4_80
    182130	40000cda	    55fd	c.li	x11,-1	 x11=0xffffffff                                                                                                         | exception_entry(TrustedStackGeneric<0u>* __sealed_capability, unsigned int, unsigned int, unsigned int) / .LBB4_80
    182133	40000cdc	    c14c	c.sw	x11,4(c10)	 x10:0x80044000+0x166001000 x11:0xffffffff PA:0x80044004 store:0x0ffffffff                                          | exception_entry(TrustedStackGeneric<0u>* __sealed_capability, unsigned int, unsigned int, unsigned int) / .LBB4_80
    182134	40000cde	    a881	c.CH.cj	40000d2e	                                                                                                                   | exception_entry(TrustedStackGeneric<0u>* __sealed_capability, unsigned int, unsigned int, unsigned int) / .LBB4_80
    182139	40000d2e	00048503	clb	x10,0(c9)	  x9:0x00102030+0x176056980 x10=0x00000001 PA:0x00102030 load:0x00000001                                              | exception_entry(TrustedStackGeneric<0u>* __sealed_capability, unsigned int, unsigned int, unsigned int) / .LBB4_81
    182141	40000d32	    157d	c.addi	x10,-1	 x10:0x00000001 x10=0x00000000                                                                                        | exception_entry(TrustedStackGeneric<0u>* __sealed_capability, unsigned int, unsigned int, unsigned int) / .LBB4_81
    182142	40000d34	00a48023	csb	x10,0(c9)	  x9:0x00102030+0x176056980 x10:0x00000000 PA:0x00102030 store:0x0??????00                                            | exception_entry(TrustedStackGeneric<0u>* __sealed_capability, unsigned int, unsigned int, unsigned int) / .LBB4_81
    182144	40000d38	    7542	c.CH.clcsp	c10,48(c2)	  x2:0x001016a0+0x13e0b80c0 x10=0x001010c0+0x17e83c0c0 PA:0x001016d0 load:0x1001010c0+0x17e83c0c0             | exception_entry(TrustedStackGeneric<0u>* __sealed_capability, unsigned int, unsigned int, unsigned int) / .LBB4_81
    182145	40000d3a	    4581	c.li	x11,0	 x11=0x00000000                                                                                                          | exception_entry(TrustedStackGeneric<0u>* __sealed_capability, unsigned int, unsigned int, unsigned int) / .LBB4_81
    182147	40000d3c	    60e6	c.CH.clcsp	c1,88(c2)	  x2:0x001016a0+0x13e0b80c0  x1=0x400004dc+0x11f0bf096 PA:0x001016f8 load:0x1400004dc+0x11f0bf096              | exception_entry(TrustedStackGeneric<0u>* __sealed_capability, unsigned int, unsigned int, unsigned int) / .LBB4_81
    182149	40000d3e	    6446	c.CH.clcsp	c8,80(c2)	  x2:0x001016a0+0x13e0b80c0  x8=0x00000000+0x000000000 PA:0x001016f0 load:0x000000000+0x000000000              | exception_entry(TrustedStackGeneric<0u>* __sealed_capability, unsigned int, unsigned int, unsigned int) / .LBB4_81
    182151	40000d40	    64a6	c.CH.clcsp	c9,72(c2)	  x2:0x001016a0+0x13e0b80c0  x9=0x00000000+0x000000000 PA:0x001016e8 load:0x000000000+0x000000000              | exception_entry(TrustedStackGeneric<0u>* __sealed_capability, unsigned int, unsigned int, unsigned int) / .LBB4_81
    182152	40000d42	    6125	c.CH.cinc16csp	c2,96	  x2:0x001016a0+0x13e0b80c0  x2=0x00101700+0x13e0b80c0                                                         | exception_entry(TrustedStackGeneric<0u>* __sealed_capability, unsigned int, unsigned int, unsigned int) / .LBB4_81
    182153	40000d44	    8082	c.CH.cjr	c1	  x1:0x400004dc+0x11f0bf096                                                                                             | exception_entry(TrustedStackGeneric<0u>* __sealed_capability, unsigned int, unsigned int, unsigned int) / .LBB4_81
    182155	400004dc	00000117	CH.auipcc	c2,0x0	  x2=0x400004dc+0x11e0bf096                                                                                        | exception_entry_asm / .Ltmp11
    182158	400004e0	d7c13103	CH.clc	c2,-644(c2)	  x2:0x400004dc+0x11e0bf096  x2=0x0000000a+0x14600160a PA:0x40000258 load:0x10000000a+0x14600160a                | exception_entry_asm / .Ltmp11
    182162	400004e4	1825015b	CH.cunseal	c2,c10,c2	 x10:0x001010c0+0x17e83c0c0  x2:0x0000000a+0x14600160a  x2=0x001010c0+0x17e03c0c0                              | exception_entry_asm / .Ltmp11
    182163	400004e8	    42ba	c.lwsp	x5,140(c2)	  x2:0x001010c0+0x17e03c0c0  x5=0x0000000b PA:0x0010114c load:0x0000000b                                          | exception_entry_asm / .Ltmp11
    182164	400004ea	03d1005b	CH.cspecialw	mtdc,c2	  x2:0x001010c0+0x17e03c0c0  x0=0x00000000+0x000000000                                                         | exception_entry_asm / .Ltmp11
    182165	400004ee	    4365	c.li	x6,25	  x6=0x00000019                                                                                                          | exception_entry_asm / .Ltmp11
    182166	400004f0	1a628a63	beq	x5,x6,400006a4	  x5:0x0000000b  x6:0x00000019                                                                                   | exception_entry_asm / .Ltmp11
    182167	400004f4	    432d	c.li	x6,11	  x6=0x0000000b                                                                                                          | exception_entry_asm / .Ltmp11
    182169	400004f6	    6382	c.CH.clcsp	c7,0(c2)	  x2:0x001010c0+0x17e03c0c0  x7=0x40000e58+0x15613427e PA:0x001010c0 load:0x140000e58+0x15613427e               | exception_entry_asm / .Ltmp11
    182170	400004f8	00629463	bne	x5,x6,40000500	  x5:0x0000000b  x6:0x0000000b                                                                                   | exception_entry_asm / .Ltmp11
    182173	400004fc	004393db	CH.cincaddrimm	c7,c7,4	  x7:0x40000e58+0x15613427e  x7=0x40000e5c+0x15613427e                                                       | exception_entry_asm / .Ltmp11
    182174	40000500	    40aa	c.lwsp	x1,136(c2)	  x2:0x001010c0+0x17e03c0c0  x1=0x00001800 PA:0x00101148 load:0x00001800                                          | exception_entry_asm / .Lcommon_context_install
    182176	40000502	30009073	csrrw	x0,mstatus,x1	  x1:0x00001800  x0=0x00000000                                                                                  | exception_entry_asm / .Lcommon_context_install
    182179	40000506	    40ca	c.lwsp	x1,144(c2)	  x2:0x001010c0+0x17e03c0c0  x1=0x00101950 PA:0x00101150 load:0x00101950                                          | exception_entry_asm / .Lcommon_context_install
    182181	40000508	bc109073	csrrw	x0,mshwm,x1	  x1:0x00101950  x0=0x00000000                                                                                    | exception_entry_asm / .Lcommon_context_install
    182182	4000050c	    40da	c.lwsp	x1,148(c2)	  x2:0x001010c0+0x17e03c0c0  x1=0x00101700 PA:0x00101154 load:0x00101700                                          | exception_entry_asm / .Lcommon_context_install
    182184	4000050e	bc209073	csrrw	x0,mshwmb,x1	  x1:0x00101700  x0=0x00000000                                                                                   | exception_entry_asm / .Lcommon_context_install
    182185	40000512	03f3805b	CH.cspecialw	mepcc,c7	  x7:0x40000e5c+0x15613427e  x0=0x00000000+0x000000000                                                        | exception_entry_asm / .Lcommon_context_install
    182187	40000516	    60a2	c.CH.clcsp	c1,8(c2)	  x2:0x001010c0+0x17e03c0c0  x1=0x40000e42+0x15713427e PA:0x001010c8 load:0x140000e42+0x15713427e               | exception_entry_asm / .Lcommon_context_install
    182189	40000518	    61e2	c.CH.clcsp	c3,24(c2)	  x2:0x001010c0+0x17e03c0c0  x3=0x00102034+0x176056980 PA:0x001010d8 load:0x100102034+0x176056980              | exception_entry_asm / .Lcommon_context_install
    182191	4000051a	    7202	c.CH.clcsp	c4,32(c2)	  x2:0x001010c0+0x17e03c0c0  x4=0x00000000+0x000000000 PA:0x001010e0 load:0x000000000+0x000000000              | exception_entry_asm / .Lcommon_context_install
    182193	4000051c	    72a2	c.CH.clcsp	c5,40(c2)	  x2:0x001010c0+0x17e03c0c0  x5=0x00000000+0x000000000 PA:0x001010e8 load:0x000000000+0x000000000              | exception_entry_asm / .Lcommon_context_install
    182195	4000051e	    7342	c.CH.clcsp	c6,48(c2)	  x2:0x001010c0+0x17e03c0c0  x6=0x00102038+0x176008038 PA:0x001010f0 load:0x100102038+0x176008038              | exception_entry_asm / .Lcommon_context_install
    182197	40000520	    73e2	c.CH.clcsp	c7,56(c2)	  x2:0x001010c0+0x17e03c0c0  x7=0x400043d8+0x15648f4f0 PA:0x001010f8 load:0x1400043d8+0x15648f4f0              | exception_entry_asm / .Lcommon_context_install
    182199	40000522	    6406	c.CH.clcsp	c8,64(c2)	  x2:0x001010c0+0x17e03c0c0  x8=0x000000c8+0x000000000 PA:0x00101100 load:0x0000000c8+0x000000000              | exception_entry_asm / .Lcommon_context_install
    182201	40000524	    64a6	c.CH.clcsp	c9,72(c2)	  x2:0x001010c0+0x17e03c0c0  x9=0x00101f08+0x176035108 PA:0x00101108 load:0x100101f08+0x176035108              | exception_entry_asm / .Lcommon_context_install
    182203	40000526	    6546	c.CH.clcsp	c10,80(c2)	  x2:0x001010c0+0x17e03c0c0 x10=0x00000000+0x000000000 PA:0x00101110 load:0x000000000+0x000000000             | exception_entry_asm / .Lcommon_context_install
    182205	40000528	    65e6	c.CH.clcsp	c11,88(c2)	  x2:0x001010c0+0x17e03c0c0 x11=0x00101a64+0x13e00d864 PA:0x00101118 load:0x100101a64+0x13e00d864             | exception_entry_asm / .Lcommon_context_install
    182207	4000052a	    7606	c.CH.clcsp	c12,96(c2)	  x2:0x001010c0+0x17e03c0c0 x12=0x00101fa8+0x176056980 PA:0x00101120 load:0x100101fa8+0x176056980             | exception_entry_asm / .Lcommon_context_install
    182209	4000052c	    76a6	c.CH.clcsp	c13,104(c2)	  x2:0x001010c0+0x17e03c0c0 x13=0x00000000+0x000000000 PA:0x00101128 load:0x000000000+0x000000000            | exception_entry_asm / .Lcommon_context_install
    182211	4000052e	    7746	c.CH.clcsp	c14,112(c2)	  x2:0x001010c0+0x17e03c0c0 x14=0x00000000+0x000000000 PA:0x00101130 load:0x000000000+0x000000000            | exception_entry_asm / .Lcommon_context_install
    182213	40000530	    77e6	c.CH.clcsp	c15,120(c2)	  x2:0x001010c0+0x17e03c0c0 x15=0x00000000+0x000000000 PA:0x00101138 load:0x000000000+0x000000000            | exception_entry_asm / .Lcommon_context_install
    182215	40000532	    6142	c.CH.clcsp	c2,16(c2)	  x2:0x001010c0+0x17e03c0c0  x2=0x00101960+0x13e05e180 PA:0x001010d0 load:0x100101960+0x13e05e180              | exception_entry_asm / .Lcommon_context_install
    182216	40000534	30200073	mret	                                                                                                                               | exception_entry_asm / .Lcommon_context_install
    182219	40000e5c	    4254	c.lw	x13,4(c12)	 x12:0x00101fa8+0x176056980 x13=0x00000000 PA:0x00101fac load:0x00000000                                            | (anonymous namespace)::ThreadImpl<32u>::suspend(Timeout*, (anonymous namespace)::ThreadImpl<32u>**, bool, bool) / .LBB8_14
    182220	40000e5e	    4210	c.lw	x12,0(c12)	 x12:0x00101fa8+0x176056980 x12=0x000029f1 PA:0x00101fa8 load:0x000029f1                                            | (anonymous namespace)::ThreadImpl<32u>::suspend(Timeout*, (anonymous namespace)::ThreadImpl<32u>**, bool, bool) / .LBB8_14
    182221	40000e60	fe45875b	CH.cgettag	x14,c11	 x11:0x00101a64+0x13e00d864 x14=0x00000001                                                                       | (anonymous namespace)::ThreadImpl<32u>::suspend(Timeout*, (anonymous namespace)::ThreadImpl<32u>**, bool, bool) / .LBB8_14
    182222	40000e64	    cf15	c.beqz	x14,40000ea0	 x14:0x00000001                                                                                                 | (anonymous namespace)::ThreadImpl<32u>::suspend(Timeout*, (anonymous namespace)::ThreadImpl<32u>**, bool, bool) / .LBB8_14
    182223	40000e66	00a63733	sltu	x14,x12,x10	 x12:0x000029f1 x10:0x00000000 x14=0x00000000                                                                      | (anonymous namespace)::ThreadImpl<32u>::suspend(Timeout*, (anonymous namespace)::ThreadImpl<32u>**, bool, bool) / .LBB8_14
    182224	40000e6a	    8e9d	c.sub	x13,x15	 x13:0x00000000 x15:0x00000000 x13=0x00000000                                                                         | (anonymous namespace)::ThreadImpl<32u>::suspend(Timeout*, (anonymous namespace)::ThreadImpl<32u>**, bool, bool) / .LBB8_14
    182225	40000e6c	    8e09	c.sub	x12,x10	 x12:0x000029f1 x10:0x00000000 x12=0x000029f1                                                                         | (anonymous namespace)::ThreadImpl<32u>::suspend(Timeout*, (anonymous namespace)::ThreadImpl<32u>**, bool, bool) / .LBB8_14
    182226	40000e6e	    419c	c.lw	x15,0(c11)	 x11:0x00101a64+0x13e00d864 x15=0x00000000 PA:0x00101a64 load:0x00000000                                            | (anonymous namespace)::ThreadImpl<32u>::suspend(Timeout*, (anonymous namespace)::ThreadImpl<32u>**, bool, bool) / .LBB8_14
    182227	40000e70	    41c8	c.lw	x10,4(c11)	 x11:0x00101a64+0x13e00d864 x10=0x000000c8 PA:0x00101a68 load:0x000000c8                                            | (anonymous namespace)::ThreadImpl<32u>::suspend(Timeout*, (anonymous namespace)::ThreadImpl<32u>**, bool, bool) / .LBB8_14
    182228	40000e72	    8e99	c.sub	x13,x14	 x13:0x00000000 x14:0x00000000 x13=0x00000000                                                                         | (anonymous namespace)::ThreadImpl<32u>::suspend(Timeout*, (anonymous namespace)::ThreadImpl<32u>**, bool, bool) / .LBB8_14
    182229	40000e74	0016b693	sltiu	x13,x13,1	 x13:0x00000000 x13=0x00000001                                                                                      | (anonymous namespace)::ThreadImpl<32u>::suspend(Timeout*, (anonymous namespace)::ThreadImpl<32u>**, bool, bool) / .LBB8_14
    182230	40000e78	    16fd	c.addi	x13,-1	 x13:0x00000001 x13=0x00000000                                                                                        | (anonymous namespace)::ThreadImpl<32u>::suspend(Timeout*, (anonymous namespace)::ThreadImpl<32u>**, bool, bool) / .LBB8_14
    182231	40000e7a	00c6e733	or	x14,x13,x12	 x13:0x00000000 x12:0x000029f1 x14=0x000029f1                                                                        | (anonymous namespace)::ThreadImpl<32u>::suspend(Timeout*, (anonymous namespace)::ThreadImpl<32u>**, bool, bool) / .LBB8_14
    182232	40000e7e	    97ba	c.add	x15,x14	 x15:0x00000000 x14:0x000029f1 x15=0x000029f1                                                                         | (anonymous namespace)::ThreadImpl<32u>::suspend(Timeout*, (anonymous namespace)::ThreadImpl<32u>**, bool, bool) / .LBB8_14
    182233	40000e80	00e7b633	sltu	x12,x15,x14	 x15:0x000029f1 x14:0x000029f1 x12=0x00000000                                                                      | (anonymous namespace)::ThreadImpl<32u>::suspend(Timeout*, (anonymous namespace)::ThreadImpl<32u>**, bool, bool) / .LBB8_14
    182234	40000e84	40c00633	sub	x12,x0,x12	  x0:0x00000000 x12:0x00000000 x12=0x00000000                                                                        | (anonymous namespace)::ThreadImpl<32u>::suspend(Timeout*, (anonymous namespace)::ThreadImpl<32u>**, bool, bool) / .LBB8_14
    182235	40000e88	    8e5d	c.or	x12,x15	 x12:0x00000000 x15:0x000029f1 x12=0x000029f1                                                                          | (anonymous namespace)::ThreadImpl<32u>::suspend(Timeout*, (anonymous namespace)::ThreadImpl<32u>**, bool, bool) / .LBB8_14
    182236	40000e8a	    56fd	c.li	x13,-1	 x13=0xffffffff                                                                                                         | (anonymous namespace)::ThreadImpl<32u>::suspend(Timeout*, (anonymous namespace)::ThreadImpl<32u>**, bool, bool) / .LBB8_14
    182237	40000e8c	    c190	c.sw	x12,0(c11)	 x11:0x00101a64+0x13e00d864 x12:0x000029f1 PA:0x00101a64 store:0x0000029f1                                          | (anonymous namespace)::ThreadImpl<32u>::suspend(Timeout*, (anonymous namespace)::ThreadImpl<32u>**, bool, bool) / .LBB8_14
    182238	40000e8e	00d50963	beq	x10,x13,40000ea0	 x10:0x000000c8 x13:0xffffffff                                                                                 | (anonymous namespace)::ThreadImpl<32u>::suspend(Timeout*, (anonymous namespace)::ThreadImpl<32u>**, bool, bool) / .LBB8_14
    182239	40000e92	40e50633	sub	x12,x10,x14	 x10:0x000000c8 x14:0x000029f1 x12=0xffffd6d7                                                                       | (anonymous namespace)::ThreadImpl<32u>::suspend(Timeout*, (anonymous namespace)::ThreadImpl<32u>**, bool, bool) / .LBB8_14
    182240	40000e96	00c53533	sltu	x10,x10,x12	 x10:0x000000c8 x12:0xffffd6d7 x10=0x00000001                                                                      | (anonymous namespace)::ThreadImpl<32u>::suspend(Timeout*, (anonymous namespace)::ThreadImpl<32u>**, bool, bool) / .LBB8_14
    182241	40000e9a	    157d	c.addi	x10,-1	 x10:0x00000001 x10=0x00000000                                                                                        | (anonymous namespace)::ThreadImpl<32u>::suspend(Timeout*, (anonymous namespace)::ThreadImpl<32u>**, bool, bool) / .LBB8_14
    182242	40000e9c	    8d71	c.and	x10,x12	 x10:0x00000000 x12:0xffffd6d7 x10=0x00000000                                                                         | (anonymous namespace)::ThreadImpl<32u>::suspend(Timeout*, (anonymous namespace)::ThreadImpl<32u>**, bool, bool) / .LBB8_14
    182243	40000e9e	    c1c8	c.sw	x10,4(c11)	 x11:0x00101a64+0x13e00d864 x10:0x00000000 PA:0x00101a68 store:0x000000000                                          | (anonymous namespace)::ThreadImpl<32u>::suspend(Timeout*, (anonymous namespace)::ThreadImpl<32u>**, bool, bool) / .LBB8_14
    182245	40000ea0	    70a2	c.CH.clcsp	c1,40(c2)	  x2:0x00101960+0x13e05e180  x1=0x40000fd0+0x15713427e PA:0x00101988 load:0x140000fd0+0x15713427e              | (anonymous namespace)::ThreadImpl<32u>::suspend(Timeout*, (anonymous namespace)::ThreadImpl<32u>**, bool, bool) / .LBB8_14
    182247	40000ea2	    7402	c.CH.clcsp	c8,32(c2)	  x2:0x00101960+0x13e05e180  x8=0x00101f08+0x176035108 PA:0x00101980 load:0x100101f08+0x176035108              | (anonymous namespace)::ThreadImpl<32u>::suspend(Timeout*, (anonymous namespace)::ThreadImpl<32u>**, bool, bool) / .LBB8_14
    182249	40000ea4	    64e2	c.CH.clcsp	c9,24(c2)	  x2:0x00101960+0x13e05e180  x9=0x00101fe0+0x16403c9e0 PA:0x00101978 load:0x100101fe0+0x16403c9e0              | (anonymous namespace)::ThreadImpl<32u>::suspend(Timeout*, (anonymous namespace)::ThreadImpl<32u>**, bool, bool) / .LBB8_14
    182250	40000ea6	    6145	c.CH.cinc16csp	c2,48	  x2:0x00101960+0x13e05e180  x2=0x00101990+0x13e05e180                                                         | (anonymous namespace)::ThreadImpl<32u>::suspend(Timeout*, (anonymous namespace)::ThreadImpl<32u>**, bool, bool) / .LBB8_14
    182251	40000ea8	    8082	c.CH.cjr	c1	  x1:0x40000fd0+0x15713427e                                                                                             | (anonymous namespace)::ThreadImpl<32u>::suspend(Timeout*, (anonymous namespace)::ThreadImpl<32u>**, bool, bool) / .LBB8_14
    182253	40000fd0	fea4055b	CH.cmove	c10,c8	  x8:0x00101f08+0x176035108 x10=0x00101f08+0x176035108                                                              | futex_timed_wait(Timeout*, unsigned int const*, unsigned int, unsigned int) / .LBB9_30
    182254	40000fd4	    5c00	c.lw	x8,56(c8)	  x8:0x00101f08+0x176035108  x8=0x00101fe0 PA:0x00101f40 load:0x00101fe0                                             | futex_timed_wait(Timeout*, unsigned int const*, unsigned int, unsigned int) / .LBB9_30
    182255	40000fd6	02052c23	csw	x0,56(c10)	 x10:0x00101f08+0x176035108  x0:0x00000000 PA:0x00101f40 store:0x000000000                                           | futex_timed_wait(Timeout*, unsigned int const*, unsigned int, unsigned int) / .LBB9_30
    182256	40000fda	    5512	c.lwsp	x10,36(c2)	  x2:0x00101990+0x13e05e180 x10=0x00000000 PA:0x001019b4 load:0x00000000                                          | futex_timed_wait(Timeout*, unsigned int const*, unsigned int, unsigned int) / .LBB9_30
    182258	40000fdc	    c909	c.beqz	x10,40000fee	 x10:0x00000000                                                                                                 | futex_timed_wait(Timeout*, unsigned int const*, unsigned int, unsigned int) / .LBB9_30
    182261	40000fee	    c801	c.beqz	x8,40000ffe	  x8:0x00101fe0                                                                                                  | futex_timed_wait(Timeout*, unsigned int const*, unsigned int, unsigned int) / .LBB9_30
    182264	40000ff0	    6522	c.CH.clcsp	c10,8(c2)	  x2:0x00101990+0x13e05e180 x10=0x00101fe0+0x16403c9e0 PA:0x00101998 load:0x100101fe0+0x16403c9e0              | futex_timed_wait(Timeout*, unsigned int const*, unsigned int, unsigned int) / .LBB9_30
    182268	40000ff2	fe45055b	CH.cgettag	x10,c10	 x10:0x00101fe0+0x16403c9e0 x10=0x00000001                                                                       | futex_timed_wait(Timeout*, unsigned int const*, unsigned int, unsigned int) / .LBB9_30
    182269	40000ff6	    157d	c.addi	x10,-1	 x10:0x00000001 x10=0x00000000                                                                                        | futex_timed_wait(Timeout*, unsigned int const*, unsigned int, unsigned int) / .LBB9_30
    182270	40000ff8	fea57693	andi	x13,x10,-22	 x10:0x00000000 x13=0x00000000                                                                                     | futex_timed_wait(Timeout*, unsigned int const*, unsigned int, unsigned int) / .LBB9_30
    182271	40000ffc	    b74d	c.CH.cj	40000f9e	                                                                                                                   | futex_timed_wait(Timeout*, unsigned int const*, unsigned int, unsigned int) / .LBB9_30
    182273	40000f9e	    8536	c.mv	x10,x13	  x0:0x00000000 x13:0x00000000 x10=0x00000000                                                                          | futex_timed_wait(Timeout*, unsigned int const*, unsigned int, unsigned int) / .LBB9_29
    182275	40000fa0	    4581	c.li	x11,0	 x11=0x00000000                                                                                                          | futex_timed_wait(Timeout*, unsigned int const*, unsigned int, unsigned int) / .LBB9_29
    182277	40000fa2	    70e2	c.CH.clcsp	c1,56(c2)	  x2:0x00101990+0x13e05e180  x1=0x400003aa+0x11f0bf096 PA:0x001019c8 load:0x1400003aa+0x11f0bf096              | futex_timed_wait(Timeout*, unsigned int const*, unsigned int, unsigned int) / .LBB9_29
    182279	40000fa4	    7442	c.CH.clcsp	c8,48(c2)	  x2:0x00101990+0x13e05e180  x8=0x00000000+0x000000000 PA:0x001019c0 load:0x000000000+0x000000000              | futex_timed_wait(Timeout*, unsigned int const*, unsigned int, unsigned int) / .LBB9_29
    182281	40000fa6	    74a2	c.CH.clcsp	c9,40(c2)	  x2:0x00101990+0x13e05e180  x9=0x00000000+0x000000000 PA:0x001019b8 load:0x000000000+0x000000000              | futex_timed_wait(Timeout*, unsigned int const*, unsigned int, unsigned int) / .LBB9_29
    182282	40000fa8	    6121	c.CH.cinc16csp	c2,64	  x2:0x00101990+0x13e05e180  x2=0x001019d0+0x13e05e180                                                         | futex_timed_wait(Timeout*, unsigned int const*, unsigned int, unsigned int) / .LBB9_29
    182283	40000faa	    8082	c.CH.cjr	c1	  x1:0x400003aa+0x11f0bf096                                                                                             | futex_timed_wait(Timeout*, unsigned int const*, unsigned int, unsigned int) / .LBB9_29
    182286	400003aa	03d0025b	CH.cspecialr	c4,mtdc	  x0:0x00000000+0x000000000  x4=0x001010c0+0x17e03c0c0                                                         | switcher_after_compartment_call
    182288	400003ae	08023383	CH.clc	c7,128(c4)	  x4:0x001010c0+0x17e03c0c0  x7=0x001021d8+0x12003d1d8 PA:0x00101140 load:0x1001021d8+0x12003d1d8                 | switcher_after_compartment_call
    182292	400003b2	0003a023	csw	x0,0(c7)	  x7:0x001021d8+0x12003d1d8  x0:0x00000000 PA:0x001021d8 store:0x000000000                                             | switcher_after_compartment_call
    182293	400003b6	0003a423	csw	x0,8(c7)	  x7:0x001021d8+0x12003d1d8  x0:0x00000000 PA:0x001021e0 store:0x000000000                                             | switcher_after_compartment_call
    182294	400003ba	09825383	clhu	x7,152(c4)	  x4:0x001010c0+0x17e03c0c0  x7=0x000000d8 PA:0x00101158 load:0x000000d8                                            | switcher_after_compartment_call
    182295	400003be	0a800293	addi	x5,x0,168	  x0:0x00000000  x5=0x000000a8                                                                                       | switcher_after_compartment_call
    182296	400003c2	    13a1	c.addi	x7,-24	  x7:0x000000d8  x7=0x000000c0                                                                                        | switcher_after_compartment_call
    182297	400003c4	2e72f763	bgeu	x5,x7,400006b2	  x5:0x000000a8  x7:0x000000c0                                                                                  | switcher_after_compartment_call
    182298	400003c8	2272035b	CH.cincaddr	c6,c4,x7	  x4:0x001010c0+0x17e03c0c0  x7:0x000000c0  x6=0x00101180+0x17e03c0c0                                          | switcher_after_compartment_call
    182300	400003cc	00033103	CH.clc	c2,0(c6)	  x6:0x00101180+0x17e03c0c0  x2=0x001019e0+0x13e0981c0 PA:0x00101180 load:0x1001019e0+0x13e0981c0                   | switcher_after_compartment_call
    182301	400003d0	08721c23	csh	x7,152(c4)	  x4:0x001010c0+0x17e03c0c0  x7:0x000000c0 PA:0x00101158 store:0x0????00c0                                           | switcher_after_compartment_call
    182305	400003d4	    6402	c.CH.clcsp	c8,0(c2)	  x2:0x001019e0+0x13e0981c0  x8=0x00101fe0+0x16403c9e0 PA:0x001019e0 load:0x100101fe0+0x16403c9e0               | switcher_after_compartment_call
    182307	400003d6	    64a2	c.CH.clcsp	c9,8(c2)	  x2:0x001019e0+0x13e0981c0  x9=0x00000000+0x000000000 PA:0x001019e8 load:0x000000000+0x000000000               | switcher_after_compartment_call
    182309	400003d8	    60e2	c.CH.clcsp	c1,24(c2)	  x2:0x001019e0+0x13e0981c0  x1=0x4000636a+0x15752800f PA:0x001019f8 load:0x14000636a+0x15752800f              | switcher_after_compartment_call
    182311	400003da	    61c2	c.CH.clcsp	c3,16(c2)	  x2:0x001019e0+0x13e0981c0  x3=0x001021b8+0x1760391a8 PA:0x001019f0 load:0x1001021b8+0x1760391a8              | switcher_after_compartment_call
    182312	400003dc	    6105	c.CH.cinc16csp	c2,32	  x2:0x001019e0+0x13e0981c0  x2=0x00101a00+0x13e0981c0                                                         | switcher_after_compartment_call
    182313	400003de	bc102273	csrrs	x4,mshwm,x0	  x0:0x00000000  x4=0x00101950                                                                                    | switcher_after_compartment_call
    182314	400003e2	    830a	c.mv	x6,x2	  x0:0x00000000  x2:0x00101a00  x6=0x00101a00                                                                            | switcher_after_compartment_call
    182315	400003e4	204103db	CH.csetaddr	c7,c2,x4	  x2:0x00101a00+0x13e0981c0  x4:0x00101950  x7=0x00101950+0x13e0981c0                                          | switcher_after_compartment_call
    182316	400003e8	fe030213	addi	x4,x6,-32	  x6:0x00101a00  x4=0x001019e0                                                                                       | switcher_after_compartment_call
    182317	400003ec	    1341	c.addi	x6,-16	  x6:0x00101a00  x6=0x001019f0                                                                                        | switcher_after_compartment_call
    182318	400003ee	00724e63	blt	x4,x7,4000040a	  x4:0x001019e0  x7:0x00101950                                                                                   | switcher_after_compartment_call
    182320	400003f2	0003b023	CH.csc	c0,0(c7)	  x7:0x00101950+0x13e0981c0  x0:0x00000000+0x000000000 PA:0x00101950 store:0x000000000+0x000000000                  | switcher_after_compartment_call / .Ltmp5
    182322	400003f6	0003b423	CH.csc	c0,8(c7)	  x7:0x00101950+0x13e0981c0  x0:0x00000000+0x000000000 PA:0x00101958 store:0x000000000+0x000000000                  | switcher_after_compartment_call / .Ltmp5
    182324	400003fa	0003b823	CH.csc	c0,16(c7)	  x7:0x00101950+0x13e0981c0  x0:0x00000000+0x000000000 PA:0x00101960 store:0x000000000+0x000000000                 | switcher_after_compartment_call / .Ltmp5
    182326	400003fe	0003bc23	CH.csc	c0,24(c7)	  x7:0x00101950+0x13e0981c0  x0:0x00000000+0x000000000 PA:0x00101968 store:0x000000000+0x000000000                 | switcher_after_compartment_call / .Ltmp5
    182327	40000402	020393db	CH.cincaddrimm	c7,c7,32	  x7:0x00101950+0x13e0981c0  x7=0x00101970+0x13e0981c0                                                      | switcher_after_compartment_call / .Ltmp5
    182328	40000406	fe7256e3	bge	x4,x7,400003f2	  x4:0x001019e0  x7:0x00101970                                                                                   | switcher_after_compartment_call / .Ltmp5
    182332	400003f2	0003b023	CH.csc	c0,0(c7)	  x7:0x00101970+0x13e0981c0  x0:0x00000000+0x000000000 PA:0x00101970 store:0x000000000+0x000000000                  | switcher_after_compartment_call / .Ltmp5
    182334	400003f6	0003b423	CH.csc	c0,8(c7)	  x7:0x00101970+0x13e0981c0  x0:0x00000000+0x000000000 PA:0x00101978 store:0x000000000+0x000000000                  | switcher_after_compartment_call / .Ltmp5
    182336	400003fa	0003b823	CH.csc	c0,16(c7)	  x7:0x00101970+0x13e0981c0  x0:0x00000000+0x000000000 PA:0x00101980 store:0x000000000+0x000000000                 | switcher_after_compartment_call / .Ltmp5
    182338	400003fe	0003bc23	CH.csc	c0,24(c7)	  x7:0x00101970+0x13e0981c0  x0:0x00000000+0x000000000 PA:0x00101988 store:0x000000000+0x000000000                 | switcher_after_compartment_call / .Ltmp5
    182339	40000402	020393db	CH.cincaddrimm	c7,c7,32	  x7:0x00101970+0x13e0981c0  x7=0x00101990+0x13e0981c0                                                      | switcher_after_compartment_call / .Ltmp5
    182340	40000406	fe7256e3	bge	x4,x7,400003f2	  x4:0x001019e0  x7:0x00101990                                                                                   | switcher_after_compartment_call / .Ltmp5
    182344	400003f2	0003b023	CH.csc	c0,0(c7)	  x7:0x00101990+0x13e0981c0  x0:0x00000000+0x000000000 PA:0x00101990 store:0x000000000+0x000000000                  | switcher_after_compartment_call / .Ltmp5
    182346	400003f6	0003b423	CH.csc	c0,8(c7)	  x7:0x00101990+0x13e0981c0  x0:0x00000000+0x000000000 PA:0x00101998 store:0x000000000+0x000000000                  | switcher_after_compartment_call / .Ltmp5
    182348	400003fa	0003b823	CH.csc	c0,16(c7)	  x7:0x00101990+0x13e0981c0  x0:0x00000000+0x000000000 PA:0x001019a0 store:0x000000000+0x000000000                 | switcher_after_compartment_call / .Ltmp5
    182350	400003fe	0003bc23	CH.csc	c0,24(c7)	  x7:0x00101990+0x13e0981c0  x0:0x00000000+0x000000000 PA:0x001019a8 store:0x000000000+0x000000000                 | switcher_after_compartment_call / .Ltmp5
    182351	40000402	020393db	CH.cincaddrimm	c7,c7,32	  x7:0x00101990+0x13e0981c0  x7=0x001019b0+0x13e0981c0                                                      | switcher_after_compartment_call / .Ltmp5
    182352	40000406	fe7256e3	bge	x4,x7,400003f2	  x4:0x001019e0  x7:0x001019b0                                                                                   | switcher_after_compartment_call / .Ltmp5
    182356	400003f2	0003b023	CH.csc	c0,0(c7)	  x7:0x001019b0+0x13e0981c0  x0:0x00000000+0x000000000 PA:0x001019b0 store:0x000000000+0x000000000                  | switcher_after_compartment_call / .Ltmp5
    182358	400003f6	0003b423	CH.csc	c0,8(c7)	  x7:0x001019b0+0x13e0981c0  x0:0x00000000+0x000000000 PA:0x001019b8 store:0x000000000+0x000000000                  | switcher_after_compartment_call / .Ltmp5
    182360	400003fa	0003b823	CH.csc	c0,16(c7)	  x7:0x001019b0+0x13e0981c0  x0:0x00000000+0x000000000 PA:0x001019c0 store:0x000000000+0x000000000                 | switcher_after_compartment_call / .Ltmp5
    182362	400003fe	0003bc23	CH.csc	c0,24(c7)	  x7:0x001019b0+0x13e0981c0  x0:0x00000000+0x000000000 PA:0x001019c8 store:0x000000000+0x000000000                 | switcher_after_compartment_call / .Ltmp5
    182363	40000402	020393db	CH.cincaddrimm	c7,c7,32	  x7:0x001019b0+0x13e0981c0  x7=0x001019d0+0x13e0981c0                                                      | switcher_after_compartment_call / .Ltmp5
    182364	40000406	fe7256e3	bge	x4,x7,400003f2	  x4:0x001019e0  x7:0x001019d0                                                                                   | switcher_after_compartment_call / .Ltmp5
    182368	400003f2	0003b023	CH.csc	c0,0(c7)	  x7:0x001019d0+0x13e0981c0  x0:0x00000000+0x000000000 PA:0x001019d0 store:0x000000000+0x000000000                  | switcher_after_compartment_call / .Ltmp5
    182370	400003f6	0003b423	CH.csc	c0,8(c7)	  x7:0x001019d0+0x13e0981c0  x0:0x00000000+0x000000000 PA:0x001019d8 store:0x000000000+0x000000000                  | switcher_after_compartment_call / .Ltmp5
    182372	400003fa	0003b823	CH.csc	c0,16(c7)	  x7:0x001019d0+0x13e0981c0  x0:0x00000000+0x000000000 PA:0x001019e0 store:0x000000000+0x000000000                 | switcher_after_compartment_call / .Ltmp5
    182374	400003fe	0003bc23	CH.csc	c0,24(c7)	  x7:0x001019d0+0x13e0981c0  x0:0x00000000+0x000000000 PA:0x001019e8 store:0x000000000+0x000000000                 | switcher_after_compartment_call / .Ltmp5
    182375	40000402	020393db	CH.cincaddrimm	c7,c7,32	  x7:0x001019d0+0x13e0981c0  x7=0x001019f0+0x13e0981c0                                                      | switcher_after_compartment_call / .Ltmp5
    182376	40000406	fe7256e3	bge	x4,x7,400003f2	  x4:0x001019e0  x7:0x001019f0                                                                                   | switcher_after_compartment_call / .Ltmp5
    182377	4000040a	00734663	blt	x6,x7,40000416	  x6:0x001019f0  x7:0x001019f0                                                                                   | switcher_after_compartment_call / .Ltmp4
    182379	4000040e	0003b023	CH.csc	c0,0(c7)	  x7:0x001019f0+0x13e0981c0  x0:0x00000000+0x000000000 PA:0x001019f0 store:0x000000000+0x000000000                  | switcher_after_compartment_call / .Ltmp4
    182381	40000412	0003b423	CH.csc	c0,8(c7)	  x7:0x001019f0+0x13e0981c0  x0:0x00000000+0x000000000 PA:0x001019f8 store:0x000000000+0x000000000                  | switcher_after_compartment_call / .Ltmp4
    182382	40000416	bc111073	csrrw	x0,mshwm,x2	  x2:0x00101a00  x0=0x00000000                                                                                    | switcher_after_compartment_call / .Ltmp6
    182383	4000041a	    4201	c.li	x4,0	  x4=0x00000000                                                                                                           | switcher_after_compartment_call / .Lswitch_callee_dead_zeros
    182384	4000041c	    4281	c.li	x5,0	  x5=0x00000000                                                                                                           | switcher_after_compartment_call / .Lswitch_callee_dead_zeros
    182385	4000041e	    4301	c.li	x6,0	  x6=0x00000000                                                                                                           | switcher_after_compartment_call / .Lswitch_callee_dead_zeros
    182386	40000420	    4381	c.li	x7,0	  x7=0x00000000                                                                                                           | switcher_after_compartment_call / .Lswitch_callee_dead_zeros
    182387	40000422	    4601	c.li	x12,0	 x12=0x00000000                                                                                                          | switcher_after_compartment_call / .Lswitch_callee_dead_zeros
    182388	40000424	    4681	c.li	x13,0	 x13=0x00000000                                                                                                          | switcher_after_compartment_call / .Lswitch_callee_dead_zeros
    182389	40000426	    4701	c.li	x14,0	 x14=0x00000000                                                                                                          | switcher_after_compartment_call / .Lswitch_callee_dead_zeros
    182390	40000428	    4781	c.li	x15,0	 x15=0x00000000                                                                                                          | switcher_after_compartment_call / .Lswitch_callee_dead_zeros
    182391	4000042a	    8082	c.CH.cjr	c1	  x1:0x4000636a+0x15752800f                                                                                             | switcher_after_compartment_call / .Lswitch_just_return
    182395	4000636a	b0202473	csrrs	x8,minstret,x0	  x0:0x00000000  x8=0x0001af3c                                                                                 | entry_high_priority() / .LBB2_19
