
    263042	400064dc	    c10c	c.sw	x11,0(c10)	 x10:0x001021a8+0x1760391a8 x11:0x000252d2 PA:0x001021a8 store:0x0000252d2                                          | simulation_exit(unsigned int) / .LBB8_2/entry_low_priority()
    263043	400064de	    bfed	c.CH.cj	400064d8	                                                                                                                   | simulation_exit(unsigned int) / .LBB8_2/entry_low_priority()
    263047	40000448	03d1015b	==>CH.cspecialrw	c2,mtdc,c2	  x2:0x00101ef0+0x13e0b80c0  x2=0x001011e0+0x17e0201e0                                                  | exception_entry_asm
    263048	4000044c	28010d63	beq	x2,x0,400006e6	  x2:0x001011e0  x0:0x00000000                                                                                   | exception_entry_asm
    263050	40000450	    e406	c.CH.cscsp	c1,8(c2)	  x2:0x001011e0+0x17e0201e0  x1:0x400003aa+0x11f0bf096 PA:0x001011e8 store:0x1400003aa+0x11f0bf096              | exception_entry_asm
    263052	40000452	    ec0e	c.CH.cscsp	c3,24(c2)	  x2:0x001011e0+0x17e0201e0  x3:0x001021b8+0x1760391a8 PA:0x001011f8 store:0x1001021b8+0x1760391a8             | exception_entry_asm
    263054	40000454	    f012	c.CH.cscsp	c4,32(c2)	  x2:0x001011e0+0x17e0201e0  x4:0x00000000+0x000000000 PA:0x00101200 store:0x000000000+0x000000000             | exception_entry_asm
    263056	40000456	    f416	c.CH.cscsp	c5,40(c2)	  x2:0x001011e0+0x17e0201e0  x5:0x00000000+0x000000000 PA:0x00101208 store:0x000000000+0x000000000             | exception_entry_asm
    263058	40000458	    f81a	c.CH.cscsp	c6,48(c2)	  x2:0x001011e0+0x17e0201e0  x6:0x00000000+0x000000000 PA:0x00101210 store:0x000000000+0x000000000             | exception_entry_asm
    263060	4000045a	    fc1e	c.CH.cscsp	c7,56(c2)	  x2:0x001011e0+0x17e0201e0  x7:0x00000000+0x000000000 PA:0x00101218 store:0x000000000+0x000000000             | exception_entry_asm
    263062	4000045c	    e0a2	c.CH.cscsp	c8,64(c2)	  x2:0x001011e0+0x17e0201e0  x8:0x00000000+0x000000000 PA:0x00101220 store:0x000000000+0x000000000             | exception_entry_asm
    263064	4000045e	    e4a6	c.CH.cscsp	c9,72(c2)	  x2:0x001011e0+0x17e0201e0  x9:0x00000000+0x000000000 PA:0x00101228 store:0x000000000+0x000000000             | exception_entry_asm
    263066	40000460	    e8aa	c.CH.cscsp	c10,80(c2)	  x2:0x001011e0+0x17e0201e0 x10:0x001021a8+0x1760391a8 PA:0x00101230 store:0x1001021a8+0x1760391a8            | exception_entry_asm
    263068	40000462	    ecae	c.CH.cscsp	c11,88(c2)	  x2:0x001011e0+0x17e0201e0 x11:0x000252d2+0x000000000 PA:0x00101238 store:0x0000252d2+0x000000000            | exception_entry_asm
    263070	40000464	    f0b2	c.CH.cscsp	c12,96(c2)	  x2:0x001011e0+0x17e0201e0 x12:0x00000000+0x000000000 PA:0x00101240 store:0x000000000+0x000000000            | exception_entry_asm
    263072	40000466	    f4b6	c.CH.cscsp	c13,104(c2)	  x2:0x001011e0+0x17e0201e0 x13:0x00000000+0x000000000 PA:0x00101248 store:0x000000000+0x000000000           | exception_entry_asm
    263074	40000468	    f8ba	c.CH.cscsp	c14,112(c2)	  x2:0x001011e0+0x17e0201e0 x14:0x00000000+0x000000000 PA:0x00101250 store:0x000000000+0x000000000           | exception_entry_asm
    263076	4000046a	    fcbe	c.CH.cscsp	c15,120(c2)	  x2:0x001011e0+0x17e0201e0 x15:0x00000000+0x000000000 PA:0x00101258 store:0x000000000+0x000000000           | exception_entry_asm
    263077	4000046c	    4301	c.li	x6,0	  x6=0x00000000                                                                                                           | exception_entry_asm / .Lexception_exiting_threads_rejoin
    263078	4000046e	03d3035b	CH.cspecialrw	c6,mtdc,c6	  x6:0x00000000+0x000000000  x6=0x00101ef0+0x13e0b80c0                                                     | exception_entry_asm / .Lexception_exiting_threads_rejoin
    263080	40000472	    e81a	c.CH.cscsp	c6,16(c2)	  x2:0x001011e0+0x17e0201e0  x6:0x00101ef0+0x13e0b80c0 PA:0x001011f0 store:0x100101ef0+0x13e0b80c0             | exception_entry_asm / .Lexception_exiting_threads_rejoin
    263081	40000474	03f002db	CH.cspecialr	c5,mepcc	  x0:0x00000000+0x000000000  x5=0x400064d8+0x15612800f                                                        | exception_entry_asm / .Lexception_exiting_threads_rejoin
    263083	40000478	    e016	c.CH.cscsp	c5,0(c2)	  x2:0x001011e0+0x17e0201e0  x5:0x400064d8+0x15612800f PA:0x001011e0 store:0x1400064d8+0x15612800f              | exception_entry_asm / .Lexception_exiting_threads_rejoin
    263084	4000047a	30002373	csrrs	x6,mstatus,x0	  x0:0x00000000  x6=0x00001880                                                                                  | exception_entry_asm / .Lexception_exiting_threads_rejoin
    263085	4000047e	    c51a	c.swsp	x6,136(c2)	  x2:0x001011e0+0x17e0201e0  x6:0x00001880 PA:0x00101268 store:0x000001880                                        | exception_entry_asm / .Lexception_exiting_threads_rejoin
    263086	40000480	bc102373	csrrs	x6,mshwm,x0	  x0:0x00000000  x6=0x00101f00                                                                                    | exception_entry_asm / .Lexception_exiting_threads_rejoin
    263087	40000484	    c91a	c.swsp	x6,144(c2)	  x2:0x001011e0+0x17e0201e0  x6:0x00101f00 PA:0x00101270 store:0x000101f00                                        | exception_entry_asm / .Lexception_exiting_threads_rejoin
    263088	40000486	bc202373	csrrs	x6,mshwmb,x0	  x0:0x00000000  x6=0x00101b00                                                                                   | exception_entry_asm / .Lexception_exiting_threads_rejoin
    263089	4000048a	    cb1a	c.swsp	x6,148(c2)	  x2:0x001011e0+0x17e0201e0  x6:0x00101b00 PA:0x00101274 store:0x000101b00                                        | exception_entry_asm / .Lexception_exiting_threads_rejoin
    263090	4000048c	34202373	csrrs	x6,mcause,x0	  x0:0x00000000  x6=0x8000000b                                                                                   | exception_entry_asm / .Lexception_exiting_threads_rejoin
    263091	40000490	    c71a	c.swsp	x6,140(c2)	  x2:0x001011e0+0x17e0201e0  x6:0x8000000b PA:0x0010126c store:0x08000000b                                        | exception_entry_asm / .Lexception_exiting_threads_rejoin
    263092	40000492	    4571	c.li	x10,28	 x10=0x0000001c                                                                                                         | exception_entry_asm / .Lexception_exiting_threads_rejoin
    263093	40000494	0a650663	beq	x10,x6,40000540	 x10:0x0000001c  x6:0x8000000b                                                                                  | exception_entry_asm / .Lexception_exiting_threads_rejoin
    263094	40000498	    4521	c.li	x10,8	 x10=0x00000008                                                                                                          | exception_entry_asm / .Lexception_exiting_threads_rejoin
    263095	4000049a	0aa36363	bltu	x6,x10,40000540	  x6:0x8000000b x10:0x00000008                                                                                 | exception_entry_asm / .Lexception_exiting_threads_rejoin
    263096	4000049e	00000517	CH.auipcc	c10,0x0	 x10=0x4000049e+0x11e0bf096                                                                                       | exception_entry_asm / .Ltmp7
    263098	400004a2	dba53503	CH.clc	c10,-582(c10)	 x10:0x4000049e+0x11e0bf096 x10=0x0000000a+0x14600160a PA:0x40000258 load:0x10000000a+0x14600160a              | exception_entry_asm / .Ltmp7
    263102	400004a6	16a1055b	CH.cseal	c10,c2,c10	  x2:0x001011e0+0x17e0201e0 x10:0x0000000a+0x14600160a x10=0x001011e0+0x17e8201e0                               | exception_entry_asm / .Ltmp7
    263103	400004aa	    859a	c.mv	x11,x6	  x0:0x00000000  x6:0x8000000b x11=0x8000000b                                                                           | exception_entry_asm / .Ltmp7
    263104	400004ac	    8616	c.mv	x12,x5	  x0:0x00000000  x5:0x400064d8 x12=0x400064d8                                                                           | exception_entry_asm / .Ltmp7
    263105	400004ae	343026f3	csrrs	x13,mtval,x0	  x0:0x00000000 x13=0x00000000                                                                                   | exception_entry_asm / .Ltmp7
    263106	400004b2	00000117	CH.auipcc	c2,0x0	  x2=0x400004b2+0x11e0bf096                                                                                        | exception_entry_asm / .Ltmp8
    263108	400004b6	dc613103	CH.clc	c2,-570(c2)	  x2:0x400004b2+0x11e0bf096  x2=0x00101700+0x13e0b80c0 PA:0x40000278 load:0x100101700+0x13e0b80c0                | exception_entry_asm / .Ltmp8
    263109	400004ba	00000197	CH.auipcc	c3,0x0	  x3=0x400004ba+0x11e0bf096                                                                                        | exception_entry_asm / .Ltmp9
    263111	400004be	db61b183	CH.clc	c3,-586(c3)	  x3:0x400004ba+0x11e0bf096  x3=0x00102034+0x176056980 PA:0x40000270 load:0x100102034+0x176056980                | exception_entry_asm / .Ltmp9
    263112	400004c2	00000097	CH.auipcc	c1,0x0	  x1=0x400004c2+0x11e0bf096                                                                                        | exception_entry_asm / .Ltmp10
    263114	400004c6	da60b083	CH.clc	c1,-602(c1)	  x1:0x400004c2+0x11e0bf096  x1=0x40000a7e+0x15693427e PA:0x40000268 load:0x140000a7e+0x15693427e                | exception_entry_asm / .Ltmp10
    263115	400004ca	    4201	c.li	x4,0	  x4=0x00000000                                                                                                           | exception_entry_asm / .Ltmp10
    263116	400004cc	    4281	c.li	x5,0	  x5=0x00000000                                                                                                           | exception_entry_asm / .Ltmp10
    263117	400004ce	    4301	c.li	x6,0	  x6=0x00000000                                                                                                           | exception_entry_asm / .Ltmp10
    263118	400004d0	    4381	c.li	x7,0	  x7=0x00000000                                                                                                           | exception_entry_asm / .Ltmp10
    263119	400004d2	    4401	c.li	x8,0	  x8=0x00000000                                                                                                           | exception_entry_asm / .Ltmp10
    263120	400004d4	    4481	c.li	x9,0	  x9=0x00000000                                                                                                           | exception_entry_asm / .Ltmp10
    263121	400004d6	    4701	c.li	x14,0	 x14=0x00000000                                                                                                          | exception_entry_asm / .Ltmp10
    263122	400004d8	    4781	c.li	x15,0	 x15=0x00000000                                                                                                          | exception_entry_asm / .Ltmp10
    263123	400004da	    9082	c.CH.cjalr	c1	  x1:0x40000a7e+0x15693427e  x1=0x400004dc+0x11f0bf096                                                                | exception_entry_asm / .Ltmp10
    263125	40000a7e	    711d	c.CH.cinc16csp	c2,-96	  x2:0x00101700+0x13e0b80c0  x2=0x001016a0+0x13e0b80c0                                                        | exception_entry(TrustedStackGeneric<0u>* __sealed_capability, unsigned int, unsigned int, unsigned int)
    263127	40000a80	    ec86	c.CH.cscsp	c1,88(c2)	  x2:0x001016a0+0x13e0b80c0  x1:0x400004dc+0x11f0bf096 PA:0x001016f8 store:0x1400004dc+0x11f0bf096             | exception_entry(TrustedStackGeneric<0u>* __sealed_capability, unsigned int, unsigned int, unsigned int)
    263129	40000a82	    e8a2	c.CH.cscsp	c8,80(c2)	  x2:0x001016a0+0x13e0b80c0  x8:0x00000000+0x000000000 PA:0x001016f0 store:0x000000000+0x000000000             | exception_entry(TrustedStackGeneric<0u>* __sealed_capability, unsigned int, unsigned int, unsigned int)
    263131	40000a84	    e4a6	c.CH.cscsp	c9,72(c2)	  x2:0x001016a0+0x13e0b80c0  x9:0x00000000+0x000000000 PA:0x001016e8 store:0x000000000+0x000000000             | exception_entry(TrustedStackGeneric<0u>* __sealed_capability, unsigned int, unsigned int, unsigned int)
    263133	40000a86	    f82a	c.CH.cscsp	c10,48(c2)	  x2:0x001016a0+0x13e0b80c0 x10:0x001011e0+0x17e8201e0 PA:0x001016d0 store:0x1001011e0+0x17e8201e0            | exception_entry(TrustedStackGeneric<0u>* __sealed_capability, unsigned int, unsigned int, unsigned int)
    263134	40000a88	ffc194db	CH.cincaddrimm	c9,c3,-4	  x3:0x00102034+0x176056980  x9=0x00102030+0x176056980                                                      | exception_entry(TrustedStackGeneric<0u>* __sealed_capability, unsigned int, unsigned int, unsigned int) / .LBB4_66
    263135	40000a8c	00048503	clb	x10,0(c9)	  x9:0x00102030+0x176056980 x10=0x00000000 PA:0x00102030 load:0x00000000                                              | exception_entry(TrustedStackGeneric<0u>* __sealed_capability, unsigned int, unsigned int, unsigned int) / .LBB4_66
    263137	40000a90	    0505	c.addi	x10,1	 x10:0x00000000 x10=0x00000001                                                                                         | exception_entry(TrustedStackGeneric<0u>* __sealed_capability, unsigned int, unsigned int, unsigned int) / .LBB4_66
    263138	40000a92	0ff57613	andi	x12,x10,255	 x10:0x00000001 x12=0x00000001                                                                                     | exception_entry(TrustedStackGeneric<0u>* __sealed_capability, unsigned int, unsigned int, unsigned int) / .LBB4_66
    263139	40000a96	    4689	c.li	x13,2	 x13=0x00000002                                                                                                          | exception_entry(TrustedStackGeneric<0u>* __sealed_capability, unsigned int, unsigned int, unsigned int) / .LBB4_66
    263140	40000a98	00a48023	csb	x10,0(c9)	  x9:0x00102030+0x176056980 x10:0x00000001 PA:0x00102030 store:0x0??????01                                            | exception_entry(TrustedStackGeneric<0u>* __sealed_capability, unsigned int, unsigned int, unsigned int) / .LBB4_66
    263141	40000a9c	2ad67563	bgeu	x12,x13,40000d46	 x12:0x00000001 x13:0x00000002                                                                                | exception_entry(TrustedStackGeneric<0u>* __sealed_capability, unsigned int, unsigned int, unsigned int) / .LBB4_66
    263142	40000aa0	    4505	c.li	x10,1	 x10=0x00000001                                                                                                          | exception_entry(TrustedStackGeneric<0u>* __sealed_capability, unsigned int, unsigned int, unsigned int) / .LBB4_66
    263143	40000aa2	    d62a	c.swsp	x10,44(c2)	  x2:0x001016a0+0x13e0b80c0 x10:0x00000001 PA:0x001016cc store:0x000000001                                        | exception_entry(TrustedStackGeneric<0u>* __sealed_capability, unsigned int, unsigned int, unsigned int) / .LBB4_66
    263144	40000aa4	80000537	lui	x10,0x80000	 x10=0x80000000                                                                                                     | exception_entry(TrustedStackGeneric<0u>* __sealed_capability, unsigned int, unsigned int, unsigned int) / .LBB4_66
    263145	40000aa8	014192db	CH.cincaddrimm	c5,c3,20	  x3:0x00102034+0x176056980  x5=0x00102048+0x176056980                                                      | exception_entry(TrustedStackGeneric<0u>* __sealed_capability, unsigned int, unsigned int, unsigned int) / .LBB4_67
    263146	40000aac	1002a2db	CH.csetboundsimm	c5,c5,256	  x5:0x00102048+0x176056980  x5=0x00102048+0x176029048                                                   | exception_entry(TrustedStackGeneric<0u>* __sealed_capability, unsigned int, unsigned int, unsigned int) / .LBB4_67
    263147	40000ab0	11c1945b	CH.cincaddrimm	c8,c3,284	  x3:0x00102034+0x176056980  x8=0x00102150+0x176056980                                                     | exception_entry(TrustedStackGeneric<0u>* __sealed_capability, unsigned int, unsigned int, unsigned int) / .LBB4_68
    263148	40000ab4	00750613	addi	x12,x10,7	 x10:0x80000000 x12=0x80000007                                                                                       | exception_entry(TrustedStackGeneric<0u>* __sealed_capability, unsigned int, unsigned int, unsigned int) / .LBB4_68
    263149	40000ab8	004196db	CH.cincaddrimm	c13,c3,4	  x3:0x00102034+0x176056980 x13=0x00102038+0x176056980                                                      | exception_entry(TrustedStackGeneric<0u>* __sealed_capability, unsigned int, unsigned int, unsigned int) / .LBB4_69
    263151	40000abc	    e0b6	c.CH.cscsp	c13,64(c2)	  x2:0x001016a0+0x13e0b80c0 x13:0x00102038+0x176056980 PA:0x001016e0 store:0x100102038+0x176056980            | exception_entry(TrustedStackGeneric<0u>* __sealed_capability, unsigned int, unsigned int, unsigned int) / .LBB4_69
    263152	40000abe	114196db	CH.cincaddrimm	c13,c3,276	  x3:0x00102034+0x176056980 x13=0x00102148+0x176056980                                                    | exception_entry(TrustedStackGeneric<0u>* __sealed_capability, unsigned int, unsigned int, unsigned int) / .LBB4_70
    263154	40000ac2	    f036	c.CH.cscsp	c13,32(c2)	  x2:0x001016a0+0x13e0b80c0 x13:0x00102148+0x176056980 PA:0x001016c0 store:0x100102148+0x176056980            | exception_entry(TrustedStackGeneric<0u>* __sealed_capability, unsigned int, unsigned int, unsigned int) / .LBB4_70
    263156	40000ac4	    e816	c.CH.cscsp	c5,16(c2)	  x2:0x001016a0+0x13e0b80c0  x5:0x00102048+0x176029048 PA:0x001016b0 store:0x100102048+0x176029048             | exception_entry(TrustedStackGeneric<0u>* __sealed_capability, unsigned int, unsigned int, unsigned int) / .LBB4_70
    263157	40000ac6	0ec58063	beq	x11,x12,40000ba6	 x11:0x8000000b x12:0x80000007                                                                                 | exception_entry(TrustedStackGeneric<0u>* __sealed_capability, unsigned int, unsigned int, unsigned int) / .LBB4_70
    263158	40000aca	    052d	c.addi	x10,11	 x10:0x80000000 x10=0x8000000b                                                                                        | exception_entry(TrustedStackGeneric<0u>* __sealed_capability, unsigned int, unsigned int, unsigned int) / .LBB4_70
    263159	40000acc	06a58c63	beq	x11,x10,40000b44	 x11:0x8000000b x10:0x8000000b                                                                                 | exception_entry(TrustedStackGeneric<0u>* __sealed_capability, unsigned int, unsigned int, unsigned int) / .LBB4_70
    263161	40000b44	f841955b	CH.cincaddrimm	c10,c3,-124	  x3:0x00102034+0x176056980 x10=0x00101fb8+0x176056980                                                   | exception_entry(TrustedStackGeneric<0u>* __sealed_capability, unsigned int, unsigned int, unsigned int) / .LBB4_72
    263163	40000b48	0605255b	CH.csetboundsimm	c10,c10,96	 x10:0x00101fb8+0x176056980 x10=0x00101fb8+0x1760031b8                                                  | exception_entry(TrustedStackGeneric<0u>* __sealed_capability, unsigned int, unsigned int, unsigned int) / .LBB4_72
    263165	40000b4c	    710c	c.CH.clc	c11,32(c10)	 x10:0x00101fb8+0x1760031b8 x11=0x88200004+0x166001004 PA:0x00101fd8 load:0x188200004+0x166001004              | exception_entry(TrustedStackGeneric<0u>* __sealed_capability, unsigned int, unsigned int, unsigned int) / .LBB4_72
    263171	40000b4e	    4190	c.lw	x12,0(c11)	 x11:0x88200004+0x166001004 x12=0x00000001 PA:0x88200004 load:0x00000001                                            | exception_entry(TrustedStackGeneric<0u>* __sealed_capability, unsigned int, unsigned int, unsigned int) / .LBB4_72
    263173	40000b50	    c639	c.beqz	x12,40000b9e	 x12:0x00000001                                                                                                 | exception_entry(TrustedStackGeneric<0u>* __sealed_capability, unsigned int, unsigned int, unsigned int) / .LBB4_72
    263174	40000b52	0285155b	CH.cincaddrimm	c10,c10,40	 x10:0x00101fb8+0x1760031b8 x10=0x00101fe0+0x1760031b8                                                    | exception_entry(TrustedStackGeneric<0u>* __sealed_capability, unsigned int, unsigned int, unsigned int) / .LBB4_72
    263175	40000b56	00001697	CH.auipcc	c13,0x1	 x13=0x40001356+0x15613427e                                                                                       | exception_entry(TrustedStackGeneric<0u>* __sealed_capability, unsigned int, unsigned int, unsigned int) / .LBB4_73
    263176	40000b5a	61a696db	CH.cincaddrimm	c13,c13,1562	 x13:0x40001356+0x15613427e x13=0x40001970+0x15613427e                                                  | exception_entry(TrustedStackGeneric<0u>* __sealed_capability, unsigned int, unsigned int, unsigned int) / .LBB4_73
    263177	40000b5e	09c6a6db	CH.csetboundsimm	c13,c13,156	 x13:0x40001970+0x15613427e x13=0x40001970+0x156001970                                                 | exception_entry(TrustedStackGeneric<0u>* __sealed_capability, unsigned int, unsigned int, unsigned int) / .LBB4_73
    263178	40000b62	008696db	CH.cincaddrimm	c13,c13,8	 x13:0x40001970+0x156001970 x13=0x40001978+0x156001970                                                     | exception_entry(TrustedStackGeneric<0u>* __sealed_capability, unsigned int, unsigned int, unsigned int) / .LBB4_73
    263179	40000b66	    4735	c.li	x14,13	 x14=0x0000000d                                                                                                         | exception_entry(TrustedStackGeneric<0u>* __sealed_capability, unsigned int, unsigned int, unsigned int) / .LBB4_73
    263180	40000b68	    cb1d	c.beqz	x14,40000b9e	 x14:0x0000000d                                                                                                 | exception_entry(TrustedStackGeneric<0u>* __sealed_capability, unsigned int, unsigned int, unsigned int) / .LBB4_73
    263181	40000b6a	ff86a783	clw	x15,-8(c13)	 x13:0x40001978+0x156001970 x15=0x00000001 PA:0x40001970 load:0x00000001                                            | exception_entry(TrustedStackGeneric<0u>* __sealed_capability, unsigned int, unsigned int, unsigned int) / .LBB4_73
    263183	40000b6e	00c78c63	beq	x15,x12,40000b86	 x15:0x00000001 x12:0x00000001                                                                                 | exception_entry(TrustedStackGeneric<0u>* __sealed_capability, unsigned int, unsigned int, unsigned int) / .LBB4_73
    263189	40000b86	0006c683	clbu	x13,0(c13)	 x13:0x40001978+0x156001970 x13=0x00000001 PA:0x40001978 load:0x00000001                                            | exception_entry(TrustedStackGeneric<0u>* __sealed_capability, unsigned int, unsigned int, unsigned int) / .LBB4_73
    263191	40000b8a	    c291	c.beqz	x13,40000b8e	 x13:0x00000001                                                                                                 | exception_entry(TrustedStackGeneric<0u>* __sealed_capability, unsigned int, unsigned int, unsigned int) / .LBB4_73
    263194	40000b8c	    c190	c.sw	x12,0(c11)	 x11:0x88200004+0x166001004 x12:0x00000001 PA:0x88200004 store:0x000000001                                          | exception_entry(TrustedStackGeneric<0u>* __sealed_capability, unsigned int, unsigned int, unsigned int) / .LBB4_73
    263196	40000b8e	    410c	c.lw	x11,0(c10)	 x10:0x00101fe0+0x1760031b8 x11=0x00000001 PA:0x00101fe0 load:0x00000001                                            | exception_entry(TrustedStackGeneric<0u>* __sealed_capability, unsigned int, unsigned int, unsigned int) / .LBB4_73
    263198	40000b90	    0585	c.addi	x11,1	 x11:0x00000001 x11=0x00000002                                                                                         | exception_entry(TrustedStackGeneric<0u>* __sealed_capability, unsigned int, unsigned int, unsigned int) / .LBB4_73
    263199	40000b92	    c10c	c.sw	x11,0(c10)	 x10:0x00101fe0+0x1760031b8 x11:0x00000002 PA:0x00101fe0 store:0x000000002                                          | exception_entry(TrustedStackGeneric<0u>* __sealed_capability, unsigned int, unsigned int, unsigned int) / .LBB4_73
    263200	40000b94	    852a	c.mv	x10,x10	  x0:0x00000000 x10:0x00101fe0 x10=0x00101fe0                                                                          | exception_entry(TrustedStackGeneric<0u>* __sealed_capability, unsigned int, unsigned int, unsigned int) / .LBB4_73
    263201	40000b96	    55fd	c.li	x11,-1	 x11=0xffffffff                                                                                                         | exception_entry(TrustedStackGeneric<0u>* __sealed_capability, unsigned int, unsigned int, unsigned int) / .LBB4_73
    263202	40000b98	    2559	c.CH.cjal	4000121e	  x1=0x40000b9a+0x15713427e                                                                                      | exception_entry(TrustedStackGeneric<0u>* __sealed_capability, unsigned int, unsigned int, unsigned int) / .LBB4_73
    263204	4000121e	    7179	c.CH.cinc16csp	c2,-48	  x2:0x001016a0+0x13e0b80c0  x2=0x00101670+0x13e0b80c0                                                        | (anonymous namespace)::futex_wake(unsigned int, unsigned int)
    263206	40001220	    f406	c.CH.cscsp	c1,40(c2)	  x2:0x00101670+0x13e0b80c0  x1:0x40000b9a+0x15713427e PA:0x00101698 store:0x140000b9a+0x15713427e             | (anonymous namespace)::futex_wake(unsigned int, unsigned int)
    263208	40001222	    f022	c.CH.cscsp	c8,32(c2)	  x2:0x00101670+0x13e0b80c0  x8:0x00102150+0x176056980 PA:0x00101690 store:0x100102150+0x176056980             | (anonymous namespace)::futex_wake(unsigned int, unsigned int)
    263210	40001224	    ec26	c.CH.cscsp	c9,24(c2)	  x2:0x00101670+0x13e0b80c0  x9:0x00102030+0x176056980 PA:0x00101688 store:0x100102030+0x176056980             | (anonymous namespace)::futex_wake(unsigned int, unsigned int)
    263211	40001226	    84ae	c.mv	x9,x11	  x0:0x00000000 x11:0xffffffff  x9=0xffffffff                                                                           | (anonymous namespace)::futex_wake(unsigned int, unsigned int)
    263212	40001228	    87aa	c.mv	x15,x10	  x0:0x00000000 x10:0x00101fe0 x15=0x00101fe0                                                                          | (anonymous namespace)::futex_wake(unsigned int, unsigned int)
    263213	4000122a	    4681	c.li	x13,0	 x13=0x00000000                                                                                                          | (anonymous namespace)::futex_wake(unsigned int, unsigned int)
    263214	4000122c	f7c192db	CH.cincaddrimm	c5,c3,-132	  x3:0x00102034+0x176056980  x5=0x00101fb0+0x176056980                                                    | (anonymous namespace)::futex_wake(unsigned int, unsigned int) / .LBB13_11
    263215	40001230	0082a2db	CH.csetboundsimm	c5,c5,8	  x5:0x00101fb0+0x176056980  x5=0x00101fb0+0x1760371b0                                                     | (anonymous namespace)::futex_wake(unsigned int, unsigned int) / .LBB13_11
    263217	40001234	0002b403	CH.clc	c8,0(c5)	  x5:0x00101fb0+0x1760371b0  x8=0x00101f08+0x176035108 PA:0x00101fb0 load:0x100101f08+0x176035108                   | (anonymous namespace)::futex_wake(unsigned int, unsigned int) / .LBB13_11
    263218	40001238	    4701	c.li	x14,0	 x14=0x00000000                                                                                                          | (anonymous namespace)::futex_wake(unsigned int, unsigned int) / .LBB13_11
    263220	4000123a	0002b583	CH.clc	c11,0(c5)	  x5:0x00101fb0+0x1760371b0 x11=0x00101f08+0x176035108 PA:0x00101fb0 load:0x100101f08+0x176035108                  | (anonymous namespace)::futex_wake(unsigned int, unsigned int) / .LBB13_11
    263221	4000123e	fea4055b	CH.cmove	c10,c8	  x8:0x00101f08+0x176035108 x10=0x00101f08+0x176035108                                                              | (anonymous namespace)::futex_wake(unsigned int, unsigned int) / .LBB13_11
    263222	40001242	    cd15	c.beqz	x10,4000127e	 x10:0x00101f08                                                                                                 | (anonymous namespace)::futex_wake(unsigned int, unsigned int) / .LBB13_11
    263223	40001244	    c4b1	c.beqz	x9,40001290	  x9:0xffffffff                                                                                                  | (anonymous namespace)::futex_wake(unsigned int, unsigned int) / .LBB13_11
    263225	40001246	    6510	c.CH.clc	c12,8(c10)	 x10:0x00101f08+0x176035108 x12=0x00101f08+0x176035108 PA:0x00101f10 load:0x100101f08+0x176035108               | (anonymous namespace)::futex_wake(unsigned int, unsigned int) / .LBB13_11
    263226	40001248	fea0045b	CH.cmove	c8,c0	  x0:0x00000000+0x000000000  x8=0x00000000+0x000000000                                                               | (anonymous namespace)::futex_wake(unsigned int, unsigned int) / .LBB13_11
    263229	4000124c	00c58463	beq	x11,x12,40001254	 x11:0x00101f08 x12:0x00101f08                                                                                 | (anonymous namespace)::futex_wake(unsigned int, unsigned int) / .LBB13_11
    263231	40001254	    5d10	c.lw	x12,56(c10)	 x10:0x00101f08+0x176035108 x12=0x00101fe0 PA:0x00101f40 load:0x00101fe0                                           | (anonymous namespace)::futex_wake(unsigned int, unsigned int) / .LBB13_11
    263233	40001256	fef614e3	bne	x12,x15,4000123e	 x12:0x00101fe0 x15:0x00101fe0                                                                                 | (anonymous namespace)::futex_wake(unsigned int, unsigned int) / .LBB13_11
    263234	4000125a	03e54583	clbu	x11,62(c10)	 x10:0x00101f08+0x176035108 x11=0x00000000 PA:0x00101f46 load:0x00000000                                           | (anonymous namespace)::futex_wake(unsigned int, unsigned int) / .LBB13_11
    263236	4000125e	    8985	c.andi	x11,1	 x11:0x00000000 x11=0x00000000                                                                                         | (anonymous namespace)::futex_wake(unsigned int, unsigned int) / .LBB13_11
    263237	40001260	    8ecd	c.or	x13,x11	 x13:0x00000000 x11:0x00000000 x13=0x00000000                                                                          | (anonymous namespace)::futex_wake(unsigned int, unsigned int) / .LBB13_11
    263238	40001262	    ca36	c.swsp	x13,20(c2)	  x2:0x00101670+0x13e0b80c0 x13:0x00000000 PA:0x00101684 store:0x000000000                                        | (anonymous namespace)::futex_wake(unsigned int, unsigned int) / .LBB13_11
    263239	40001264	    4585	c.li	x11,1	 x11=0x00000001                                                                                                          | (anonymous namespace)::futex_wake(unsigned int, unsigned int) / .LBB13_11
    263240	40001266	    c83a	c.swsp	x14,16(c2)	  x2:0x00101670+0x13e0b80c0 x14:0x00000000 PA:0x00101680 store:0x000000000                                        | (anonymous namespace)::futex_wake(unsigned int, unsigned int) / .LBB13_11
    263241	40001268	    c63e	c.swsp	x15,12(c2)	  x2:0x00101670+0x13e0b80c0 x15:0x00101fe0 PA:0x0010167c store:0x000101fe0                                        | (anonymous namespace)::futex_wake(unsigned int, unsigned int) / .LBB13_11
    263243	4000126a	    e016	c.CH.cscsp	c5,0(c2)	  x2:0x00101670+0x13e0b80c0  x5:0x00101fb0+0x1760371b0 PA:0x00101670 store:0x100101fb0+0x1760371b0              | (anonymous namespace)::futex_wake(unsigned int, unsigned int) / .LBB13_11
    263244	4000126c	f66ff0ef	CH.cjal	c1,400009d2	  x1=0x40001270+0x15713427e                                                                                     | (anonymous namespace)::futex_wake(unsigned int, unsigned int) / .LBB13_11
    263246	400009d2	    713d	c.CH.cinc16csp	c2,-32	  x2:0x00101670+0x13e0b80c0  x2=0x00101650+0x13e0b80c0                                                        | (anonymous namespace)::ThreadImpl<32u>::ready((anonymous namespace)::ThreadImpl<32u>::WakeReason)
    263248	400009d4	    ec06	c.CH.cscsp	c1,24(c2)	  x2:0x00101650+0x13e0b80c0  x1:0x40001270+0x15713427e PA:0x00101668 store:0x140001270+0x15713427e             | (anonymous namespace)::ThreadImpl<32u>::ready((anonymous namespace)::ThreadImpl<32u>::WakeReason)
    263250	400009d6	    e822	c.CH.cscsp	c8,16(c2)	  x2:0x00101650+0x13e0b80c0  x8:0x00000000+0x000000000 PA:0x00101660 store:0x000000000+0x000000000             | (anonymous namespace)::ThreadImpl<32u>::ready((anonymous namespace)::ThreadImpl<32u>::WakeReason)
    263252	400009d8	    e426	c.CH.cscsp	c9,8(c2)	  x2:0x00101650+0x13e0b80c0  x9:0xffffffff+0x000000000 PA:0x00101658 store:0x0ffffffff+0x000000000              | (anonymous namespace)::ThreadImpl<32u>::ready((anonymous namespace)::ThreadImpl<32u>::WakeReason)
    263253	400009da	    84ae	c.mv	x9,x11	  x0:0x00000000 x11:0x00000001  x9=0x00000001                                                                           | (anonymous namespace)::ThreadImpl<32u>::ready((anonymous namespace)::ThreadImpl<32u>::WakeReason)
    263254	400009dc	fea5045b	CH.cmove	c8,c10	 x10:0x00101f08+0x176035108  x8=0x00101f08+0x176035108                                                              | (anonymous namespace)::ThreadImpl<32u>::ready((anonymous namespace)::ThreadImpl<32u>::WakeReason)
    263256	400009e0	    6d0c	c.CH.clc	c11,24(c10)	 x10:0x00101f08+0x176035108 x11=0x00101f08+0x176035108 PA:0x00101f20 load:0x100101f08+0x176035108              | (anonymous namespace)::ThreadImpl<32u>::ready((anonymous namespace)::ThreadImpl<32u>::WakeReason)
    263257	400009e2	0041955b	CH.cincaddrimm	c10,c3,4	  x3:0x00102034+0x176056980 x10=0x00102038+0x176056980                                                      | (anonymous namespace)::ThreadImpl<32u>::ready((anonymous namespace)::ThreadImpl<32u>::WakeReason) / .LBB3_13
    263260	400009e6	00858a63	beq	x11,x8,400009fa	 x11:0x00101f08  x8:0x00101f08                                                                                  | (anonymous namespace)::ThreadImpl<32u>::ready((anonymous namespace)::ThreadImpl<32u>::WakeReason) / .LBB3_13
    263263	400009fa	fea005db	CH.cmove	c11,c0	  x0:0x00000000+0x000000000 x11=0x00000000+0x000000000                                                              | (anonymous namespace)::ThreadImpl<32u>::ready((anonymous namespace)::ThreadImpl<32u>::WakeReason) / .LBB3_13
    263265	400009fe	    e10c	c.CH.csc	c11,0(c10)	 x10:0x00102038+0x176056980 x11:0x00000000+0x000000000 PA:0x00102038 store:0x000000000+0x000000000              | (anonymous namespace)::ThreadImpl<32u>::ready((anonymous namespace)::ThreadImpl<32u>::WakeReason) / .LBB3_13
    263267	40000a00	    700c	c.CH.clc	c11,32(c8)	  x8:0x00101f08+0x176035108 x11=0x00101fb0+0x1760371b0 PA:0x00101f28 load:0x100101fb0+0x1760371b0               | (anonymous namespace)::ThreadImpl<32u>::ready((anonymous namespace)::ThreadImpl<32u>::WakeReason) / .LBB3_13
    263269	40000a02	00043823	CH.csc	c0,16(c8)	  x8:0x00101f08+0x176035108  x0:0x00000000+0x000000000 PA:0x00101f18 store:0x000000000+0x000000000                 | (anonymous namespace)::ThreadImpl<32u>::ready((anonymous namespace)::ThreadImpl<32u>::WakeReason) / .LBB3_13
    263271	40000a06	00043c23	CH.csc	c0,24(c8)	  x8:0x00101f08+0x176035108  x0:0x00000000+0x000000000 PA:0x00101f20 store:0x000000000+0x000000000                 | (anonymous namespace)::ThreadImpl<32u>::ready((anonymous namespace)::ThreadImpl<32u>::WakeReason) / .LBB3_13
    263272	40000a0a	    c599	c.beqz	x11,40000a18	 x11:0x00101fb0                                                                                                 | (anonymous namespace)::ThreadImpl<32u>::ready((anonymous namespace)::ThreadImpl<32u>::WakeReason) / .LBB3_13
    263273	40000a0c	fea4055b	CH.cmove	c10,c8	  x8:0x00101f08+0x176035108 x10=0x00101f08+0x176035108                                                              | (anonymous namespace)::ThreadImpl<32u>::ready((anonymous namespace)::ThreadImpl<32u>::WakeReason) / .LBB3_13
    263274	40000a10	455000ef	CH.cjal	c1,40001664	  x1=0x40000a14+0x15713427e                                                                                     | (anonymous namespace)::ThreadImpl<32u>::ready((anonymous namespace)::ThreadImpl<32u>::WakeReason) / .LBB3_13
    263277	40001664	    6510	c.CH.clc	c12,8(c10)	 x10:0x00101f08+0x176035108 x12=0x00101f08+0x176035108 PA:0x00101f10 load:0x100101f08+0x176035108               | (anonymous namespace)::ThreadImpl<32u>::list_remove((anonymous namespace)::ThreadImpl<32u>**)
    263281	40001666	00a60a63	beq	x12,x10,4000167a	 x12:0x00101f08 x10:0x00101f08                                                                                 | (anonymous namespace)::ThreadImpl<32u>::list_remove((anonymous namespace)::ThreadImpl<32u>**)
    263284	4000167a	fea0065b	CH.cmove	c12,c0	  x0:0x00000000+0x000000000 x12=0x00000000+0x000000000                                                              | (anonymous namespace)::ThreadImpl<32u>::list_remove((anonymous namespace)::ThreadImpl<32u>**)
    263286	4000167e	    e190	c.CH.csc	c12,0(c11)	 x11:0x00101fb0+0x1760371b0 x12:0x00000000+0x000000000 PA:0x00101fb0 store:0x000000000+0x000000000              | (anonymous namespace)::ThreadImpl<32u>::list_remove((anonymous namespace)::ThreadImpl<32u>**)
    263288	40001680	00053023	CH.csc	c0,0(c10)	 x10:0x00101f08+0x176035108  x0:0x00000000+0x000000000 PA:0x00101f08 store:0x000000000+0x000000000                 | (anonymous namespace)::ThreadImpl<32u>::list_remove((anonymous namespace)::ThreadImpl<32u>**)
    263290	40001684	00053423	CH.csc	c0,8(c10)	 x10:0x00101f08+0x176035108  x0:0x00000000+0x000000000 PA:0x00101f10 store:0x000000000+0x000000000                 | (anonymous namespace)::ThreadImpl<32u>::list_remove((anonymous namespace)::ThreadImpl<32u>**)
    263291	40001688	    8082	c.CH.cjr	c1	  x1:0x40000a14+0x15713427e                                                                                             | (anonymous namespace)::ThreadImpl<32u>::list_remove((anonymous namespace)::ThreadImpl<32u>**)
    263294	40000a14	02043023	CH.csc	c0,32(c8)	  x8:0x00101f08+0x176035108  x0:0x00000000+0x000000000 PA:0x00101f28 store:0x000000000+0x000000000                 | (anonymous namespace)::ThreadImpl<32u>::ready((anonymous namespace)::ThreadImpl<32u>::WakeReason) / .LBB3_13
    263295	40000a18	04c44583	clbu	x11,76(c8)	  x8:0x00101f08+0x176035108 x11=0x00000001 PA:0x00101f54 load:0x00000001                                            | (anonymous namespace)::ThreadImpl<32u>::ready((anonymous namespace)::ThreadImpl<32u>::WakeReason) / .LBB3_13
    263296	40000a1c	04a44503	clbu	x10,74(c8)	  x8:0x00101f08+0x176035108 x10=0x00000001 PA:0x00101f52 load:0x00000001                                            | (anonymous namespace)::ThreadImpl<32u>::ready((anonymous namespace)::ThreadImpl<32u>::WakeReason) / .LBB3_13
    263297	40000a20	0141965b	CH.cincaddrimm	c12,c3,20	  x3:0x00102034+0x176056980 x12=0x00102048+0x176056980                                                     | (anonymous namespace)::ThreadImpl<32u>::ready((anonymous namespace)::ThreadImpl<32u>::WakeReason) / .LBB3_14
    263298	40000a24	1006265b	CH.csetboundsimm	c12,c12,256	 x12:0x00102048+0x176056980 x12=0x00102048+0x176029048                                                 | (anonymous namespace)::ThreadImpl<32u>::ready((anonymous namespace)::ThreadImpl<32u>::WakeReason) / .LBB3_14
    263299	40000a28	0fc5f593	andi	x11,x11,252	 x11:0x00000001 x11=0x00000000                                                                                     | (anonymous namespace)::ThreadImpl<32u>::ready((anonymous namespace)::ThreadImpl<32u>::WakeReason) / .LBB3_14
    263300	40000a2c	04b40623	csb	x11,76(c8)	  x8:0x00101f08+0x176035108 x11:0x00000000 PA:0x00101f54 store:0x0??????00                                           | (anonymous namespace)::ThreadImpl<32u>::ready((anonymous namespace)::ThreadImpl<32u>::WakeReason) / .LBB3_14
    263301	40000a30	00351593	slli	x11,x10,0x3	 x10:0x00000001 x11=0x00000008                                                                                     | (anonymous namespace)::ThreadImpl<32u>::ready((anonymous namespace)::ThreadImpl<32u>::WakeReason) / .LBB3_14
    263302	40000a34	22b605db	CH.cincaddr	c11,c12,x11	 x12:0x00102048+0x176029048 x11:0x00000008 x11=0x00102050+0x176029048                                       | (anonymous namespace)::ThreadImpl<32u>::ready((anonymous namespace)::ThreadImpl<32u>::WakeReason) / .LBB3_14
    263304	40000a38	    6190	c.CH.clc	c12,0(c11)	 x11:0x00102050+0x176029048 x12=0x00000000+0x000000000 PA:0x00102050 load:0x000000000+0x000000000               | (anonymous namespace)::ThreadImpl<32u>::ready((anonymous namespace)::ThreadImpl<32u>::WakeReason) / .LBB3_14
    263308	40000a3a	    e21d	c.bnez	x12,40000a60	 x12:0x00000000                                                                                                 | (anonymous namespace)::ThreadImpl<32u>::ready((anonymous namespace)::ThreadImpl<32u>::WakeReason) / .LBB3_14
    263309	40000a3c	114196db	CH.cincaddrimm	c13,c3,276	  x3:0x00102034+0x176056980 x13=0x00102148+0x176056980                                                    | (anonymous namespace)::ThreadImpl<32u>::ready((anonymous namespace)::ThreadImpl<32u>::WakeReason) / .LBB3_15
    263310	40000a40	    4298	c.lw	x14,0(c13)	 x13:0x00102148+0x176056980 x14=0x00000001 PA:0x00102148 load:0x00000001                                            | (anonymous namespace)::ThreadImpl<32u>::ready((anonymous namespace)::ThreadImpl<32u>::WakeReason) / .LBB3_15
    263311	40000a42	1181965b	CH.cincaddrimm	c12,c3,280	  x3:0x00102034+0x176056980 x12=0x0010214c+0x176056980                                                    | (anonymous namespace)::ThreadImpl<32u>::ready((anonymous namespace)::ThreadImpl<32u>::WakeReason) / .LBB3_16
    263312	40000a46	00065283	clhu	x5,0(c12)	 x12:0x0010214c+0x176056980  x5=0x00000000 PA:0x0010214c load:0x00000000                                             | (anonymous namespace)::ThreadImpl<32u>::ready((anonymous namespace)::ThreadImpl<32u>::WakeReason) / .LBB3_16
    263313	40000a4a	    87a6	c.mv	x15,x9	  x0:0x00000000  x9:0x00000001 x15=0x00000001                                                                           | (anonymous namespace)::ThreadImpl<32u>::ready((anonymous namespace)::ThreadImpl<32u>::WakeReason) / .LBB3_16
    263314	40000a4c	    4485	c.li	x9,1	  x9=0x00000001                                                                                                           | (anonymous namespace)::ThreadImpl<32u>::ready((anonymous namespace)::ThreadImpl<32u>::WakeReason) / .LBB3_16
    263315	40000a4e	00a494b3	sll	x9,x9,x10	  x9:0x00000001 x10:0x00000001  x9=0x00000002                                                                         | (anonymous namespace)::ThreadImpl<32u>::ready((anonymous namespace)::ThreadImpl<32u>::WakeReason) / .LBB3_16
    263316	40000a52	    8f45	c.or	x14,x9	 x14:0x00000001  x9:0x00000002 x14=0x00000003                                                                           | (anonymous namespace)::ThreadImpl<32u>::ready((anonymous namespace)::ThreadImpl<32u>::WakeReason) / .LBB3_16
    263317	40000a54	    84be	c.mv	x9,x15	  x0:0x00000000 x15:0x00000001  x9=0x00000001                                                                           | (anonymous namespace)::ThreadImpl<32u>::ready((anonymous namespace)::ThreadImpl<32u>::WakeReason) / .LBB3_16
    263318	40000a56	    c298	c.sw	x14,0(c13)	 x13:0x00102148+0x176056980 x14:0x00000003 PA:0x00102148 store:0x000000003                                          | (anonymous namespace)::ThreadImpl<32u>::ready((anonymous namespace)::ThreadImpl<32u>::WakeReason) / .LBB3_16
    263319	40000a58	00a2f463	bgeu	x5,x10,40000a60	  x5:0x00000000 x10:0x00000001                                                                                 | (anonymous namespace)::ThreadImpl<32u>::ready((anonymous namespace)::ThreadImpl<32u>::WakeReason) / .LBB3_16
    263320	40000a5c	00a61023	csh	x10,0(c12)	 x12:0x0010214c+0x176056980 x10:0x00000001 PA:0x0010214c store:0x0????0001                                           | (anonymous namespace)::ThreadImpl<32u>::ready((anonymous namespace)::ThreadImpl<32u>::WakeReason) / .LBB3_16
    263321	40000a60	    e099	c.bnez	x9,40000a66	  x9:0x00000001                                                                                                  | (anonymous namespace)::ThreadImpl<32u>::ready((anonymous namespace)::ThreadImpl<32u>::WakeReason) / .LBB3_16
    263325	40000a66	fea4055b	CH.cmove	c10,c8	  x8:0x00101f08+0x176035108 x10=0x00101f08+0x176035108                                                              | (anonymous namespace)::ThreadImpl<32u>::ready((anonymous namespace)::ThreadImpl<32u>::WakeReason) / .LBB3_16
    263326	40000a6a	421000ef	CH.cjal	c1,4000168a	  x1=0x40000a6e+0x15713427e                                                                                     | (anonymous namespace)::ThreadImpl<32u>::ready((anonymous namespace)::ThreadImpl<32u>::WakeReason) / .LBB3_16
    263331	4000168a	0005b283	CH.clc	c5,0(c11)	 x11:0x00102050+0x176029048  x5=0x00000000+0x000000000 PA:0x00102050 load:0x000000000+0x000000000                  | (anonymous namespace)::ThreadImpl<32u>::list_insert((anonymous namespace)::ThreadImpl<32u>**)
    263335	4000168e	02028a63	beq	x5,x0,400016c2	  x5:0x00000000  x0:0x00000000                                                                                   | (anonymous namespace)::ThreadImpl<32u>::list_insert((anonymous namespace)::ThreadImpl<32u>**)
    263338	400016c2	    e188	c.CH.csc	c10,0(c11)	 x11:0x00102050+0x176029048 x10:0x00101f08+0x176035108 PA:0x00102050 store:0x100101f08+0x176035108              | (anonymous namespace)::ThreadImpl<32u>::list_insert((anonymous namespace)::ThreadImpl<32u>**)
    263340	400016c4	    e108	c.CH.csc	c10,0(c10)	 x10:0x00101f08+0x176035108 x10:0x00101f08+0x176035108 PA:0x00101f08 store:0x100101f08+0x176035108              | (anonymous namespace)::ThreadImpl<32u>::list_insert((anonymous namespace)::ThreadImpl<32u>**)
    263342	400016c6	    e508	c.CH.csc	c10,8(c10)	 x10:0x00101f08+0x176035108 x10:0x00101f08+0x176035108 PA:0x00101f10 store:0x100101f08+0x176035108              | (anonymous namespace)::ThreadImpl<32u>::list_insert((anonymous namespace)::ThreadImpl<32u>**)
    263343	400016c8	    8082	c.CH.cjr	c1	  x1:0x40000a6e+0x15713427e                                                                                             | (anonymous namespace)::ThreadImpl<32u>::list_insert((anonymous namespace)::ThreadImpl<32u>**)
    263346	40000a6e	04c44503	clbu	x10,76(c8)	  x8:0x00101f08+0x176035108 x10=0x00000000 PA:0x00101f54 load:0x00000000                                            | (anonymous namespace)::ThreadImpl<32u>::ready((anonymous namespace)::ThreadImpl<32u>::WakeReason) / .LBB3_16
    263348	40000a72	0fb57513	andi	x10,x10,251	 x10:0x00000000 x10=0x00000000                                                                                     | (anonymous namespace)::ThreadImpl<32u>::ready((anonymous namespace)::ThreadImpl<32u>::WakeReason) / .LBB3_16
    263349	40000a76	04a40623	csb	x10,76(c8)	  x8:0x00101f08+0x176035108 x10:0x00000000 PA:0x00101f54 store:0x0??????00                                           | (anonymous namespace)::ThreadImpl<32u>::ready((anonymous namespace)::ThreadImpl<32u>::WakeReason) / .LBB3_16
    263350	40000a7a	6cd0006f	CH.cjal	c0,40001946	  x0=0x00000000+0x000000000                                                                                     | (anonymous namespace)::ThreadImpl<32u>::ready((anonymous namespace)::ThreadImpl<32u>::WakeReason) / .LBB3_16
    263353	40001946	    60e2	c.CH.clcsp	c1,24(c2)	  x2:0x00101650+0x13e0b80c0  x1=0x40001270+0x15713427e PA:0x00101668 load:0x140001270+0x15713427e              | OUTLINED_FUNCTION_1
    263355	40001948	    6442	c.CH.clcsp	c8,16(c2)	  x2:0x00101650+0x13e0b80c0  x8=0x00000000+0x000000000 PA:0x00101660 load:0x000000000+0x000000000              | OUTLINED_FUNCTION_1
    263357	4000194a	    64a2	c.CH.clcsp	c9,8(c2)	  x2:0x00101650+0x13e0b80c0  x9=0xffffffff+0x000000000 PA:0x00101658 load:0x0ffffffff+0x000000000               | OUTLINED_FUNCTION_1
    263358	4000194c	    6105	c.CH.cinc16csp	c2,32	  x2:0x00101650+0x13e0b80c0  x2=0x00101670+0x13e0b80c0                                                         | OUTLINED_FUNCTION_1
    263359	4000194e	    8082	c.CH.cjr	c1	  x1:0x40001270+0x15713427e                                                                                             | OUTLINED_FUNCTION_1
    263362	40001270	    6282	c.CH.clcsp	c5,0(c2)	  x2:0x00101670+0x13e0b80c0  x5=0x00101fb0+0x1760371b0 PA:0x00101670 load:0x100101fb0+0x1760371b0               | (anonymous namespace)::futex_wake(unsigned int, unsigned int) / .LBB13_11
    263363	40001272	    47b2	c.lwsp	x15,12(c2)	  x2:0x00101670+0x13e0b80c0 x15=0x00101fe0 PA:0x0010167c load:0x00101fe0                                          | (anonymous namespace)::futex_wake(unsigned int, unsigned int) / .LBB13_11
    263364	40001274	    4742	c.lwsp	x14,16(c2)	  x2:0x00101670+0x13e0b80c0 x14=0x00000000 PA:0x00101680 load:0x00000000                                          | (anonymous namespace)::futex_wake(unsigned int, unsigned int) / .LBB13_11
    263365	40001276	    46d2	c.lwsp	x13,20(c2)	  x2:0x00101670+0x13e0b80c0 x13=0x00000000 PA:0x00101684 load:0x00000000                                          | (anonymous namespace)::futex_wake(unsigned int, unsigned int) / .LBB13_11
    263366	40001278	    14fd	c.addi	x9,-1	  x9:0xffffffff  x9=0xfffffffe                                                                                         | (anonymous namespace)::futex_wake(unsigned int, unsigned int) / .LBB13_11
    263367	4000127a	    0705	c.addi	x14,1	 x14:0x00000000 x14=0x00000001                                                                                         | (anonymous namespace)::futex_wake(unsigned int, unsigned int) / .LBB13_11
    263368	4000127c	    bf7d	c.CH.cj	4000123a	                                                                                                                   | (anonymous namespace)::futex_wake(unsigned int, unsigned int) / .LBB13_11
    263372	4000123a	0002b583	CH.clc	c11,0(c5)	  x5:0x00101fb0+0x1760371b0 x11=0x00000000+0x000000000 PA:0x00101fb0 load:0x000000000+0x000000000                  | (anonymous namespace)::futex_wake(unsigned int, unsigned int) / .LBB13_11
    263373	4000123e	fea4055b	CH.cmove	c10,c8	  x8:0x00000000+0x000000000 x10=0x00000000+0x000000000                                                              | (anonymous namespace)::futex_wake(unsigned int, unsigned int) / .LBB13_11
    263374	40001242	    cd15	c.beqz	x10,4000127e	 x10:0x00000000                                                                                                 | (anonymous namespace)::futex_wake(unsigned int, unsigned int) / .LBB13_11
    263376	4000127e	    c889	c.beqz	x9,40001290	  x9:0xfffffffe                                                                                                  | (anonymous namespace)::futex_wake(unsigned int, unsigned int) / .LBB13_11
    263377	40001280	    853e	c.mv	x10,x15	  x0:0x00000000 x15:0x00101fe0 x10=0x00101fe0                                                                          | (anonymous namespace)::futex_wake(unsigned int, unsigned int) / .LBB13_11
    263378	40001282	    85a6	c.mv	x11,x9	  x0:0x00000000  x9:0xfffffffe x11=0xfffffffe                                                                           | (anonymous namespace)::futex_wake(unsigned int, unsigned int) / .LBB13_11
    263379	40001284	    8436	c.mv	x8,x13	  x0:0x00000000 x13:0x00000000  x8=0x00000000                                                                           | (anonymous namespace)::futex_wake(unsigned int, unsigned int) / .LBB13_11
    263380	40001286	    84ba	c.mv	x9,x14	  x0:0x00000000 x14:0x00000001  x9=0x00000001                                                                           | (anonymous namespace)::futex_wake(unsigned int, unsigned int) / .LBB13_11
    263381	40001288	    2e1d	c.CH.cjal	400015be	  x1=0x4000128a+0x15713427e                                                                                      | (anonymous namespace)::futex_wake(unsigned int, unsigned int) / .LBB13_11
    263383	400015be	    7179	c.CH.cinc16csp	c2,-48	  x2:0x00101670+0x13e0b80c0  x2=0x00101640+0x13e0b80c0                                                        | unsigned int MultiWaiterInternal::wake_waiters<unsigned int>(unsigned int, unsigned int)
    263385	400015c0	    f406	c.CH.cscsp	c1,40(c2)	  x2:0x00101640+0x13e0b80c0  x1:0x4000128a+0x15713427e PA:0x00101668 store:0x14000128a+0x15713427e             | unsigned int MultiWaiterInternal::wake_waiters<unsigned int>(unsigned int, unsigned int)
    263387	400015c2	    f022	c.CH.cscsp	c8,32(c2)	  x2:0x00101640+0x13e0b80c0  x8:0x00000000+0x000000000 PA:0x00101660 store:0x000000000+0x000000000             | unsigned int MultiWaiterInternal::wake_waiters<unsigned int>(unsigned int, unsigned int)
    263389	400015c4	    ec26	c.CH.cscsp	c9,24(c2)	  x2:0x00101640+0x13e0b80c0  x9:0x00000001+0x000000000 PA:0x00101658 store:0x000000001+0x000000000             | unsigned int MultiWaiterInternal::wake_waiters<unsigned int>(unsigned int, unsigned int)
    263390	400015c6	    c82e	c.swsp	x11,16(c2)	  x2:0x00101640+0x13e0b80c0 x11:0xfffffffe PA:0x00101650 store:0x0fffffffe                                        | unsigned int MultiWaiterInternal::wake_waiters<unsigned int>(unsigned int, unsigned int)
    263391	400015c8	    c62a	c.swsp	x10,12(c2)	  x2:0x00101640+0x13e0b80c0 x10:0x00101fe0 PA:0x0010164c store:0x000101fe0                                        | unsigned int MultiWaiterInternal::wake_waiters<unsigned int>(unsigned int, unsigned int)
    263392	400015ca	00c1955b	CH.cincaddrimm	c10,c3,12	  x3:0x00102034+0x176056980 x10=0x00102040+0x176056980                                                     | unsigned int MultiWaiterInternal::wake_waiters<unsigned int>(unsigned int, unsigned int) / .LBB27_8
    263393	400015ce	0085255b	CH.csetboundsimm	c10,c10,8	 x10:0x00102040+0x176056980 x10=0x00102040+0x176009040                                                   | unsigned int MultiWaiterInternal::wake_waiters<unsigned int>(unsigned int, unsigned int) / .LBB27_8
    263395	400015d2	    e02a	c.CH.cscsp	c10,0(c2)	  x2:0x00101640+0x13e0b80c0 x10:0x00102040+0x176009040 PA:0x00101640 store:0x100102040+0x176009040             | unsigned int MultiWaiterInternal::wake_waiters<unsigned int>(unsigned int, unsigned int) / .LBB27_8
    263397	400015d4	    6104	c.CH.clc	c9,0(c10)	 x10:0x00102040+0x176009040  x9=0x00000000+0x000000000 PA:0x00102040 load:0x000000000+0x000000000                | unsigned int MultiWaiterInternal::wake_waiters<unsigned int>(unsigned int, unsigned int) / .LBB27_8
    263398	400015d6	    ca02	c.swsp	x0,20(c2)	  x2:0x00101640+0x13e0b80c0  x0:0x00000000 PA:0x00101654 store:0x000000000                                         | unsigned int MultiWaiterInternal::wake_waiters<unsigned int>(unsigned int, unsigned int) / .LBB27_8
    263401	400015d8	fea4845b	CH.cmove	c8,c9	  x9:0x00000000+0x000000000  x8=0x00000000+0x000000000                                                               | unsigned int MultiWaiterInternal::wake_waiters<unsigned int>(unsigned int, unsigned int) / .LBB27_8
    263402	400015dc	    cc05	c.beqz	x8,40001614	  x8:0x00000000                                                                                                  | unsigned int MultiWaiterInternal::wake_waiters<unsigned int>(unsigned int, unsigned int) / .LBB27_8
    263404	40001614	    4552	c.lwsp	x10,20(c2)	  x2:0x00101640+0x13e0b80c0 x10=0x00000000 PA:0x00101654 load:0x00000000                                          | unsigned int MultiWaiterInternal::wake_waiters<unsigned int>(unsigned int, unsigned int) / .LBB27_8
    263406	40001616	    70a2	c.CH.clcsp	c1,40(c2)	  x2:0x00101640+0x13e0b80c0  x1=0x4000128a+0x15713427e PA:0x00101668 load:0x14000128a+0x15713427e              | unsigned int MultiWaiterInternal::wake_waiters<unsigned int>(unsigned int, unsigned int) / .LBB27_8
    263408	40001618	    7402	c.CH.clcsp	c8,32(c2)	  x2:0x00101640+0x13e0b80c0  x8=0x00000000+0x000000000 PA:0x00101660 load:0x000000000+0x000000000              | unsigned int MultiWaiterInternal::wake_waiters<unsigned int>(unsigned int, unsigned int) / .LBB27_8
    263410	4000161a	    64e2	c.CH.clcsp	c9,24(c2)	  x2:0x00101640+0x13e0b80c0  x9=0x00000001+0x000000000 PA:0x00101658 load:0x000000001+0x000000000              | unsigned int MultiWaiterInternal::wake_waiters<unsigned int>(unsigned int, unsigned int) / .LBB27_8
    263411	4000161c	    6145	c.CH.cinc16csp	c2,48	  x2:0x00101640+0x13e0b80c0  x2=0x00101670+0x13e0b80c0                                                         | unsigned int MultiWaiterInternal::wake_waiters<unsigned int>(unsigned int, unsigned int) / .LBB27_8
    263412	4000161e	    8082	c.CH.cjr	c1	  x1:0x4000128a+0x15713427e                                                                                             | unsigned int MultiWaiterInternal::wake_waiters<unsigned int>(unsigned int, unsigned int) / .LBB27_8
    263414	4000128a	    86a2	c.mv	x13,x8	  x0:0x00000000  x8:0x00000000 x13=0x00000000                                                                           | (anonymous namespace)::futex_wake(unsigned int, unsigned int) / .LBB13_11
    263415	4000128c	00950733	add	x14,x10,x9	 x10:0x00000000  x9:0x00000001 x14=0x00000001                                                                        | (anonymous namespace)::futex_wake(unsigned int, unsigned int) / .LBB13_11
    263416	40001290	0ff6f513	andi	x10,x13,255	 x13:0x00000000 x10=0x00000000                                                                                     | (anonymous namespace)::futex_wake(unsigned int, unsigned int) / .LBB13_11
    263417	40001294	    85ba	c.mv	x11,x14	  x0:0x00000000 x14:0x00000001 x11=0x00000001                                                                          | (anonymous namespace)::futex_wake(unsigned int, unsigned int) / .LBB13_11
    263418	40001296	    a55d	c.CH.cj	4000193c	                                                                                                                   | (anonymous namespace)::futex_wake(unsigned int, unsigned int) / .LBB13_11
    263422	4000193c	    70a2	c.CH.clcsp	c1,40(c2)	  x2:0x00101670+0x13e0b80c0  x1=0x40000b9a+0x15713427e PA:0x00101698 load:0x140000b9a+0x15713427e              | OUTLINED_FUNCTION_0
    263424	4000193e	    7402	c.CH.clcsp	c8,32(c2)	  x2:0x00101670+0x13e0b80c0  x8=0x00102150+0x176056980 PA:0x00101690 load:0x100102150+0x176056980              | OUTLINED_FUNCTION_0
    263426	40001940	    64e2	c.CH.clcsp	c9,24(c2)	  x2:0x00101670+0x13e0b80c0  x9=0x00102030+0x176056980 PA:0x00101688 load:0x100102030+0x176056980              | OUTLINED_FUNCTION_0
    263427	40001942	    6145	c.CH.cinc16csp	c2,48	  x2:0x00101670+0x13e0b80c0  x2=0x001016a0+0x13e0b80c0                                                         | OUTLINED_FUNCTION_0
    263428	40001944	    8082	c.CH.cjr	c1	  x1:0x40000b9a+0x15713427e                                                                                             | OUTLINED_FUNCTION_0
    263431	40000b9a	00b04663	blt	x0,x11,40000ba6	  x0:0x00000000 x11:0x00000001                                                                                  | exception_entry(TrustedStackGeneric<0u>* __sealed_capability, unsigned int, unsigned int, unsigned int) / .LBB4_73
    263434	40000ba6	    ec22	c.CH.cscsp	c8,24(c2)	  x2:0x001016a0+0x13e0b80c0  x8:0x00102150+0x176056980 PA:0x001016b8 store:0x100102150+0x176056980             | exception_entry(TrustedStackGeneric<0u>* __sealed_capability, unsigned int, unsigned int, unsigned int) / .LBB4_73
    263435	40000ba8	205000ef	CH.cjal	c1,400015ac	  x1=0x40000bac+0x15713427e                                                                                     | exception_entry(TrustedStackGeneric<0u>* __sealed_capability, unsigned int, unsigned int, unsigned int) / .LBB4_73
    263437	400015ac	fec1955b	CH.cincaddrimm	c10,c3,-20	  x3:0x00102034+0x176056980 x10=0x00102020+0x176056980                                                    | OpenTitanUart::blocking_write(unsigned char) volatile / .LBB26_3/StandardClint::time()
    263439	400015b0	    6110	c.CH.clc	c12,0(c10)	 x10:0x00102020+0x176056980 x12=0x8004bff8+0x1660001f8 PA:0x00102020 load:0x18004bff8+0x1660001f8               | OpenTitanUart::blocking_write(unsigned char) volatile / .LBB26_3/StandardClint::time()
    263443	400015b2	    424c	c.lw	x11,4(c12)	 x12:0x8004bff8+0x1660001f8 x11=0x00000001 PA:0x8004bffc load:0x00000001                                            | OpenTitanUart::blocking_write(unsigned char) volatile / .LBB26_3/StandardClint::time()
    263445	400015b4	    4208	c.lw	x10,0(c12)	 x12:0x8004bff8+0x1660001f8 x10=0x000216d4 PA:0x8004bff8 load:0x000216d4                                            | OpenTitanUart::blocking_write(unsigned char) volatile / .LBB26_3/StandardClint::time()
    263447	400015b6	    4254	c.lw	x13,4(c12)	 x12:0x8004bff8+0x1660001f8 x13=0x00000001 PA:0x8004bffc load:0x00000001                                            | OpenTitanUart::blocking_write(unsigned char) volatile / .LBB26_3/StandardClint::time()
    263449	400015b8	fed59de3	bne	x11,x13,400015b2	 x11:0x00000001 x13:0x00000001                                                                                 | OpenTitanUart::blocking_write(unsigned char) volatile / .LBB26_3/StandardClint::time()
    263450	400015bc	    8082	c.CH.cjr	c1	  x1:0x40000bac+0x15713427e                                                                                             | OpenTitanUart::blocking_write(unsigned char) volatile / .LBB26_3/StandardClint::time()
    263452	40000bac	    842e	c.mv	x8,x11	  x0:0x00000000 x11:0x00000001  x8=0x00000001                                                                           | exception_entry(TrustedStackGeneric<0u>* __sealed_capability, unsigned int, unsigned int, unsigned int) / .LBB4_73
    263453	40000bae	fe4195db	CH.cincaddrimm	c11,c3,-28	  x3:0x00102034+0x176056980 x11=0x00102018+0x176056980                                                    | exception_entry(TrustedStackGeneric<0u>* __sealed_capability, unsigned int, unsigned int, unsigned int) / .LBB4_74
    263454	40000bb2	    4190	c.lw	x12,0(c11)	 x11:0x00102018+0x176056980 x12=0x0001ec6d PA:0x00102018 load:0x0001ec6d                                            | exception_entry(TrustedStackGeneric<0u>* __sealed_capability, unsigned int, unsigned int, unsigned int) / .LBB4_74
    263455	40000bb4	    41d4	c.lw	x13,4(c11)	 x11:0x00102018+0x176056980 x13=0x00000000 PA:0x0010201c load:0x00000000                                            | exception_entry(TrustedStackGeneric<0u>* __sealed_capability, unsigned int, unsigned int, unsigned int) / .LBB4_74
    263456	40000bb6	00c535b3	sltu	x11,x10,x12	 x10:0x000216d4 x12:0x0001ec6d x11=0x00000000                                                                      | exception_entry(TrustedStackGeneric<0u>* __sealed_capability, unsigned int, unsigned int, unsigned int) / .LBB4_74
    263457	40000bba	40d406b3	sub	x13,x8,x13	  x8:0x00000001 x13:0x00000000 x13=0x00000001                                                                        | exception_entry(TrustedStackGeneric<0u>* __sealed_capability, unsigned int, unsigned int, unsigned int) / .LBB4_74
    263458	40000bbe	40b685b3	sub	x11,x13,x11	 x13:0x00000001 x11:0x00000000 x11=0x00000001                                                                       | exception_entry(TrustedStackGeneric<0u>* __sealed_capability, unsigned int, unsigned int, unsigned int) / .LBB4_74
    263459	40000bc2	    de2a	c.swsp	x10,60(c2)	  x2:0x001016a0+0x13e0b80c0 x10:0x000216d4 PA:0x001016dc store:0x0000216d4                                        | exception_entry(TrustedStackGeneric<0u>* __sealed_capability, unsigned int, unsigned int, unsigned int) / .LBB4_74
    263460	40000bc4	    8d11	c.sub	x10,x12	 x10:0x000216d4 x12:0x0001ec6d x10=0x00002a67                                                                         | exception_entry(TrustedStackGeneric<0u>* __sealed_capability, unsigned int, unsigned int, unsigned int) / .LBB4_74
    263461	40000bc6	00062637	lui	x12,0x62	 x12=0x00062000                                                                                                        | exception_entry(TrustedStackGeneric<0u>* __sealed_capability, unsigned int, unsigned int, unsigned int) / .LBB4_74
    263462	40000bca	a8060613	addi	x12,x12,-1408	 x12:0x00062000 x12=0x00061a80                                                                                   | exception_entry(TrustedStackGeneric<0u>* __sealed_capability, unsigned int, unsigned int, unsigned int) / .LBB4_74
    263463	40000bce	    4681	c.li	x13,0	 x13=0x00000000                                                                                                          | exception_entry(TrustedStackGeneric<0u>* __sealed_capability, unsigned int, unsigned int, unsigned int) / .LBB4_74
    263464	40000bd0	00000397	CH.auipcc	c7,0x0	  x7=0x40000bd0+0x15613427e                                                                                        | exception_entry(TrustedStackGeneric<0u>* __sealed_capability, unsigned int, unsigned int, unsigned int) / .LBB4_75
    263466	40000bd4	c403b383	CH.clc	c7,-960(c7)	  x7:0x40000bd0+0x15613427e  x7=0x400049a8+0x15648f4f0 PA:0x40000810 load:0x1400049a8+0x15648f4f0                | exception_entry(TrustedStackGeneric<0u>* __sealed_capability, unsigned int, unsigned int, unsigned int) / .LBB4_75
    263470	40000bd8	    9382	c.CH.cjalr	c7	  x7:0x400049a8+0x15648f4f0  x1=0x40000bda+0x15713427e                                                                | exception_entry(TrustedStackGeneric<0u>* __sealed_capability, unsigned int, unsigned int, unsigned int) / .LBB4_75
    263472	400049a8	    717d	c.CH.cinc16csp	c2,-16	  x2:0x001016a0+0x13e0b80c0  x2=0x00101690+0x13e0b80c0                                                        | __udivdi3
    263474	400049aa	    e406	c.CH.cscsp	c1,8(c2)	  x2:0x00101690+0x13e0b80c0  x1:0x40000bda+0x15713427e PA:0x00101698 store:0x140000bda+0x15713427e              | __udivdi3
    263475	400049ac	fea0075b	CH.cmove	c14,c0	  x0:0x00000000+0x000000000 x14=0x00000000+0x000000000                                                              | __udivdi3
    263476	400049b0	    31fd	c.CH.cjal	4000469e	  x1=0x400049b2+0x15708f4f0                                                                                      | __udivdi3
    263478	4000469e	    7139	c.CH.cinc16csp	c2,-64	  x2:0x00101690+0x13e0b80c0  x2=0x00101650+0x13e0b80c0                                                        | __divmoddi4
    263481	400046a0	    fc06	c.CH.cscsp	c1,56(c2)	  x2:0x00101650+0x13e0b80c0  x1:0x400049b2+0x15708f4f0 PA:0x00101688 store:0x1400049b2+0x15708f4f0             | __divmoddi4
    263483	400046a2	    f822	c.CH.cscsp	c8,48(c2)	  x2:0x00101650+0x13e0b80c0  x8:0x00000001+0x000000000 PA:0x00101680 store:0x000000001+0x000000000             | __divmoddi4
    263485	400046a4	    f426	c.CH.cscsp	c9,40(c2)	  x2:0x00101650+0x13e0b80c0  x9:0x00102030+0x176056980 PA:0x00101678 store:0x100102030+0x176056980             | __divmoddi4
    263486	400046a6	    84aa	c.mv	x9,x10	  x0:0x00000000 x10:0x00002a67  x9=0x00002a67                                                                           | __divmoddi4
    263487	400046a8	04b68163	beq	x13,x11,400046ea	 x13:0x00000000 x11:0x00000001                                                                                 | __divmoddi4
    263488	400046ac	00d5b533	sltu	x10,x11,x13	 x11:0x00000001 x13:0x00000000 x10=0x00000000                                                                      | __divmoddi4
    263489	400046b0	    e121	c.bnez	x10,400046f0	 x10:0x00000000                                                                                                 | __divmoddi4
    263490	400046b2	    e6a9	c.bnez	x13,400046fc	 x13:0x00000000                                                                                                 | __divmoddi4
    263491	400046b4	    4505	c.li	x10,1	 x10=0x00000001                                                                                                          | __divmoddi4
    263492	400046b6	10a60d63	beq	x12,x10,400047d0	 x12:0x00061a80 x10:0x00000001                                                                                 | __divmoddi4
    263493	400046ba	    ea11	c.bnez	x12,400046ce	 x12:0x00061a80                                                                                                 | __divmoddi4
    263497	400046ce	    e59d	c.bnez	x11,400046fc	 x11:0x00000001                                                                                                 | __divmoddi4
    263502	400046fc	    ec3a	c.CH.cscsp	c14,24(c2)	  x2:0x00101650+0x13e0b80c0 x14:0x00000000+0x000000000 PA:0x00101668 store:0x000000000+0x000000000            | __divmoddi4
    263503	400046fe	    8532	c.mv	x10,x12	  x0:0x00000000 x12:0x00061a80 x10=0x00061a80                                                                          | __divmoddi4
    263504	40004700	    842e	c.mv	x8,x11	  x0:0x00000000 x11:0x00000001  x8=0x00000001                                                                           | __divmoddi4
    263505	40004702	    85b6	c.mv	x11,x13	  x0:0x00000000 x13:0x00000000 x11=0x00000000                                                                          | __divmoddi4
    263506	40004704	    ca32	c.swsp	x12,20(c2)	  x2:0x00101650+0x13e0b80c0 x12:0x00061a80 PA:0x00101664 store:0x000061a80                                        | __divmoddi4
    263507	40004706	    c836	c.swsp	x13,16(c2)	  x2:0x00101650+0x13e0b80c0 x13:0x00000000 PA:0x00101660 store:0x000000000                                        | __divmoddi4
    263508	40004708	    d026	c.swsp	x9,32(c2)	  x2:0x00101650+0x13e0b80c0  x9:0x00002a67 PA:0x00101670 store:0x000002a67                                         | __divmoddi4
    263509	4000470a	    3511	c.CH.cjal	4000450e	  x1=0x4000470c+0x15708f4f0                                                                                      | __divmoddi4
    263512	4000450e	    717d	c.CH.cinc16csp	c2,-16	  x2:0x00101650+0x13e0b80c0  x2=0x00101640+0x13e0b80c0                                                        | __clzdi2
    263515	40004510	    e406	c.CH.cscsp	c1,8(c2)	  x2:0x00101640+0x13e0b80c0  x1:0x4000470c+0x15708f4f0 PA:0x00101648 store:0x14000470c+0x15708f4f0              | __clzdi2
    263517	40004512	    e022	c.CH.cscsp	c8,0(c2)	  x2:0x00101640+0x13e0b80c0  x8:0x00000001+0x000000000 PA:0x00101640 store:0x000000001+0x000000000              | __clzdi2
    263518	40004514	0015b413	sltiu	x8,x11,1	 x11:0x00000000  x8=0x00000001                                                                                       | __clzdi2
    263519	40004518	    0416	c.slli	x8,0x5	  x8:0x00000001  x8=0x00000020                                                                                        | __clzdi2
    263520	4000451a	    8622	c.mv	x12,x8	  x0:0x00000000  x8:0x00000020 x12=0x00000020                                                                           | __clzdi2
    263521	4000451c	00000397	CH.auipcc	c7,0x0	  x7=0x4000451c+0x15608f4f0                                                                                        | __clzdi2 / .LBB4_1
    263523	40004520	eac3b383	CH.clc	c7,-340(c7)	  x7:0x4000451c+0x15608f4f0  x7=0x4000446a+0x15648f4f0 PA:0x400043c8 load:0x14000446a+0x15648f4f0                | __clzdi2 / .LBB4_1
    263527	40004524	    9382	c.CH.cjalr	c7	  x7:0x4000446a+0x15648f4f0  x1=0x40004526+0x15708f4f0                                                                | __clzdi2 / .LBB4_1
    263531	4000446a	03f67693	andi	x13,x12,63	 x12:0x00000020 x13=0x00000020                                                                                      | __ashldi3
    263532	4000446e	02000713	addi	x14,x0,32	  x0:0x00000000 x14=0x00000020                                                                                       | __ashldi3
    263533	40004472	00e6e663	bltu	x13,x14,4000447e	 x13:0x00000020 x14:0x00000020                                                                                | __ashldi3
    263534	40004476	00d515b3	sll	x11,x10,x13	 x10:0x00061a80 x13:0x00000020 x11=0x00061a80                                                                       | __ashldi3
    263535	4000447a	    4501	c.li	x10,0	 x10=0x00000000                                                                                                          | __ashldi3
    263536	4000447c	    8082	c.CH.cjr	c1	  x1:0x40004526+0x15708f4f0                                                                                             | __ashldi3
    263539	40004526	0105d693	srli	x13,x11,0x10	 x11:0x00061a80 x13=0x00000006                                                                                    | __clzdi2 / .LBB4_1
    263540	4000452a	00155613	srli	x12,x10,0x1	 x10:0x00000000 x12=0x00000000                                                                                     | __clzdi2 / .LBB4_1
    263541	4000452e	0016b693	sltiu	x13,x13,1	 x13:0x00000006 x13=0x00000000                                                                                      | __clzdi2 / .LBB4_1
    263542	40004532	    0692	c.slli	x13,0x4	 x13:0x00000000 x13=0x00000000                                                                                       | __clzdi2 / .LBB4_1
    263543	40004534	00d595b3	sll	x11,x11,x13	 x11:0x00061a80 x13:0x00000000 x11=0x00061a80                                                                       | __clzdi2 / .LBB4_1
    263544	40004538	01f6c713	xori	x14,x13,31	 x13:0x00000000 x14=0x0000001f                                                                                      | __clzdi2 / .LBB4_1
    263545	4000453c	00d51533	sll	x10,x10,x13	 x10:0x00000000 x13:0x00000000 x10=0x00000000                                                                       | __clzdi2 / .LBB4_1
    263546	40004540	    8ec1	c.or	x13,x8	 x13:0x00000000  x8:0x00000020 x13=0x00000020                                                                           | __clzdi2 / .LBB4_1
    263547	40004542	00e65633	srl	x12,x12,x14	 x12:0x00000000 x14:0x0000001f x12=0x00000000                                                                       | __clzdi2 / .LBB4_1
    263548	40004546	0185d713	srli	x14,x11,0x18	 x11:0x00061a80 x14=0x00000000                                                                                    | __clzdi2 / .LBB4_1
    263549	4000454a	00155793	srli	x15,x10,0x1	 x10:0x00000000 x15=0x00000000                                                                                     | __clzdi2 / .LBB4_1
    263550	4000454e	    8dd1	c.or	x11,x12	 x11:0x00061a80 x12:0x00000000 x11=0x00061a80                                                                          | __clzdi2 / .LBB4_1
    263551	40004550	00173613	sltiu	x12,x14,1	 x14:0x00000000 x12=0x00000001                                                                                      | __clzdi2 / .LBB4_1
    263552	40004554	    060e	c.slli	x12,0x3	 x12:0x00000001 x12=0x00000008                                                                                       | __clzdi2 / .LBB4_1
    263553	40004556	00c595b3	sll	x11,x11,x12	 x11:0x00061a80 x12:0x00000008 x11=0x061a8000                                                                       | __clzdi2 / .LBB4_1
    263554	4000455a	01f64713	xori	x14,x12,31	 x12:0x00000008 x14=0x00000017                                                                                      | __clzdi2 / .LBB4_1
    263555	4000455e	00c51533	sll	x10,x10,x12	 x10:0x00000000 x12:0x00000008 x10=0x00000000                                                                       | __clzdi2 / .LBB4_1
    263556	40004562	    8e55	c.or	x12,x13	 x12:0x00000008 x13:0x00000020 x12=0x00000028                                                                          | __clzdi2 / .LBB4_1
    263557	40004564	00e7d6b3	srl	x13,x15,x14	 x15:0x00000000 x14:0x00000017 x13=0x00000000                                                                       | __clzdi2 / .LBB4_1
    263558	40004568	01c5d713	srli	x14,x11,0x1c	 x11:0x061a8000 x14=0x00000000                                                                                    | __clzdi2 / .LBB4_1
    263559	4000456c	00155793	srli	x15,x10,0x1	 x10:0x00000000 x15=0x00000000                                                                                     | __clzdi2 / .LBB4_1
    263560	40004570	    8dd5	c.or	x11,x13	 x11:0x061a8000 x13:0x00000000 x11=0x061a8000                                                                          | __clzdi2 / .LBB4_1
    263561	40004572	00173693	sltiu	x13,x14,1	 x14:0x00000000 x13=0x00000001                                                                                      | __clzdi2 / .LBB4_1
    263562	40004576	    068a	c.slli	x13,0x2	 x13:0x00000001 x13=0x00000004                                                                                       | __clzdi2 / .LBB4_1
    263563	40004578	00d595b3	sll	x11,x11,x13	 x11:0x061a8000 x13:0x00000004 x11=0x61a80000                                                                       | __clzdi2 / .LBB4_1
    263564	4000457c	01f6c713	xori	x14,x13,31	 x13:0x00000004 x14=0x0000001b                                                                                      | __clzdi2 / .LBB4_1
    263565	40004580	00d51533	sll	x10,x10,x13	 x10:0x00000000 x13:0x00000004 x10=0x00000000                                                                       | __clzdi2 / .LBB4_1
    263566	40004584	    8e55	c.or	x12,x13	 x12:0x00000028 x13:0x00000004 x12=0x0000002c                                                                          | __clzdi2 / .LBB4_1
    263567	40004586	00e7d6b3	srl	x13,x15,x14	 x15:0x00000000 x14:0x0000001b x13=0x00000000                                                                       | __clzdi2 / .LBB4_1
    263568	4000458a	01e5d713	srli	x14,x11,0x1e	 x11:0x61a80000 x14=0x00000001                                                                                    | __clzdi2 / .LBB4_1
    263569	4000458e	    8105	c.srli	x10,0x1	 x10:0x00000000 x10=0x00000000                                                                                       | __clzdi2 / .LBB4_1
    263570	40004590	    8dd5	c.or	x11,x13	 x11:0x61a80000 x13:0x00000000 x11=0x61a80000                                                                          | __clzdi2 / .LBB4_1
    263571	40004592	00173693	sltiu	x13,x14,1	 x14:0x00000001 x13=0x00000000                                                                                      | __clzdi2 / .LBB4_1
    263572	40004596	    0686	c.slli	x13,0x1	 x13:0x00000000 x13=0x00000000                                                                                       | __clzdi2 / .LBB4_1
    263573	40004598	00d595b3	sll	x11,x11,x13	 x11:0x61a80000 x13:0x00000000 x11=0x61a80000                                                                       | __clzdi2 / .LBB4_1
    263574	4000459c	01f6c713	xori	x14,x13,31	 x13:0x00000000 x14=0x0000001f                                                                                      | __clzdi2 / .LBB4_1
    263575	400045a0	00e55533	srl	x10,x10,x14	 x10:0x00000000 x14:0x0000001f x10=0x00000000                                                                       | __clzdi2 / .LBB4_1
    263576	400045a4	    8d4d	c.or	x10,x11	 x10:0x00000000 x11:0x61a80000 x10=0x61a80000                                                                          | __clzdi2 / .LBB4_1
    263577	400045a6	00052513	slti	x10,x10,0	 x10:0x61a80000 x10=0x00000000                                                                                       | __clzdi2 / .LBB4_1
    263578	400045aa	00154513	xori	x10,x10,1	 x10:0x00000000 x10=0x00000001                                                                                       | __clzdi2 / .LBB4_1
    263579	400045ae	    8e55	c.or	x12,x13	 x12:0x0000002c x13:0x00000000 x12=0x0000002c                                                                          | __clzdi2 / .LBB4_1
    263580	400045b0	    8d51	c.or	x10,x12	 x10:0x00000001 x12:0x0000002c x10=0x0000002d                                                                          | __clzdi2 / .LBB4_1
    263582	400045b2	    60a2	c.CH.clcsp	c1,8(c2)	  x2:0x00101640+0x13e0b80c0  x1=0x4000470c+0x15708f4f0 PA:0x00101648 load:0x14000470c+0x15708f4f0               | __clzdi2 / .LBB4_1
    263584	400045b4	    6402	c.CH.clcsp	c8,0(c2)	  x2:0x00101640+0x13e0b80c0  x8=0x00000001+0x000000000 PA:0x00101640 load:0x000000001+0x000000000               | __clzdi2 / .LBB4_1
    263585	400045b6	    6141	c.CH.cinc16csp	c2,16	  x2:0x00101640+0x13e0b80c0  x2=0x00101650+0x13e0b80c0                                                         | __clzdi2 / .LBB4_1
    263586	400045b8	    8082	c.CH.cjr	c1	  x1:0x4000470c+0x15708f4f0                                                                                             | __clzdi2 / .LBB4_1
    263588	4000470c	    c62a	c.swsp	x10,12(c2)	  x2:0x00101650+0x13e0b80c0 x10:0x0000002d PA:0x0010165c store:0x00000002d                                        | __divmoddi4
    263589	4000470e	    8526	c.mv	x10,x9	  x0:0x00000000  x9:0x00002a67 x10=0x00002a67                                                                           | __divmoddi4
    263590	40004710	    85a2	c.mv	x11,x8	  x0:0x00000000  x8:0x00000001 x11=0x00000001                                                                           | __divmoddi4
    263591	40004712	    84a2	c.mv	x9,x8	  x0:0x00000000  x8:0x00000001  x9=0x00000001                                                                            | __divmoddi4
    263592	40004714	    c422	c.swsp	x8,8(c2)	  x2:0x00101650+0x13e0b80c0  x8:0x00000001 PA:0x00101658 store:0x000000001                                          | __divmoddi4
    263593	40004716	    3be5	c.CH.cjal	4000450e	  x1=0x40004718+0x15708f4f0                                                                                      | __divmoddi4
    263595	4000450e	    717d	c.CH.cinc16csp	c2,-16	  x2:0x00101650+0x13e0b80c0  x2=0x00101640+0x13e0b80c0                                                        | __clzdi2
    263597	40004510	    e406	c.CH.cscsp	c1,8(c2)	  x2:0x00101640+0x13e0b80c0  x1:0x40004718+0x15708f4f0 PA:0x00101648 store:0x140004718+0x15708f4f0              | __clzdi2
    263599	40004512	    e022	c.CH.cscsp	c8,0(c2)	  x2:0x00101640+0x13e0b80c0  x8:0x00000001+0x000000000 PA:0x00101640 store:0x000000001+0x000000000              | __clzdi2
    263600	40004514	0015b413	sltiu	x8,x11,1	 x11:0x00000001  x8=0x00000000                                                                                       | __clzdi2
    263601	40004518	    0416	c.slli	x8,0x5	  x8:0x00000000  x8=0x00000000                                                                                        | __clzdi2
    263602	4000451a	    8622	c.mv	x12,x8	  x0:0x00000000  x8:0x00000000 x12=0x00000000                                                                           | __clzdi2
    263603	4000451c	00000397	CH.auipcc	c7,0x0	  x7=0x4000451c+0x15608f4f0                                                                                        | __clzdi2 / .LBB4_1
    263605	40004520	eac3b383	CH.clc	c7,-340(c7)	  x7:0x4000451c+0x15608f4f0  x7=0x4000446a+0x15648f4f0 PA:0x400043c8 load:0x14000446a+0x15648f4f0                | __clzdi2 / .LBB4_1
    263609	40004524	    9382	c.CH.cjalr	c7	  x7:0x4000446a+0x15648f4f0  x1=0x40004526+0x15708f4f0                                                                | __clzdi2 / .LBB4_1
    263612	4000446a	03f67693	andi	x13,x12,63	 x12:0x00000000 x13=0x00000000                                                                                      | __ashldi3
    263613	4000446e	02000713	addi	x14,x0,32	  x0:0x00000000 x14=0x00000020                                                                                       | __ashldi3
    263614	40004472	00e6e663	bltu	x13,x14,4000447e	 x13:0x00000000 x14:0x00000020                                                                                | __ashldi3
    263616	4000447e	    ce81	c.beqz	x13,40004496	 x13:0x00000000                                                                                                 | __ashldi3
    263618	40004496	    8082	c.CH.cjr	c1	  x1:0x40004526+0x15708f4f0                                                                                             | __ashldi3
    263621	40004526	0105d693	srli	x13,x11,0x10	 x11:0x00000001 x13=0x00000000                                                                                    | __clzdi2 / .LBB4_1
    263622	4000452a	00155613	srli	x12,x10,0x1	 x10:0x00002a67 x12=0x00001533                                                                                     | __clzdi2 / .LBB4_1
    263623	4000452e	0016b693	sltiu	x13,x13,1	 x13:0x00000000 x13=0x00000001                                                                                      | __clzdi2 / .LBB4_1
    263624	40004532	    0692	c.slli	x13,0x4	 x13:0x00000001 x13=0x00000010                                                                                       | __clzdi2 / .LBB4_1
    263625	40004534	00d595b3	sll	x11,x11,x13	 x11:0x00000001 x13:0x00000010 x11=0x00010000                                                                       | __clzdi2 / .LBB4_1
    263626	40004538	01f6c713	xori	x14,x13,31	 x13:0x00000010 x14=0x0000000f                                                                                      | __clzdi2 / .LBB4_1
    263627	4000453c	00d51533	sll	x10,x10,x13	 x10:0x00002a67 x13:0x00000010 x10=0x2a670000                                                                       | __clzdi2 / .LBB4_1
    263628	40004540	    8ec1	c.or	x13,x8	 x13:0x00000010  x8:0x00000000 x13=0x00000010                                                                           | __clzdi2 / .LBB4_1
    263629	40004542	00e65633	srl	x12,x12,x14	 x12:0x00001533 x14:0x0000000f x12=0x00000000                                                                       | __clzdi2 / .LBB4_1
    263630	40004546	0185d713	srli	x14,x11,0x18	 x11:0x00010000 x14=0x00000000                                                                                    | __clzdi2 / .LBB4_1
    263631	4000454a	00155793	srli	x15,x10,0x1	 x10:0x2a670000 x15=0x15338000                                                                                     | __clzdi2 / .LBB4_1
    263632	4000454e	    8dd1	c.or	x11,x12	 x11:0x00010000 x12:0x00000000 x11=0x00010000                                                                          | __clzdi2 / .LBB4_1
    263633	40004550	00173613	sltiu	x12,x14,1	 x14:0x00000000 x12=0x00000001                                                                                      | __clzdi2 / .LBB4_1
    263634	40004554	    060e	c.slli	x12,0x3	 x12:0x00000001 x12=0x00000008                                                                                       | __clzdi2 / .LBB4_1
    263635	40004556	00c595b3	sll	x11,x11,x12	 x11:0x00010000 x12:0x00000008 x11=0x01000000                                                                       | __clzdi2 / .LBB4_1
    263636	4000455a	01f64713	xori	x14,x12,31	 x12:0x00000008 x14=0x00000017                                                                                      | __clzdi2 / .LBB4_1
    263637	4000455e	00c51533	sll	x10,x10,x12	 x10:0x2a670000 x12:0x00000008 x10=0x67000000                                                                       | __clzdi2 / .LBB4_1
    263638	40004562	    8e55	c.or	x12,x13	 x12:0x00000008 x13:0x00000010 x12=0x00000018                                                                          | __clzdi2 / .LBB4_1
    263639	40004564	00e7d6b3	srl	x13,x15,x14	 x15:0x15338000 x14:0x00000017 x13=0x0000002a                                                                       | __clzdi2 / .LBB4_1
    263640	40004568	01c5d713	srli	x14,x11,0x1c	 x11:0x01000000 x14=0x00000000                                                                                    | __clzdi2 / .LBB4_1
    263641	4000456c	00155793	srli	x15,x10,0x1	 x10:0x67000000 x15=0x33800000                                                                                     | __clzdi2 / .LBB4_1
    263642	40004570	    8dd5	c.or	x11,x13	 x11:0x01000000 x13:0x0000002a x11=0x0100002a                                                                          | __clzdi2 / .LBB4_1
    263643	40004572	00173693	sltiu	x13,x14,1	 x14:0x00000000 x13=0x00000001                                                                                      | __clzdi2 / .LBB4_1
    263644	40004576	    068a	c.slli	x13,0x2	 x13:0x00000001 x13=0x00000004                                                                                       | __clzdi2 / .LBB4_1
    263645	40004578	00d595b3	sll	x11,x11,x13	 x11:0x0100002a x13:0x00000004 x11=0x100002a0                                                                       | __clzdi2 / .LBB4_1
    263646	4000457c	01f6c713	xori	x14,x13,31	 x13:0x00000004 x14=0x0000001b                                                                                      | __clzdi2 / .LBB4_1
    263647	40004580	00d51533	sll	x10,x10,x13	 x10:0x67000000 x13:0x00000004 x10=0x70000000                                                                       | __clzdi2 / .LBB4_1
    263648	40004584	    8e55	c.or	x12,x13	 x12:0x00000018 x13:0x00000004 x12=0x0000001c                                                                          | __clzdi2 / .LBB4_1
    263649	40004586	00e7d6b3	srl	x13,x15,x14	 x15:0x33800000 x14:0x0000001b x13=0x00000006                                                                       | __clzdi2 / .LBB4_1
    263650	4000458a	01e5d713	srli	x14,x11,0x1e	 x11:0x100002a0 x14=0x00000000                                                                                    | __clzdi2 / .LBB4_1
    263651	4000458e	    8105	c.srli	x10,0x1	 x10:0x70000000 x10=0x38000000                                                                                       | __clzdi2 / .LBB4_1
    263652	40004590	    8dd5	c.or	x11,x13	 x11:0x100002a0 x13:0x00000006 x11=0x100002a6                                                                          | __clzdi2 / .LBB4_1
    263653	40004592	00173693	sltiu	x13,x14,1	 x14:0x00000000 x13=0x00000001                                                                                      | __clzdi2 / .LBB4_1
    263654	40004596	    0686	c.slli	x13,0x1	 x13:0x00000001 x13=0x00000002                                                                                       | __clzdi2 / .LBB4_1
    263655	40004598	00d595b3	sll	x11,x11,x13	 x11:0x100002a6 x13:0x00000002 x11=0x40000a98                                                                       | __clzdi2 / .LBB4_1
    263656	4000459c	01f6c713	xori	x14,x13,31	 x13:0x00000002 x14=0x0000001d                                                                                      | __clzdi2 / .LBB4_1
    263657	400045a0	00e55533	srl	x10,x10,x14	 x10:0x38000000 x14:0x0000001d x10=0x00000001                                                                       | __clzdi2 / .LBB4_1
    263658	400045a4	    8d4d	c.or	x10,x11	 x10:0x00000001 x11:0x40000a98 x10=0x40000a99                                                                          | __clzdi2 / .LBB4_1
    263659	400045a6	00052513	slti	x10,x10,0	 x10:0x40000a99 x10=0x00000000                                                                                       | __clzdi2 / .LBB4_1
    263660	400045aa	00154513	xori	x10,x10,1	 x10:0x00000000 x10=0x00000001                                                                                       | __clzdi2 / .LBB4_1
    263661	400045ae	    8e55	c.or	x12,x13	 x12:0x0000001c x13:0x00000002 x12=0x0000001e                                                                          | __clzdi2 / .LBB4_1
    263662	400045b0	    8d51	c.or	x10,x12	 x10:0x00000001 x12:0x0000001e x10=0x0000001f                                                                          | __clzdi2 / .LBB4_1
    263664	400045b2	    60a2	c.CH.clcsp	c1,8(c2)	  x2:0x00101640+0x13e0b80c0  x1=0x40004718+0x15708f4f0 PA:0x00101648 load:0x140004718+0x15708f4f0               | __clzdi2 / .LBB4_1
    263666	400045b4	    6402	c.CH.clcsp	c8,0(c2)	  x2:0x00101640+0x13e0b80c0  x8=0x00000001+0x000000000 PA:0x00101640 load:0x000000001+0x000000000               | __clzdi2 / .LBB4_1
    263667	400045b6	    6141	c.CH.cinc16csp	c2,16	  x2:0x00101640+0x13e0b80c0  x2=0x00101650+0x13e0b80c0                                                         | __clzdi2 / .LBB4_1
    263668	400045b8	    8082	c.CH.cjr	c1	  x1:0x40004718+0x15708f4f0                                                                                             | __clzdi2 / .LBB4_1
    263670	40004718	    4432	c.lwsp	x8,12(c2)	  x2:0x00101650+0x13e0b80c0  x8=0x0000002d PA:0x0010165c load:0x0000002d                                           | __divmoddi4
    263672	4000471a	    8c09	c.sub	x8,x10	  x8:0x0000002d x10:0x0000001f  x8=0x0000000e                                                                          | __divmoddi4
    263673	4000471c	    0405	c.addi	x8,1	  x8:0x0000000e  x8=0x0000000f                                                                                          | __divmoddi4
    263674	4000471e	    c622	c.swsp	x8,12(c2)	  x2:0x00101650+0x13e0b80c0  x8:0x0000000f PA:0x0010165c store:0x00000000f                                         | __divmoddi4
    263675	40004720	0ff47613	andi	x12,x8,255	  x8:0x0000000f x12=0x0000000f                                                                                      | __divmoddi4
    263676	40004724	    5502	c.lwsp	x10,32(c2)	  x2:0x00101650+0x13e0b80c0 x10=0x00002a67 PA:0x00101670 load:0x00002a67                                          | __divmoddi4
    263677	40004726	    85a6	c.mv	x11,x9	  x0:0x00000000  x9:0x00000001 x11=0x00000001                                                                           | __divmoddi4
    263678	40004728	    84b2	c.mv	x9,x12	  x0:0x00000000 x12:0x0000000f  x9=0x0000000f                                                                           | __divmoddi4
    263679	4000472a	00000397	CH.auipcc	c7,0x0	  x7=0x4000472a+0x15608f4f0                                                                                        | __divmoddi4 / .LBB7_23
    263681	4000472e	ca63b383	CH.clc	c7,-858(c7)	  x7:0x4000472a+0x15608f4f0  x7=0x40004854+0x15648f4f0 PA:0x400043d0 load:0x140004854+0x15648f4f0                | __divmoddi4 / .LBB7_23
    263685	40004732	    9382	c.CH.cjalr	c7	  x7:0x40004854+0x15648f4f0  x1=0x40004734+0x15708f4f0                                                                | __divmoddi4 / .LBB7_23
    263687	40004854	03f67693	andi	x13,x12,63	 x12:0x0000000f x13=0x0000000f                                                                                      | __lshrdi3
    263689	40004858	02000713	addi	x14,x0,32	  x0:0x00000000 x14=0x00000020                                                                                       | __lshrdi3
    263690	4000485c	00e6e663	bltu	x13,x14,40004868	 x13:0x0000000f x14:0x00000020                                                                                | __lshrdi3
    263693	40004868	    ce81	c.beqz	x13,40004880	 x13:0x0000000f                                                                                                 | __lshrdi3
    263694	4000486a	00c55533	srl	x10,x10,x12	 x10:0x00002a67 x12:0x0000000f x10=0x00000000                                                                       | __lshrdi3
    263695	4000486e	fff64613	xori	x12,x12,-1	 x12:0x0000000f x12=0xfffffff0                                                                                      | __lshrdi3
    263696	40004872	00159713	slli	x14,x11,0x1	 x11:0x00000001 x14=0x00000002                                                                                     | __lshrdi3
    263697	40004876	00c71633	sll	x12,x14,x12	 x14:0x00000002 x12:0xfffffff0 x12=0x00020000                                                                       | __lshrdi3
    263698	4000487a	    8d51	c.or	x10,x12	 x10:0x00000000 x12:0x00020000 x10=0x00020000                                                                          | __lshrdi3
    263699	4000487c	00d5d5b3	srl	x11,x11,x13	 x11:0x00000001 x13:0x0000000f x11=0x00000000                                                                       | __lshrdi3
    263700	40004880	    8082	c.CH.cjr	c1	  x1:0x40004734+0x15708f4f0                                                                                             | __lshrdi3
    263702	40004734	    842a	c.mv	x8,x10	  x0:0x00000000 x10:0x00020000  x8=0x00020000                                                                           | __divmoddi4 / .LBB7_23
    263703	40004736	    c22e	c.swsp	x11,4(c2)	  x2:0x00101650+0x13e0b80c0 x11:0x00000000 PA:0x00101654 store:0x000000000                                         | __divmoddi4 / .LBB7_23
    263704	40004738	04000513	addi	x10,x0,64	  x0:0x00000000 x10=0x00000040                                                                                       | __divmoddi4 / .LBB7_23
    263705	4000473c	40950633	sub	x12,x10,x9	 x10:0x00000040  x9:0x0000000f x12=0x00000031                                                                        | __divmoddi4 / .LBB7_23
    263706	40004740	    5502	c.lwsp	x10,32(c2)	  x2:0x00101650+0x13e0b80c0 x10=0x00002a67 PA:0x00101670 load:0x00002a67                                          | __divmoddi4 / .LBB7_23
    263707	40004742	    45a2	c.lwsp	x11,8(c2)	  x2:0x00101650+0x13e0b80c0 x11=0x00000001 PA:0x00101658 load:0x00000001                                           | __divmoddi4 / .LBB7_23
    263708	40004744	00000397	CH.auipcc	c7,0x0	  x7=0x40004744+0x15608f4f0                                                                                        | __divmoddi4 / .LBB7_24
    263710	40004748	c843b383	CH.clc	c7,-892(c7)	  x7:0x40004744+0x15608f4f0  x7=0x4000446a+0x15648f4f0 PA:0x400043c8 load:0x14000446a+0x15648f4f0                | __divmoddi4 / .LBB7_24
    263714	4000474c	    9382	c.CH.cjalr	c7	  x7:0x4000446a+0x15648f4f0  x1=0x4000474e+0x15708f4f0                                                                | __divmoddi4 / .LBB7_24
    263717	4000446a	03f67693	andi	x13,x12,63	 x12:0x00000031 x13=0x00000031                                                                                      | __ashldi3
    263718	4000446e	02000713	addi	x14,x0,32	  x0:0x00000000 x14=0x00000020                                                                                       | __ashldi3
    263719	40004472	00e6e663	bltu	x13,x14,4000447e	 x13:0x00000031 x14:0x00000020                                                                                | __ashldi3
    263720	40004476	00d515b3	sll	x11,x10,x13	 x10:0x00002a67 x13:0x00000031 x11=0x54ce0000                                                                       | __ashldi3
    263721	4000447a	    4501	c.li	x10,0	 x10=0x00000000                                                                                                          | __ashldi3
    263722	4000447c	    8082	c.CH.cjr	c1	  x1:0x4000474e+0x15708f4f0                                                                                             | __ashldi3
    263724	4000474e	    4092	c.lwsp	x1,4(c2)	  x2:0x00101650+0x13e0b80c0  x1=0x00000000 PA:0x00101654 load:0x00000000                                            | __divmoddi4 / .LBB7_24
    263725	40004750	    4232	c.lwsp	x4,12(c2)	  x2:0x00101650+0x13e0b80c0  x4=0x0000000f PA:0x0010165c load:0x0000000f                                           | __divmoddi4 / .LBB7_24
    263726	40004752	    43c2	c.lwsp	x7,16(c2)	  x2:0x00101650+0x13e0b80c0  x7=0x00000000 PA:0x00101660 load:0x00000000                                           | __divmoddi4 / .LBB7_24
    263727	40004754	    4352	c.lwsp	x6,20(c2)	  x2:0x00101650+0x13e0b80c0  x6=0x00061a80 PA:0x00101664 load:0x00061a80                                           | __divmoddi4 / .LBB7_24
    263728	40004756	    4601	c.li	x12,0	 x12=0x00000000                                                                                                          | __divmoddi4 / .LBB7_24
    263729	40004758	0ff27793	andi	x15,x4,255	  x4:0x0000000f x15=0x0000000f                                                                                      | __divmoddi4 / .LBB7_24
    263730	4000475c	01f55693	srli	x13,x10,0x1f	 x10:0x00000000 x13=0x00000000                                                                                    | __divmoddi4 / .LBB7_24
    263731	40004760	00159713	slli	x14,x11,0x1	 x11:0x54ce0000 x14=0xa99c0000                                                                                     | __divmoddi4 / .LBB7_24
    263732	40004764	    0506	c.slli	x10,0x1	 x10:0x00000000 x10=0x00000000                                                                                       | __divmoddi4 / .LBB7_24
    263733	40004766	    8a05	c.andi	x12,1	 x12:0x00000000 x12=0x00000000                                                                                         | __divmoddi4 / .LBB7_24
    263734	40004768	    c7a9	c.beqz	x15,400047b2	 x15:0x0000000f                                                                                                 | __divmoddi4 / .LBB7_24
    263735	4000476a	    127d	c.addi	x4,-1	  x4:0x0000000f  x4=0x0000000e                                                                                         | __divmoddi4 / .LBB7_24
    263736	4000476c	01f45293	srli	x5,x8,0x1f	  x8:0x00020000  x5=0x00000000                                                                                      | __divmoddi4 / .LBB7_24
    263737	40004770	00109493	slli	x9,x1,0x1	  x1:0x00000000  x9=0x00000000                                                                                       | __divmoddi4 / .LBB7_24
    263738	40004774	    0406	c.slli	x8,0x1	  x8:0x00020000  x8=0x00040000                                                                                        | __divmoddi4 / .LBB7_24
    263739	40004776	01f5d793	srli	x15,x11,0x1f	 x11:0x54ce0000 x15=0x00000000                                                                                    | __divmoddi4 / .LBB7_24
    263740	4000477a	00d765b3	or	x11,x14,x13	 x14:0xa99c0000 x13:0x00000000 x11=0xa99c0000                                                                        | __divmoddi4 / .LBB7_24
    263741	4000477e	    8d51	c.or	x10,x12	 x10:0x00000000 x12:0x00000000 x10=0x00000000                                                                          | __divmoddi4 / .LBB7_24
    263742	40004780	0054e6b3	or	x13,x9,x5	  x9:0x00000000  x5:0x00000000 x13=0x00000000                                                                          | __divmoddi4 / .LBB7_24
    263743	40004784	    8fc1	c.or	x15,x8	 x15:0x00000000  x8:0x00040000 x15=0x00040000                                                                           | __divmoddi4 / .LBB7_24
    263744	40004786	fff7c613	xori	x12,x15,-1	 x15:0x00040000 x12=0xfffbffff                                                                                      | __divmoddi4 / .LBB7_24
    263745	4000478a	fff6c713	xori	x14,x13,-1	 x13:0x00000000 x14=0xffffffff                                                                                      | __divmoddi4 / .LBB7_24
    263746	4000478e	    971e	c.add	x14,x7	 x14:0xffffffff  x7:0x00000000 x14=0xffffffff                                                                          | __divmoddi4 / .LBB7_24
    263747	40004790	    961a	c.add	x12,x6	 x12:0xfffbffff  x6:0x00061a80 x12=0x00021a7f                                                                          | __divmoddi4 / .LBB7_24
    263748	40004792	00663633	sltu	x12,x12,x6	 x12:0x00021a7f  x6:0x00061a80 x12=0x00000001                                                                       | __divmoddi4 / .LBB7_24
    263749	40004796	    963a	c.add	x12,x14	 x12:0x00000001 x14:0xffffffff x12=0x00000000                                                                         | __divmoddi4 / .LBB7_24
    263750	40004798	    867d	c.srai	x12,0x1f	 x12:0x00000000 x12=0x00000000                                                                                      | __divmoddi4 / .LBB7_24
    263751	4000479a	00767733	and	x14,x12,x7	 x12:0x00000000  x7:0x00000000 x14=0x00000000                                                                        | __divmoddi4 / .LBB7_24
    263752	4000479e	006674b3	and	x9,x12,x6	 x12:0x00000000  x6:0x00061a80  x9=0x00000000                                                                         | __divmoddi4 / .LBB7_24
    263753	400047a2	0097b433	sltu	x8,x15,x9	 x15:0x00040000  x9:0x00000000  x8=0x00000000                                                                        | __divmoddi4 / .LBB7_24
    263754	400047a6	    8e99	c.sub	x13,x14	 x13:0x00000000 x14:0x00000000 x13=0x00000000                                                                         | __divmoddi4 / .LBB7_24
    263755	400047a8	408680b3	sub	x1,x13,x8	 x13:0x00000000  x8:0x00000000  x1=0x00000000                                                                         | __divmoddi4 / .LBB7_24
    263756	400047ac	40978433	sub	x8,x15,x9	 x15:0x00040000  x9:0x00000000  x8=0x00040000                                                                         | __divmoddi4 / .LBB7_24
    263757	400047b0	    b765	c.CH.cj	40004758	                                                                                                                   | __divmoddi4 / .LBB7_24
    263759	40004758	0ff27793	andi	x15,x4,255	  x4:0x0000000e x15=0x0000000e                                                                                      | __divmoddi4 / .LBB7_24
    263760	4000475c	01f55693	srli	x13,x10,0x1f	 x10:0x00000000 x13=0x00000000                                                                                    | __divmoddi4 / .LBB7_24
    263761	40004760	00159713	slli	x14,x11,0x1	 x11:0xa99c0000 x14=0x53380000                                                                                     | __divmoddi4 / .LBB7_24
    263762	40004764	    0506	c.slli	x10,0x1	 x10:0x00000000 x10=0x00000000                                                                                       | __divmoddi4 / .LBB7_24
    263763	40004766	    8a05	c.andi	x12,1	 x12:0x00000000 x12=0x00000000                                                                                         | __divmoddi4 / .LBB7_24
    263764	40004768	    c7a9	c.beqz	x15,400047b2	 x15:0x0000000e                                                                                                 | __divmoddi4 / .LBB7_24
    263765	4000476a	    127d	c.addi	x4,-1	  x4:0x0000000e  x4=0x0000000d                                                                                         | __divmoddi4 / .LBB7_24
    263766	4000476c	01f45293	srli	x5,x8,0x1f	  x8:0x00040000  x5=0x00000000                                                                                      | __divmoddi4 / .LBB7_24
    263767	40004770	00109493	slli	x9,x1,0x1	  x1:0x00000000  x9=0x00000000                                                                                       | __divmoddi4 / .LBB7_24
    263768	40004774	    0406	c.slli	x8,0x1	  x8:0x00040000  x8=0x00080000                                                                                        | __divmoddi4 / .LBB7_24
    263769	40004776	01f5d793	srli	x15,x11,0x1f	 x11:0xa99c0000 x15=0x00000001                                                                                    | __divmoddi4 / .LBB7_24
    263770	4000477a	00d765b3	or	x11,x14,x13	 x14:0x53380000 x13:0x00000000 x11=0x53380000                                                                        | __divmoddi4 / .LBB7_24
    263771	4000477e	    8d51	c.or	x10,x12	 x10:0x00000000 x12:0x00000000 x10=0x00000000                                                                          | __divmoddi4 / .LBB7_24
    263772	40004780	0054e6b3	or	x13,x9,x5	  x9:0x00000000  x5:0x00000000 x13=0x00000000                                                                          | __divmoddi4 / .LBB7_24
    263773	40004784	    8fc1	c.or	x15,x8	 x15:0x00000001  x8:0x00080000 x15=0x00080001                                                                           | __divmoddi4 / .LBB7_24
    263774	40004786	fff7c613	xori	x12,x15,-1	 x15:0x00080001 x12=0xfff7fffe                                                                                      | __divmoddi4 / .LBB7_24
    263775	4000478a	fff6c713	xori	x14,x13,-1	 x13:0x00000000 x14=0xffffffff                                                                                      | __divmoddi4 / .LBB7_24
    263776	4000478e	    971e	c.add	x14,x7	 x14:0xffffffff  x7:0x00000000 x14=0xffffffff                                                                          | __divmoddi4 / .LBB7_24
    263777	40004790	    961a	c.add	x12,x6	 x12:0xfff7fffe  x6:0x00061a80 x12=0xfffe1a7e                                                                          | __divmoddi4 / .LBB7_24
    263778	40004792	00663633	sltu	x12,x12,x6	 x12:0xfffe1a7e  x6:0x00061a80 x12=0x00000000                                                                       | __divmoddi4 / .LBB7_24
    263779	40004796	    963a	c.add	x12,x14	 x12:0x00000000 x14:0xffffffff x12=0xffffffff                                                                         | __divmoddi4 / .LBB7_24
    263780	40004798	    867d	c.srai	x12,0x1f	 x12:0xffffffff x12=0xffffffff                                                                                      | __divmoddi4 / .LBB7_24
    263781	4000479a	00767733	and	x14,x12,x7	 x12:0xffffffff  x7:0x00000000 x14=0x00000000                                                                        | __divmoddi4 / .LBB7_24
    263782	4000479e	006674b3	and	x9,x12,x6	 x12:0xffffffff  x6:0x00061a80  x9=0x00061a80                                                                         | __divmoddi4 / .LBB7_24
    263783	400047a2	0097b433	sltu	x8,x15,x9	 x15:0x00080001  x9:0x00061a80  x8=0x00000000                                                                        | __divmoddi4 / .LBB7_24
    263784	400047a6	    8e99	c.sub	x13,x14	 x13:0x00000000 x14:0x00000000 x13=0x00000000                                                                         | __divmoddi4 / .LBB7_24
    263785	400047a8	408680b3	sub	x1,x13,x8	 x13:0x00000000  x8:0x00000000  x1=0x00000000                                                                         | __divmoddi4 / .LBB7_24
    263786	400047ac	40978433	sub	x8,x15,x9	 x15:0x00080001  x9:0x00061a80  x8=0x0001e581                                                                         | __divmoddi4 / .LBB7_24
    263787	400047b0	    b765	c.CH.cj	40004758	                                                                                                                   | __divmoddi4 / .LBB7_24
    263789	40004758	0ff27793	andi	x15,x4,255	  x4:0x0000000d x15=0x0000000d                                                                                      | __divmoddi4 / .LBB7_24
    263790	4000475c	01f55693	srli	x13,x10,0x1f	 x10:0x00000000 x13=0x00000000                                                                                    | __divmoddi4 / .LBB7_24
    263791	40004760	00159713	slli	x14,x11,0x1	 x11:0x53380000 x14=0xa6700000                                                                                     | __divmoddi4 / .LBB7_24
    263792	40004764	    0506	c.slli	x10,0x1	 x10:0x00000000 x10=0x00000000                                                                                       | __divmoddi4 / .LBB7_24
    263793	40004766	    8a05	c.andi	x12,1	 x12:0xffffffff x12=0x00000001                                                                                         | __divmoddi4 / .LBB7_24
    263794	40004768	    c7a9	c.beqz	x15,400047b2	 x15:0x0000000d                                                                                                 | __divmoddi4 / .LBB7_24
    263795	4000476a	    127d	c.addi	x4,-1	  x4:0x0000000d  x4=0x0000000c                                                                                         | __divmoddi4 / .LBB7_24
    263796	4000476c	01f45293	srli	x5,x8,0x1f	  x8:0x0001e581  x5=0x00000000                                                                                      | __divmoddi4 / .LBB7_24
    263797	40004770	00109493	slli	x9,x1,0x1	  x1:0x00000000  x9=0x00000000                                                                                       | __divmoddi4 / .LBB7_24
    263798	40004774	    0406	c.slli	x8,0x1	  x8:0x0001e581  x8=0x0003cb02                                                                                        | __divmoddi4 / .LBB7_24
    263799	40004776	01f5d793	srli	x15,x11,0x1f	 x11:0x53380000 x15=0x00000000                                                                                    | __divmoddi4 / .LBB7_24
    263800	4000477a	00d765b3	or	x11,x14,x13	 x14:0xa6700000 x13:0x00000000 x11=0xa6700000                                                                        | __divmoddi4 / .LBB7_24
    263801	4000477e	    8d51	c.or	x10,x12	 x10:0x00000000 x12:0x00000001 x10=0x00000001                                                                          | __divmoddi4 / .LBB7_24
    263802	40004780	0054e6b3	or	x13,x9,x5	  x9:0x00000000  x5:0x00000000 x13=0x00000000                                                                          | __divmoddi4 / .LBB7_24
    263803	40004784	    8fc1	c.or	x15,x8	 x15:0x00000000  x8:0x0003cb02 x15=0x0003cb02                                                                           | __divmoddi4 / .LBB7_24
    263804	40004786	fff7c613	xori	x12,x15,-1	 x15:0x0003cb02 x12=0xfffc34fd                                                                                      | __divmoddi4 / .LBB7_24
    263805	4000478a	fff6c713	xori	x14,x13,-1	 x13:0x00000000 x14=0xffffffff                                                                                      | __divmoddi4 / .LBB7_24
    263806	4000478e	    971e	c.add	x14,x7	 x14:0xffffffff  x7:0x00000000 x14=0xffffffff                                                                          | __divmoddi4 / .LBB7_24
    263807	40004790	    961a	c.add	x12,x6	 x12:0xfffc34fd  x6:0x00061a80 x12=0x00024f7d                                                                          | __divmoddi4 / .LBB7_24
    263808	40004792	00663633	sltu	x12,x12,x6	 x12:0x00024f7d  x6:0x00061a80 x12=0x00000001                                                                       | __divmoddi4 / .LBB7_24
    263809	40004796	    963a	c.add	x12,x14	 x12:0x00000001 x14:0xffffffff x12=0x00000000                                                                         | __divmoddi4 / .LBB7_24
    263810	40004798	    867d	c.srai	x12,0x1f	 x12:0x00000000 x12=0x00000000                                                                                      | __divmoddi4 / .LBB7_24
    263811	4000479a	00767733	and	x14,x12,x7	 x12:0x00000000  x7:0x00000000 x14=0x00000000                                                                        | __divmoddi4 / .LBB7_24
    263812	4000479e	006674b3	and	x9,x12,x6	 x12:0x00000000  x6:0x00061a80  x9=0x00000000                                                                         | __divmoddi4 / .LBB7_24
    263813	400047a2	0097b433	sltu	x8,x15,x9	 x15:0x0003cb02  x9:0x00000000  x8=0x00000000                                                                        | __divmoddi4 / .LBB7_24
    263814	400047a6	    8e99	c.sub	x13,x14	 x13:0x00000000 x14:0x00000000 x13=0x00000000                                                                         | __divmoddi4 / .LBB7_24
    263815	400047a8	408680b3	sub	x1,x13,x8	 x13:0x00000000  x8:0x00000000  x1=0x00000000                                                                         | __divmoddi4 / .LBB7_24
    263816	400047ac	40978433	sub	x8,x15,x9	 x15:0x0003cb02  x9:0x00000000  x8=0x0003cb02                                                                         | __divmoddi4 / .LBB7_24
    263817	400047b0	    b765	c.CH.cj	40004758	                                                                                                                   | __divmoddi4 / .LBB7_24
    263819	40004758	0ff27793	andi	x15,x4,255	  x4:0x0000000c x15=0x0000000c                                                                                      | __divmoddi4 / .LBB7_24
    263820	4000475c	01f55693	srli	x13,x10,0x1f	 x10:0x00000001 x13=0x00000000                                                                                    | __divmoddi4 / .LBB7_24
    263821	40004760	00159713	slli	x14,x11,0x1	 x11:0xa6700000 x14=0x4ce00000                                                                                     | __divmoddi4 / .LBB7_24
    263822	40004764	    0506	c.slli	x10,0x1	 x10:0x00000001 x10=0x00000002                                                                                       | __divmoddi4 / .LBB7_24
    263823	40004766	    8a05	c.andi	x12,1	 x12:0x00000000 x12=0x00000000                                                                                         | __divmoddi4 / .LBB7_24
    263824	40004768	    c7a9	c.beqz	x15,400047b2	 x15:0x0000000c                                                                                                 | __divmoddi4 / .LBB7_24
    263825	4000476a	    127d	c.addi	x4,-1	  x4:0x0000000c  x4=0x0000000b                                                                                         | __divmoddi4 / .LBB7_24
    263826	4000476c	01f45293	srli	x5,x8,0x1f	  x8:0x0003cb02  x5=0x00000000                                                                                      | __divmoddi4 / .LBB7_24
    263827	40004770	00109493	slli	x9,x1,0x1	  x1:0x00000000  x9=0x00000000                                                                                       | __divmoddi4 / .LBB7_24
    263828	40004774	    0406	c.slli	x8,0x1	  x8:0x0003cb02  x8=0x00079604                                                                                        | __divmoddi4 / .LBB7_24
    263829	40004776	01f5d793	srli	x15,x11,0x1f	 x11:0xa6700000 x15=0x00000001                                                                                    | __divmoddi4 / .LBB7_24
    263830	4000477a	00d765b3	or	x11,x14,x13	 x14:0x4ce00000 x13:0x00000000 x11=0x4ce00000                                                                        | __divmoddi4 / .LBB7_24
    263831	4000477e	    8d51	c.or	x10,x12	 x10:0x00000002 x12:0x00000000 x10=0x00000002                                                                          | __divmoddi4 / .LBB7_24
    263832	40004780	0054e6b3	or	x13,x9,x5	  x9:0x00000000  x5:0x00000000 x13=0x00000000                                                                          | __divmoddi4 / .LBB7_24
    263833	40004784	    8fc1	c.or	x15,x8	 x15:0x00000001  x8:0x00079604 x15=0x00079605                                                                           | __divmoddi4 / .LBB7_24
    263834	40004786	fff7c613	xori	x12,x15,-1	 x15:0x00079605 x12=0xfff869fa                                                                                      | __divmoddi4 / .LBB7_24
    263835	4000478a	fff6c713	xori	x14,x13,-1	 x13:0x00000000 x14=0xffffffff                                                                                      | __divmoddi4 / .LBB7_24
    263836	4000478e	    971e	c.add	x14,x7	 x14:0xffffffff  x7:0x00000000 x14=0xffffffff                                                                          | __divmoddi4 / .LBB7_24
    263837	40004790	    961a	c.add	x12,x6	 x12:0xfff869fa  x6:0x00061a80 x12=0xfffe847a                                                                          | __divmoddi4 / .LBB7_24
    263838	40004792	00663633	sltu	x12,x12,x6	 x12:0xfffe847a  x6:0x00061a80 x12=0x00000000                                                                       | __divmoddi4 / .LBB7_24
    263839	40004796	    963a	c.add	x12,x14	 x12:0x00000000 x14:0xffffffff x12=0xffffffff                                                                         | __divmoddi4 / .LBB7_24
    263840	40004798	    867d	c.srai	x12,0x1f	 x12:0xffffffff x12=0xffffffff                                                                                      | __divmoddi4 / .LBB7_24
    263841	4000479a	00767733	and	x14,x12,x7	 x12:0xffffffff  x7:0x00000000 x14=0x00000000                                                                        | __divmoddi4 / .LBB7_24
    263842	4000479e	006674b3	and	x9,x12,x6	 x12:0xffffffff  x6:0x00061a80  x9=0x00061a80                                                                         | __divmoddi4 / .LBB7_24
    263843	400047a2	0097b433	sltu	x8,x15,x9	 x15:0x00079605  x9:0x00061a80  x8=0x00000000                                                                        | __divmoddi4 / .LBB7_24
    263844	400047a6	    8e99	c.sub	x13,x14	 x13:0x00000000 x14:0x00000000 x13=0x00000000                                                                         | __divmoddi4 / .LBB7_24
    263845	400047a8	408680b3	sub	x1,x13,x8	 x13:0x00000000  x8:0x00000000  x1=0x00000000                                                                         | __divmoddi4 / .LBB7_24
    263846	400047ac	40978433	sub	x8,x15,x9	 x15:0x00079605  x9:0x00061a80  x8=0x00017b85                                                                         | __divmoddi4 / .LBB7_24
    263847	400047b0	    b765	c.CH.cj	40004758	                                                                                                                   | __divmoddi4 / .LBB7_24
    263849	40004758	0ff27793	andi	x15,x4,255	  x4:0x0000000b x15=0x0000000b                                                                                      | __divmoddi4 / .LBB7_24
    263850	4000475c	01f55693	srli	x13,x10,0x1f	 x10:0x00000002 x13=0x00000000                                                                                    | __divmoddi4 / .LBB7_24
    263851	40004760	00159713	slli	x14,x11,0x1	 x11:0x4ce00000 x14=0x99c00000                                                                                     | __divmoddi4 / .LBB7_24
    263852	40004764	    0506	c.slli	x10,0x1	 x10:0x00000002 x10=0x00000004                                                                                       | __divmoddi4 / .LBB7_24
    263853	40004766	    8a05	c.andi	x12,1	 x12:0xffffffff x12=0x00000001                                                                                         | __divmoddi4 / .LBB7_24
    263854	40004768	    c7a9	c.beqz	x15,400047b2	 x15:0x0000000b                                                                                                 | __divmoddi4 / .LBB7_24
    263855	4000476a	    127d	c.addi	x4,-1	  x4:0x0000000b  x4=0x0000000a                                                                                         | __divmoddi4 / .LBB7_24
    263856	4000476c	01f45293	srli	x5,x8,0x1f	  x8:0x00017b85  x5=0x00000000                                                                                      | __divmoddi4 / .LBB7_24
    263857	40004770	00109493	slli	x9,x1,0x1	  x1:0x00000000  x9=0x00000000                                                                                       | __divmoddi4 / .LBB7_24
    263858	40004774	    0406	c.slli	x8,0x1	  x8:0x00017b85  x8=0x0002f70a                                                                                        | __divmoddi4 / .LBB7_24
    263859	40004776	01f5d793	srli	x15,x11,0x1f	 x11:0x4ce00000 x15=0x00000000                                                                                    | __divmoddi4 / .LBB7_24
    263860	4000477a	00d765b3	or	x11,x14,x13	 x14:0x99c00000 x13:0x00000000 x11=0x99c00000                                                                        | __divmoddi4 / .LBB7_24
    263861	4000477e	    8d51	c.or	x10,x12	 x10:0x00000004 x12:0x00000001 x10=0x00000005                                                                          | __divmoddi4 / .LBB7_24
    263862	40004780	0054e6b3	or	x13,x9,x5	  x9:0x00000000  x5:0x00000000 x13=0x00000000                                                                          | __divmoddi4 / .LBB7_24
    263863	40004784	    8fc1	c.or	x15,x8	 x15:0x00000000  x8:0x0002f70a x15=0x0002f70a                                                                           | __divmoddi4 / .LBB7_24
    263864	40004786	fff7c613	xori	x12,x15,-1	 x15:0x0002f70a x12=0xfffd08f5                                                                                      | __divmoddi4 / .LBB7_24
    263865	4000478a	fff6c713	xori	x14,x13,-1	 x13:0x00000000 x14=0xffffffff                                                                                      | __divmoddi4 / .LBB7_24
    263866	4000478e	    971e	c.add	x14,x7	 x14:0xffffffff  x7:0x00000000 x14=0xffffffff                                                                          | __divmoddi4 / .LBB7_24
    263867	40004790	    961a	c.add	x12,x6	 x12:0xfffd08f5  x6:0x00061a80 x12=0x00032375                                                                          | __divmoddi4 / .LBB7_24
    263868	40004792	00663633	sltu	x12,x12,x6	 x12:0x00032375  x6:0x00061a80 x12=0x00000001                                                                       | __divmoddi4 / .LBB7_24
    263869	40004796	    963a	c.add	x12,x14	 x12:0x00000001 x14:0xffffffff x12=0x00000000                                                                         | __divmoddi4 / .LBB7_24
    263870	40004798	    867d	c.srai	x12,0x1f	 x12:0x00000000 x12=0x00000000                                                                                      | __divmoddi4 / .LBB7_24
    263871	4000479a	00767733	and	x14,x12,x7	 x12:0x00000000  x7:0x00000000 x14=0x00000000                                                                        | __divmoddi4 / .LBB7_24
    263872	4000479e	006674b3	and	x9,x12,x6	 x12:0x00000000  x6:0x00061a80  x9=0x00000000                                                                         | __divmoddi4 / .LBB7_24
    263873	400047a2	0097b433	sltu	x8,x15,x9	 x15:0x0002f70a  x9:0x00000000  x8=0x00000000                                                                        | __divmoddi4 / .LBB7_24
    263874	400047a6	    8e99	c.sub	x13,x14	 x13:0x00000000 x14:0x00000000 x13=0x00000000                                                                         | __divmoddi4 / .LBB7_24
    263875	400047a8	408680b3	sub	x1,x13,x8	 x13:0x00000000  x8:0x00000000  x1=0x00000000                                                                         | __divmoddi4 / .LBB7_24
    263876	400047ac	40978433	sub	x8,x15,x9	 x15:0x0002f70a  x9:0x00000000  x8=0x0002f70a                                                                         | __divmoddi4 / .LBB7_24
    263877	400047b0	    b765	c.CH.cj	40004758	                                                                                                                   | __divmoddi4 / .LBB7_24
    263879	40004758	0ff27793	andi	x15,x4,255	  x4:0x0000000a x15=0x0000000a                                                                                      | __divmoddi4 / .LBB7_24
    263880	4000475c	01f55693	srli	x13,x10,0x1f	 x10:0x00000005 x13=0x00000000                                                                                    | __divmoddi4 / .LBB7_24
    263881	40004760	00159713	slli	x14,x11,0x1	 x11:0x99c00000 x14=0x33800000                                                                                     | __divmoddi4 / .LBB7_24
    263882	40004764	    0506	c.slli	x10,0x1	 x10:0x00000005 x10=0x0000000a                                                                                       | __divmoddi4 / .LBB7_24
    263883	40004766	    8a05	c.andi	x12,1	 x12:0x00000000 x12=0x00000000                                                                                         | __divmoddi4 / .LBB7_24
    263884	40004768	    c7a9	c.beqz	x15,400047b2	 x15:0x0000000a                                                                                                 | __divmoddi4 / .LBB7_24
    263885	4000476a	    127d	c.addi	x4,-1	  x4:0x0000000a  x4=0x00000009                                                                                         | __divmoddi4 / .LBB7_24
    263886	4000476c	01f45293	srli	x5,x8,0x1f	  x8:0x0002f70a  x5=0x00000000                                                                                      | __divmoddi4 / .LBB7_24
    263887	40004770	00109493	slli	x9,x1,0x1	  x1:0x00000000  x9=0x00000000                                                                                       | __divmoddi4 / .LBB7_24
    263888	40004774	    0406	c.slli	x8,0x1	  x8:0x0002f70a  x8=0x0005ee14                                                                                        | __divmoddi4 / .LBB7_24
    263889	40004776	01f5d793	srli	x15,x11,0x1f	 x11:0x99c00000 x15=0x00000001                                                                                    | __divmoddi4 / .LBB7_24
    263890	4000477a	00d765b3	or	x11,x14,x13	 x14:0x33800000 x13:0x00000000 x11=0x33800000                                                                        | __divmoddi4 / .LBB7_24
    263891	4000477e	    8d51	c.or	x10,x12	 x10:0x0000000a x12:0x00000000 x10=0x0000000a                                                                          | __divmoddi4 / .LBB7_24
    263892	40004780	0054e6b3	or	x13,x9,x5	  x9:0x00000000  x5:0x00000000 x13=0x00000000                                                                          | __divmoddi4 / .LBB7_24
    263893	40004784	    8fc1	c.or	x15,x8	 x15:0x00000001  x8:0x0005ee14 x15=0x0005ee15                                                                           | __divmoddi4 / .LBB7_24
    263894	40004786	fff7c613	xori	x12,x15,-1	 x15:0x0005ee15 x12=0xfffa11ea                                                                                      | __divmoddi4 / .LBB7_24
    263895	4000478a	fff6c713	xori	x14,x13,-1	 x13:0x00000000 x14=0xffffffff                                                                                      | __divmoddi4 / .LBB7_24
    263896	4000478e	    971e	c.add	x14,x7	 x14:0xffffffff  x7:0x00000000 x14=0xffffffff                                                                          | __divmoddi4 / .LBB7_24
    263897	40004790	    961a	c.add	x12,x6	 x12:0xfffa11ea  x6:0x00061a80 x12=0x00002c6a                                                                          | __divmoddi4 / .LBB7_24
    263898	40004792	00663633	sltu	x12,x12,x6	 x12:0x00002c6a  x6:0x00061a80 x12=0x00000001                                                                       | __divmoddi4 / .LBB7_24
    263899	40004796	    963a	c.add	x12,x14	 x12:0x00000001 x14:0xffffffff x12=0x00000000                                                                         | __divmoddi4 / .LBB7_24
    263900	40004798	    867d	c.srai	x12,0x1f	 x12:0x00000000 x12=0x00000000                                                                                      | __divmoddi4 / .LBB7_24
    263901	4000479a	00767733	and	x14,x12,x7	 x12:0x00000000  x7:0x00000000 x14=0x00000000                                                                        | __divmoddi4 / .LBB7_24
    263902	4000479e	006674b3	and	x9,x12,x6	 x12:0x00000000  x6:0x00061a80  x9=0x00000000                                                                         | __divmoddi4 / .LBB7_24
    263903	400047a2	0097b433	sltu	x8,x15,x9	 x15:0x0005ee15  x9:0x00000000  x8=0x00000000                                                                        | __divmoddi4 / .LBB7_24
    263904	400047a6	    8e99	c.sub	x13,x14	 x13:0x00000000 x14:0x00000000 x13=0x00000000                                                                         | __divmoddi4 / .LBB7_24
    263905	400047a8	408680b3	sub	x1,x13,x8	 x13:0x00000000  x8:0x00000000  x1=0x00000000                                                                         | __divmoddi4 / .LBB7_24
    263906	400047ac	40978433	sub	x8,x15,x9	 x15:0x0005ee15  x9:0x00000000  x8=0x0005ee15                                                                         | __divmoddi4 / .LBB7_24
    263907	400047b0	    b765	c.CH.cj	40004758	                                                                                                                   | __divmoddi4 / .LBB7_24
    263909	40004758	0ff27793	andi	x15,x4,255	  x4:0x00000009 x15=0x00000009                                                                                      | __divmoddi4 / .LBB7_24
    263910	4000475c	01f55693	srli	x13,x10,0x1f	 x10:0x0000000a x13=0x00000000                                                                                    | __divmoddi4 / .LBB7_24
    263911	40004760	00159713	slli	x14,x11,0x1	 x11:0x33800000 x14=0x67000000                                                                                     | __divmoddi4 / .LBB7_24
    263912	40004764	    0506	c.slli	x10,0x1	 x10:0x0000000a x10=0x00000014                                                                                       | __divmoddi4 / .LBB7_24
    263913	40004766	    8a05	c.andi	x12,1	 x12:0x00000000 x12=0x00000000                                                                                         | __divmoddi4 / .LBB7_24
    263914	40004768	    c7a9	c.beqz	x15,400047b2	 x15:0x00000009                                                                                                 | __divmoddi4 / .LBB7_24
    263915	4000476a	    127d	c.addi	x4,-1	  x4:0x00000009  x4=0x00000008                                                                                         | __divmoddi4 / .LBB7_24
    263916	4000476c	01f45293	srli	x5,x8,0x1f	  x8:0x0005ee15  x5=0x00000000                                                                                      | __divmoddi4 / .LBB7_24
    263917	40004770	00109493	slli	x9,x1,0x1	  x1:0x00000000  x9=0x00000000                                                                                       | __divmoddi4 / .LBB7_24
    263918	40004774	    0406	c.slli	x8,0x1	  x8:0x0005ee15  x8=0x000bdc2a                                                                                        | __divmoddi4 / .LBB7_24
    263919	40004776	01f5d793	srli	x15,x11,0x1f	 x11:0x33800000 x15=0x00000000                                                                                    | __divmoddi4 / .LBB7_24
    263920	4000477a	00d765b3	or	x11,x14,x13	 x14:0x67000000 x13:0x00000000 x11=0x67000000                                                                        | __divmoddi4 / .LBB7_24
    263921	4000477e	    8d51	c.or	x10,x12	 x10:0x00000014 x12:0x00000000 x10=0x00000014                                                                          | __divmoddi4 / .LBB7_24
    263922	40004780	0054e6b3	or	x13,x9,x5	  x9:0x00000000  x5:0x00000000 x13=0x00000000                                                                          | __divmoddi4 / .LBB7_24
    263923	40004784	    8fc1	c.or	x15,x8	 x15:0x00000000  x8:0x000bdc2a x15=0x000bdc2a                                                                           | __divmoddi4 / .LBB7_24
    263924	40004786	fff7c613	xori	x12,x15,-1	 x15:0x000bdc2a x12=0xfff423d5                                                                                      | __divmoddi4 / .LBB7_24
    263925	4000478a	fff6c713	xori	x14,x13,-1	 x13:0x00000000 x14=0xffffffff                                                                                      | __divmoddi4 / .LBB7_24
    263926	4000478e	    971e	c.add	x14,x7	 x14:0xffffffff  x7:0x00000000 x14=0xffffffff                                                                          | __divmoddi4 / .LBB7_24
    263927	40004790	    961a	c.add	x12,x6	 x12:0xfff423d5  x6:0x00061a80 x12=0xfffa3e55                                                                          | __divmoddi4 / .LBB7_24
    263928	40004792	00663633	sltu	x12,x12,x6	 x12:0xfffa3e55  x6:0x00061a80 x12=0x00000000                                                                       | __divmoddi4 / .LBB7_24
    263929	40004796	    963a	c.add	x12,x14	 x12:0x00000000 x14:0xffffffff x12=0xffffffff                                                                         | __divmoddi4 / .LBB7_24
    263930	40004798	    867d	c.srai	x12,0x1f	 x12:0xffffffff x12=0xffffffff                                                                                      | __divmoddi4 / .LBB7_24
    263931	4000479a	00767733	and	x14,x12,x7	 x12:0xffffffff  x7:0x00000000 x14=0x00000000                                                                        | __divmoddi4 / .LBB7_24
    263932	4000479e	006674b3	and	x9,x12,x6	 x12:0xffffffff  x6:0x00061a80  x9=0x00061a80                                                                         | __divmoddi4 / .LBB7_24
    263933	400047a2	0097b433	sltu	x8,x15,x9	 x15:0x000bdc2a  x9:0x00061a80  x8=0x00000000                                                                        | __divmoddi4 / .LBB7_24
    263934	400047a6	    8e99	c.sub	x13,x14	 x13:0x00000000 x14:0x00000000 x13=0x00000000                                                                         | __divmoddi4 / .LBB7_24
    263935	400047a8	408680b3	sub	x1,x13,x8	 x13:0x00000000  x8:0x00000000  x1=0x00000000                                                                         | __divmoddi4 / .LBB7_24
    263936	400047ac	40978433	sub	x8,x15,x9	 x15:0x000bdc2a  x9:0x00061a80  x8=0x0005c1aa                                                                         | __divmoddi4 / .LBB7_24
    263937	400047b0	    b765	c.CH.cj	40004758	                                                                                                                   | __divmoddi4 / .LBB7_24
    263939	40004758	0ff27793	andi	x15,x4,255	  x4:0x00000008 x15=0x00000008                                                                                      | __divmoddi4 / .LBB7_24
    263940	4000475c	01f55693	srli	x13,x10,0x1f	 x10:0x00000014 x13=0x00000000                                                                                    | __divmoddi4 / .LBB7_24
    263941	40004760	00159713	slli	x14,x11,0x1	 x11:0x67000000 x14=0xce000000                                                                                     | __divmoddi4 / .LBB7_24
    263942	40004764	    0506	c.slli	x10,0x1	 x10:0x00000014 x10=0x00000028                                                                                       | __divmoddi4 / .LBB7_24
    263943	40004766	    8a05	c.andi	x12,1	 x12:0xffffffff x12=0x00000001                                                                                         | __divmoddi4 / .LBB7_24
    263944	40004768	    c7a9	c.beqz	x15,400047b2	 x15:0x00000008                                                                                                 | __divmoddi4 / .LBB7_24
    263945	4000476a	    127d	c.addi	x4,-1	  x4:0x00000008  x4=0x00000007                                                                                         | __divmoddi4 / .LBB7_24
    263946	4000476c	01f45293	srli	x5,x8,0x1f	  x8:0x0005c1aa  x5=0x00000000                                                                                      | __divmoddi4 / .LBB7_24
    263947	40004770	00109493	slli	x9,x1,0x1	  x1:0x00000000  x9=0x00000000                                                                                       | __divmoddi4 / .LBB7_24
    263948	40004774	    0406	c.slli	x8,0x1	  x8:0x0005c1aa  x8=0x000b8354                                                                                        | __divmoddi4 / .LBB7_24
    263949	40004776	01f5d793	srli	x15,x11,0x1f	 x11:0x67000000 x15=0x00000000                                                                                    | __divmoddi4 / .LBB7_24
    263950	4000477a	00d765b3	or	x11,x14,x13	 x14:0xce000000 x13:0x00000000 x11=0xce000000                                                                        | __divmoddi4 / .LBB7_24
    263951	4000477e	    8d51	c.or	x10,x12	 x10:0x00000028 x12:0x00000001 x10=0x00000029                                                                          | __divmoddi4 / .LBB7_24
    263952	40004780	0054e6b3	or	x13,x9,x5	  x9:0x00000000  x5:0x00000000 x13=0x00000000                                                                          | __divmoddi4 / .LBB7_24
    263953	40004784	    8fc1	c.or	x15,x8	 x15:0x00000000  x8:0x000b8354 x15=0x000b8354                                                                           | __divmoddi4 / .LBB7_24
    263954	40004786	fff7c613	xori	x12,x15,-1	 x15:0x000b8354 x12=0xfff47cab                                                                                      | __divmoddi4 / .LBB7_24
    263955	4000478a	fff6c713	xori	x14,x13,-1	 x13:0x00000000 x14=0xffffffff                                                                                      | __divmoddi4 / .LBB7_24
    263956	4000478e	    971e	c.add	x14,x7	 x14:0xffffffff  x7:0x00000000 x14=0xffffffff                                                                          | __divmoddi4 / .LBB7_24
    263957	40004790	    961a	c.add	x12,x6	 x12:0xfff47cab  x6:0x00061a80 x12=0xfffa972b                                                                          | __divmoddi4 / .LBB7_24
    263958	40004792	00663633	sltu	x12,x12,x6	 x12:0xfffa972b  x6:0x00061a80 x12=0x00000000                                                                       | __divmoddi4 / .LBB7_24
    263959	40004796	    963a	c.add	x12,x14	 x12:0x00000000 x14:0xffffffff x12=0xffffffff                                                                         | __divmoddi4 / .LBB7_24
    263960	40004798	    867d	c.srai	x12,0x1f	 x12:0xffffffff x12=0xffffffff                                                                                      | __divmoddi4 / .LBB7_24
    263961	4000479a	00767733	and	x14,x12,x7	 x12:0xffffffff  x7:0x00000000 x14=0x00000000                                                                        | __divmoddi4 / .LBB7_24
    263962	4000479e	006674b3	and	x9,x12,x6	 x12:0xffffffff  x6:0x00061a80  x9=0x00061a80                                                                         | __divmoddi4 / .LBB7_24
    263963	400047a2	0097b433	sltu	x8,x15,x9	 x15:0x000b8354  x9:0x00061a80  x8=0x00000000                                                                        | __divmoddi4 / .LBB7_24
    263964	400047a6	    8e99	c.sub	x13,x14	 x13:0x00000000 x14:0x00000000 x13=0x00000000                                                                         | __divmoddi4 / .LBB7_24
    263965	400047a8	408680b3	sub	x1,x13,x8	 x13:0x00000000  x8:0x00000000  x1=0x00000000                                                                         | __divmoddi4 / .LBB7_24
    263966	400047ac	40978433	sub	x8,x15,x9	 x15:0x000b8354  x9:0x00061a80  x8=0x000568d4                                                                         | __divmoddi4 / .LBB7_24
    263967	400047b0	    b765	c.CH.cj	40004758	                                                                                                                   | __divmoddi4 / .LBB7_24
    263969	40004758	0ff27793	andi	x15,x4,255	  x4:0x00000007 x15=0x00000007                                                                                      | __divmoddi4 / .LBB7_24
    263970	4000475c	01f55693	srli	x13,x10,0x1f	 x10:0x00000029 x13=0x00000000                                                                                    | __divmoddi4 / .LBB7_24
    263971	40004760	00159713	slli	x14,x11,0x1	 x11:0xce000000 x14=0x9c000000                                                                                     | __divmoddi4 / .LBB7_24
    263972	40004764	    0506	c.slli	x10,0x1	 x10:0x00000029 x10=0x00000052                                                                                       | __divmoddi4 / .LBB7_24
    263973	40004766	    8a05	c.andi	x12,1	 x12:0xffffffff x12=0x00000001                                                                                         | __divmoddi4 / .LBB7_24
    263974	40004768	    c7a9	c.beqz	x15,400047b2	 x15:0x00000007                                                                                                 | __divmoddi4 / .LBB7_24
    263975	4000476a	    127d	c.addi	x4,-1	  x4:0x00000007  x4=0x00000006                                                                                         | __divmoddi4 / .LBB7_24
    263976	4000476c	01f45293	srli	x5,x8,0x1f	  x8:0x000568d4  x5=0x00000000                                                                                      | __divmoddi4 / .LBB7_24
    263977	40004770	00109493	slli	x9,x1,0x1	  x1:0x00000000  x9=0x00000000                                                                                       | __divmoddi4 / .LBB7_24
    263978	40004774	    0406	c.slli	x8,0x1	  x8:0x000568d4  x8=0x000ad1a8                                                                                        | __divmoddi4 / .LBB7_24
    263979	40004776	01f5d793	srli	x15,x11,0x1f	 x11:0xce000000 x15=0x00000001                                                                                    | __divmoddi4 / .LBB7_24
    263980	4000477a	00d765b3	or	x11,x14,x13	 x14:0x9c000000 x13:0x00000000 x11=0x9c000000                                                                        | __divmoddi4 / .LBB7_24
    263981	4000477e	    8d51	c.or	x10,x12	 x10:0x00000052 x12:0x00000001 x10=0x00000053                                                                          | __divmoddi4 / .LBB7_24
    263982	40004780	0054e6b3	or	x13,x9,x5	  x9:0x00000000  x5:0x00000000 x13=0x00000000                                                                          | __divmoddi4 / .LBB7_24
    263983	40004784	    8fc1	c.or	x15,x8	 x15:0x00000001  x8:0x000ad1a8 x15=0x000ad1a9                                                                           | __divmoddi4 / .LBB7_24
    263984	40004786	fff7c613	xori	x12,x15,-1	 x15:0x000ad1a9 x12=0xfff52e56                                                                                      | __divmoddi4 / .LBB7_24
    263985	4000478a	fff6c713	xori	x14,x13,-1	 x13:0x00000000 x14=0xffffffff                                                                                      | __divmoddi4 / .LBB7_24
    263986	4000478e	    971e	c.add	x14,x7	 x14:0xffffffff  x7:0x00000000 x14=0xffffffff                                                                          | __divmoddi4 / .LBB7_24
    263987	40004790	    961a	c.add	x12,x6	 x12:0xfff52e56  x6:0x00061a80 x12=0xfffb48d6                                                                          | __divmoddi4 / .LBB7_24
    263988	40004792	00663633	sltu	x12,x12,x6	 x12:0xfffb48d6  x6:0x00061a80 x12=0x00000000                                                                       | __divmoddi4 / .LBB7_24
    263989	40004796	    963a	c.add	x12,x14	 x12:0x00000000 x14:0xffffffff x12=0xffffffff                                                                         | __divmoddi4 / .LBB7_24
    263990	40004798	    867d	c.srai	x12,0x1f	 x12:0xffffffff x12=0xffffffff                                                                                      | __divmoddi4 / .LBB7_24
    263991	4000479a	00767733	and	x14,x12,x7	 x12:0xffffffff  x7:0x00000000 x14=0x00000000                                                                        | __divmoddi4 / .LBB7_24
    263992	4000479e	006674b3	and	x9,x12,x6	 x12:0xffffffff  x6:0x00061a80  x9=0x00061a80                                                                         | __divmoddi4 / .LBB7_24
    263993	400047a2	0097b433	sltu	x8,x15,x9	 x15:0x000ad1a9  x9:0x00061a80  x8=0x00000000                                                                        | __divmoddi4 / .LBB7_24
    263994	400047a6	    8e99	c.sub	x13,x14	 x13:0x00000000 x14:0x00000000 x13=0x00000000                                                                         | __divmoddi4 / .LBB7_24
    263995	400047a8	408680b3	sub	x1,x13,x8	 x13:0x00000000  x8:0x00000000  x1=0x00000000                                                                         | __divmoddi4 / .LBB7_24
    263996	400047ac	40978433	sub	x8,x15,x9	 x15:0x000ad1a9  x9:0x00061a80  x8=0x0004b729                                                                         | __divmoddi4 / .LBB7_24
    263997	400047b0	    b765	c.CH.cj	40004758	                                                                                                                   | __divmoddi4 / .LBB7_24
    263999	40004758	0ff27793	andi	x15,x4,255	  x4:0x00000006 x15=0x00000006                                                                                      | __divmoddi4 / .LBB7_24
    264000	4000475c	01f55693	srli	x13,x10,0x1f	 x10:0x00000053 x13=0x00000000                                                                                    | __divmoddi4 / .LBB7_24
    264001	40004760	00159713	slli	x14,x11,0x1	 x11:0x9c000000 x14=0x38000000                                                                                     | __divmoddi4 / .LBB7_24
    264002	40004764	    0506	c.slli	x10,0x1	 x10:0x00000053 x10=0x000000a6                                                                                       | __divmoddi4 / .LBB7_24
    264003	40004766	    8a05	c.andi	x12,1	 x12:0xffffffff x12=0x00000001                                                                                         | __divmoddi4 / .LBB7_24
    264004	40004768	    c7a9	c.beqz	x15,400047b2	 x15:0x00000006                                                                                                 | __divmoddi4 / .LBB7_24
    264005	4000476a	    127d	c.addi	x4,-1	  x4:0x00000006  x4=0x00000005                                                                                         | __divmoddi4 / .LBB7_24
    264006	4000476c	01f45293	srli	x5,x8,0x1f	  x8:0x0004b729  x5=0x00000000                                                                                      | __divmoddi4 / .LBB7_24
    264007	40004770	00109493	slli	x9,x1,0x1	  x1:0x00000000  x9=0x00000000                                                                                       | __divmoddi4 / .LBB7_24
    264008	40004774	    0406	c.slli	x8,0x1	  x8:0x0004b729  x8=0x00096e52                                                                                        | __divmoddi4 / .LBB7_24
    264009	40004776	01f5d793	srli	x15,x11,0x1f	 x11:0x9c000000 x15=0x00000001                                                                                    | __divmoddi4 / .LBB7_24
    264010	4000477a	00d765b3	or	x11,x14,x13	 x14:0x38000000 x13:0x00000000 x11=0x38000000                                                                        | __divmoddi4 / .LBB7_24
    264011	4000477e	    8d51	c.or	x10,x12	 x10:0x000000a6 x12:0x00000001 x10=0x000000a7                                                                          | __divmoddi4 / .LBB7_24
    264012	40004780	0054e6b3	or	x13,x9,x5	  x9:0x00000000  x5:0x00000000 x13=0x00000000                                                                          | __divmoddi4 / .LBB7_24
    264013	40004784	    8fc1	c.or	x15,x8	 x15:0x00000001  x8:0x00096e52 x15=0x00096e53                                                                           | __divmoddi4 / .LBB7_24
    264014	40004786	fff7c613	xori	x12,x15,-1	 x15:0x00096e53 x12=0xfff691ac                                                                                      | __divmoddi4 / .LBB7_24
    264015	4000478a	fff6c713	xori	x14,x13,-1	 x13:0x00000000 x14=0xffffffff                                                                                      | __divmoddi4 / .LBB7_24
    264016	4000478e	    971e	c.add	x14,x7	 x14:0xffffffff  x7:0x00000000 x14=0xffffffff                                                                          | __divmoddi4 / .LBB7_24
    264017	40004790	    961a	c.add	x12,x6	 x12:0xfff691ac  x6:0x00061a80 x12=0xfffcac2c                                                                          | __divmoddi4 / .LBB7_24
    264018	40004792	00663633	sltu	x12,x12,x6	 x12:0xfffcac2c  x6:0x00061a80 x12=0x00000000                                                                       | __divmoddi4 / .LBB7_24
    264019	40004796	    963a	c.add	x12,x14	 x12:0x00000000 x14:0xffffffff x12=0xffffffff                                                                         | __divmoddi4 / .LBB7_24
    264020	40004798	    867d	c.srai	x12,0x1f	 x12:0xffffffff x12=0xffffffff                                                                                      | __divmoddi4 / .LBB7_24
    264021	4000479a	00767733	and	x14,x12,x7	 x12:0xffffffff  x7:0x00000000 x14=0x00000000                                                                        | __divmoddi4 / .LBB7_24
    264022	4000479e	006674b3	and	x9,x12,x6	 x12:0xffffffff  x6:0x00061a80  x9=0x00061a80                                                                         | __divmoddi4 / .LBB7_24
    264023	400047a2	0097b433	sltu	x8,x15,x9	 x15:0x00096e53  x9:0x00061a80  x8=0x00000000                                                                        | __divmoddi4 / .LBB7_24
    264024	400047a6	    8e99	c.sub	x13,x14	 x13:0x00000000 x14:0x00000000 x13=0x00000000                                                                         | __divmoddi4 / .LBB7_24
    264025	400047a8	408680b3	sub	x1,x13,x8	 x13:0x00000000  x8:0x00000000  x1=0x00000000                                                                         | __divmoddi4 / .LBB7_24
    264026	400047ac	40978433	sub	x8,x15,x9	 x15:0x00096e53  x9:0x00061a80  x8=0x000353d3                                                                         | __divmoddi4 / .LBB7_24
    264027	400047b0	    b765	c.CH.cj	40004758	                                                                                                                   | __divmoddi4 / .LBB7_24
    264029	40004758	0ff27793	andi	x15,x4,255	  x4:0x00000005 x15=0x00000005                                                                                      | __divmoddi4 / .LBB7_24
    264030	4000475c	01f55693	srli	x13,x10,0x1f	 x10:0x000000a7 x13=0x00000000                                                                                    | __divmoddi4 / .LBB7_24
    264031	40004760	00159713	slli	x14,x11,0x1	 x11:0x38000000 x14=0x70000000                                                                                     | __divmoddi4 / .LBB7_24
    264032	40004764	    0506	c.slli	x10,0x1	 x10:0x000000a7 x10=0x0000014e                                                                                       | __divmoddi4 / .LBB7_24
    264033	40004766	    8a05	c.andi	x12,1	 x12:0xffffffff x12=0x00000001                                                                                         | __divmoddi4 / .LBB7_24
    264034	40004768	    c7a9	c.beqz	x15,400047b2	 x15:0x00000005                                                                                                 | __divmoddi4 / .LBB7_24
    264035	4000476a	    127d	c.addi	x4,-1	  x4:0x00000005  x4=0x00000004                                                                                         | __divmoddi4 / .LBB7_24
    264036	4000476c	01f45293	srli	x5,x8,0x1f	  x8:0x000353d3  x5=0x00000000                                                                                      | __divmoddi4 / .LBB7_24
    264037	40004770	00109493	slli	x9,x1,0x1	  x1:0x00000000  x9=0x00000000                                                                                       | __divmoddi4 / .LBB7_24
    264038	40004774	    0406	c.slli	x8,0x1	  x8:0x000353d3  x8=0x0006a7a6                                                                                        | __divmoddi4 / .LBB7_24
    264039	40004776	01f5d793	srli	x15,x11,0x1f	 x11:0x38000000 x15=0x00000000                                                                                    | __divmoddi4 / .LBB7_24
    264040	4000477a	00d765b3	or	x11,x14,x13	 x14:0x70000000 x13:0x00000000 x11=0x70000000                                                                        | __divmoddi4 / .LBB7_24
    264041	4000477e	    8d51	c.or	x10,x12	 x10:0x0000014e x12:0x00000001 x10=0x0000014f                                                                          | __divmoddi4 / .LBB7_24
    264042	40004780	0054e6b3	or	x13,x9,x5	  x9:0x00000000  x5:0x00000000 x13=0x00000000                                                                          | __divmoddi4 / .LBB7_24
    264043	40004784	    8fc1	c.or	x15,x8	 x15:0x00000000  x8:0x0006a7a6 x15=0x0006a7a6                                                                           | __divmoddi4 / .LBB7_24
    264044	40004786	fff7c613	xori	x12,x15,-1	 x15:0x0006a7a6 x12=0xfff95859                                                                                      | __divmoddi4 / .LBB7_24
    264045	4000478a	fff6c713	xori	x14,x13,-1	 x13:0x00000000 x14=0xffffffff                                                                                      | __divmoddi4 / .LBB7_24
    264046	4000478e	    971e	c.add	x14,x7	 x14:0xffffffff  x7:0x00000000 x14=0xffffffff                                                                          | __divmoddi4 / .LBB7_24
    264047	40004790	    961a	c.add	x12,x6	 x12:0xfff95859  x6:0x00061a80 x12=0xffff72d9                                                                          | __divmoddi4 / .LBB7_24
    264048	40004792	00663633	sltu	x12,x12,x6	 x12:0xffff72d9  x6:0x00061a80 x12=0x00000000                                                                       | __divmoddi4 / .LBB7_24
    264049	40004796	    963a	c.add	x12,x14	 x12:0x00000000 x14:0xffffffff x12=0xffffffff                                                                         | __divmoddi4 / .LBB7_24
    264050	40004798	    867d	c.srai	x12,0x1f	 x12:0xffffffff x12=0xffffffff                                                                                      | __divmoddi4 / .LBB7_24
    264051	4000479a	00767733	and	x14,x12,x7	 x12:0xffffffff  x7:0x00000000 x14=0x00000000                                                                        | __divmoddi4 / .LBB7_24
    264052	4000479e	006674b3	and	x9,x12,x6	 x12:0xffffffff  x6:0x00061a80  x9=0x00061a80                                                                         | __divmoddi4 / .LBB7_24
    264053	400047a2	0097b433	sltu	x8,x15,x9	 x15:0x0006a7a6  x9:0x00061a80  x8=0x00000000                                                                        | __divmoddi4 / .LBB7_24
    264054	400047a6	    8e99	c.sub	x13,x14	 x13:0x00000000 x14:0x00000000 x13=0x00000000                                                                         | __divmoddi4 / .LBB7_24
    264055	400047a8	408680b3	sub	x1,x13,x8	 x13:0x00000000  x8:0x00000000  x1=0x00000000                                                                         | __divmoddi4 / .LBB7_24
    264056	400047ac	40978433	sub	x8,x15,x9	 x15:0x0006a7a6  x9:0x00061a80  x8=0x00008d26                                                                         | __divmoddi4 / .LBB7_24
    264057	400047b0	    b765	c.CH.cj	40004758	                                                                                                                   | __divmoddi4 / .LBB7_24
    264059	40004758	0ff27793	andi	x15,x4,255	  x4:0x00000004 x15=0x00000004                                                                                      | __divmoddi4 / .LBB7_24
    264060	4000475c	01f55693	srli	x13,x10,0x1f	 x10:0x0000014f x13=0x00000000                                                                                    | __divmoddi4 / .LBB7_24
    264061	40004760	00159713	slli	x14,x11,0x1	 x11:0x70000000 x14=0xe0000000                                                                                     | __divmoddi4 / .LBB7_24
    264062	40004764	    0506	c.slli	x10,0x1	 x10:0x0000014f x10=0x0000029e                                                                                       | __divmoddi4 / .LBB7_24
    264063	40004766	    8a05	c.andi	x12,1	 x12:0xffffffff x12=0x00000001                                                                                         | __divmoddi4 / .LBB7_24
    264064	40004768	    c7a9	c.beqz	x15,400047b2	 x15:0x00000004                                                                                                 | __divmoddi4 / .LBB7_24
    264065	4000476a	    127d	c.addi	x4,-1	  x4:0x00000004  x4=0x00000003                                                                                         | __divmoddi4 / .LBB7_24
    264066	4000476c	01f45293	srli	x5,x8,0x1f	  x8:0x00008d26  x5=0x00000000                                                                                      | __divmoddi4 / .LBB7_24
    264067	40004770	00109493	slli	x9,x1,0x1	  x1:0x00000000  x9=0x00000000                                                                                       | __divmoddi4 / .LBB7_24
    264068	40004774	    0406	c.slli	x8,0x1	  x8:0x00008d26  x8=0x00011a4c                                                                                        | __divmoddi4 / .LBB7_24
    264069	40004776	01f5d793	srli	x15,x11,0x1f	 x11:0x70000000 x15=0x00000000                                                                                    | __divmoddi4 / .LBB7_24
    264070	4000477a	00d765b3	or	x11,x14,x13	 x14:0xe0000000 x13:0x00000000 x11=0xe0000000                                                                        | __divmoddi4 / .LBB7_24
    264071	4000477e	    8d51	c.or	x10,x12	 x10:0x0000029e x12:0x00000001 x10=0x0000029f                                                                          | __divmoddi4 / .LBB7_24
    264072	40004780	0054e6b3	or	x13,x9,x5	  x9:0x00000000  x5:0x00000000 x13=0x00000000                                                                          | __divmoddi4 / .LBB7_24
    264073	40004784	    8fc1	c.or	x15,x8	 x15:0x00000000  x8:0x00011a4c x15=0x00011a4c                                                                           | __divmoddi4 / .LBB7_24
    264074	40004786	fff7c613	xori	x12,x15,-1	 x15:0x00011a4c x12=0xfffee5b3                                                                                      | __divmoddi4 / .LBB7_24
    264075	4000478a	fff6c713	xori	x14,x13,-1	 x13:0x00000000 x14=0xffffffff                                                                                      | __divmoddi4 / .LBB7_24
    264076	4000478e	    971e	c.add	x14,x7	 x14:0xffffffff  x7:0x00000000 x14=0xffffffff                                                                          | __divmoddi4 / .LBB7_24
    264077	40004790	    961a	c.add	x12,x6	 x12:0xfffee5b3  x6:0x00061a80 x12=0x00050033                                                                          | __divmoddi4 / .LBB7_24
    264078	40004792	00663633	sltu	x12,x12,x6	 x12:0x00050033  x6:0x00061a80 x12=0x00000001                                                                       | __divmoddi4 / .LBB7_24
    264079	40004796	    963a	c.add	x12,x14	 x12:0x00000001 x14:0xffffffff x12=0x00000000                                                                         | __divmoddi4 / .LBB7_24
    264080	40004798	    867d	c.srai	x12,0x1f	 x12:0x00000000 x12=0x00000000                                                                                      | __divmoddi4 / .LBB7_24
    264081	4000479a	00767733	and	x14,x12,x7	 x12:0x00000000  x7:0x00000000 x14=0x00000000                                                                        | __divmoddi4 / .LBB7_24
    264082	4000479e	006674b3	and	x9,x12,x6	 x12:0x00000000  x6:0x00061a80  x9=0x00000000                                                                         | __divmoddi4 / .LBB7_24
    264083	400047a2	0097b433	sltu	x8,x15,x9	 x15:0x00011a4c  x9:0x00000000  x8=0x00000000                                                                        | __divmoddi4 / .LBB7_24
    264084	400047a6	    8e99	c.sub	x13,x14	 x13:0x00000000 x14:0x00000000 x13=0x00000000                                                                         | __divmoddi4 / .LBB7_24
    264085	400047a8	408680b3	sub	x1,x13,x8	 x13:0x00000000  x8:0x00000000  x1=0x00000000                                                                         | __divmoddi4 / .LBB7_24
    264086	400047ac	40978433	sub	x8,x15,x9	 x15:0x00011a4c  x9:0x00000000  x8=0x00011a4c                                                                         | __divmoddi4 / .LBB7_24
    264087	400047b0	    b765	c.CH.cj	40004758	                                                                                                                   | __divmoddi4 / .LBB7_24
    264089	40004758	0ff27793	andi	x15,x4,255	  x4:0x00000003 x15=0x00000003                                                                                      | __divmoddi4 / .LBB7_24
    264090	4000475c	01f55693	srli	x13,x10,0x1f	 x10:0x0000029f x13=0x00000000                                                                                    | __divmoddi4 / .LBB7_24
    264091	40004760	00159713	slli	x14,x11,0x1	 x11:0xe0000000 x14=0xc0000000                                                                                     | __divmoddi4 / .LBB7_24
    264092	40004764	    0506	c.slli	x10,0x1	 x10:0x0000029f x10=0x0000053e                                                                                       | __divmoddi4 / .LBB7_24
    264093	40004766	    8a05	c.andi	x12,1	 x12:0x00000000 x12=0x00000000                                                                                         | __divmoddi4 / .LBB7_24
    264094	40004768	    c7a9	c.beqz	x15,400047b2	 x15:0x00000003                                                                                                 | __divmoddi4 / .LBB7_24
    264095	4000476a	    127d	c.addi	x4,-1	  x4:0x00000003  x4=0x00000002                                                                                         | __divmoddi4 / .LBB7_24
    264096	4000476c	01f45293	srli	x5,x8,0x1f	  x8:0x00011a4c  x5=0x00000000                                                                                      | __divmoddi4 / .LBB7_24
    264097	40004770	00109493	slli	x9,x1,0x1	  x1:0x00000000  x9=0x00000000                                                                                       | __divmoddi4 / .LBB7_24
    264098	40004774	    0406	c.slli	x8,0x1	  x8:0x00011a4c  x8=0x00023498                                                                                        | __divmoddi4 / .LBB7_24
    264099	40004776	01f5d793	srli	x15,x11,0x1f	 x11:0xe0000000 x15=0x00000001                                                                                    | __divmoddi4 / .LBB7_24
    264100	4000477a	00d765b3	or	x11,x14,x13	 x14:0xc0000000 x13:0x00000000 x11=0xc0000000                                                                        | __divmoddi4 / .LBB7_24
    264101	4000477e	    8d51	c.or	x10,x12	 x10:0x0000053e x12:0x00000000 x10=0x0000053e                                                                          | __divmoddi4 / .LBB7_24
    264102	40004780	0054e6b3	or	x13,x9,x5	  x9:0x00000000  x5:0x00000000 x13=0x00000000                                                                          | __divmoddi4 / .LBB7_24
    264103	40004784	    8fc1	c.or	x15,x8	 x15:0x00000001  x8:0x00023498 x15=0x00023499                                                                           | __divmoddi4 / .LBB7_24
    264104	40004786	fff7c613	xori	x12,x15,-1	 x15:0x00023499 x12=0xfffdcb66                                                                                      | __divmoddi4 / .LBB7_24
    264105	4000478a	fff6c713	xori	x14,x13,-1	 x13:0x00000000 x14=0xffffffff                                                                                      | __divmoddi4 / .LBB7_24
    264106	4000478e	    971e	c.add	x14,x7	 x14:0xffffffff  x7:0x00000000 x14=0xffffffff                                                                          | __divmoddi4 / .LBB7_24
    264107	40004790	    961a	c.add	x12,x6	 x12:0xfffdcb66  x6:0x00061a80 x12=0x0003e5e6                                                                          | __divmoddi4 / .LBB7_24
    264108	40004792	00663633	sltu	x12,x12,x6	 x12:0x0003e5e6  x6:0x00061a80 x12=0x00000001                                                                       | __divmoddi4 / .LBB7_24
    264109	40004796	    963a	c.add	x12,x14	 x12:0x00000001 x14:0xffffffff x12=0x00000000                                                                         | __divmoddi4 / .LBB7_24
    264110	40004798	    867d	c.srai	x12,0x1f	 x12:0x00000000 x12=0x00000000                                                                                      | __divmoddi4 / .LBB7_24
    264111	4000479a	00767733	and	x14,x12,x7	 x12:0x00000000  x7:0x00000000 x14=0x00000000                                                                        | __divmoddi4 / .LBB7_24
    264112	4000479e	006674b3	and	x9,x12,x6	 x12:0x00000000  x6:0x00061a80  x9=0x00000000                                                                         | __divmoddi4 / .LBB7_24
    264113	400047a2	0097b433	sltu	x8,x15,x9	 x15:0x00023499  x9:0x00000000  x8=0x00000000                                                                        | __divmoddi4 / .LBB7_24
    264114	400047a6	    8e99	c.sub	x13,x14	 x13:0x00000000 x14:0x00000000 x13=0x00000000                                                                         | __divmoddi4 / .LBB7_24
    264115	400047a8	408680b3	sub	x1,x13,x8	 x13:0x00000000  x8:0x00000000  x1=0x00000000                                                                         | __divmoddi4 / .LBB7_24
    264116	400047ac	40978433	sub	x8,x15,x9	 x15:0x00023499  x9:0x00000000  x8=0x00023499                                                                         | __divmoddi4 / .LBB7_24
    264117	400047b0	    b765	c.CH.cj	40004758	                                                                                                                   | __divmoddi4 / .LBB7_24
    264119	40004758	0ff27793	andi	x15,x4,255	  x4:0x00000002 x15=0x00000002                                                                                      | __divmoddi4 / .LBB7_24
    264120	4000475c	01f55693	srli	x13,x10,0x1f	 x10:0x0000053e x13=0x00000000                                                                                    | __divmoddi4 / .LBB7_24
    264121	40004760	00159713	slli	x14,x11,0x1	 x11:0xc0000000 x14=0x80000000                                                                                     | __divmoddi4 / .LBB7_24
    264122	40004764	    0506	c.slli	x10,0x1	 x10:0x0000053e x10=0x00000a7c                                                                                       | __divmoddi4 / .LBB7_24
    264123	40004766	    8a05	c.andi	x12,1	 x12:0x00000000 x12=0x00000000                                                                                         | __divmoddi4 / .LBB7_24
    264124	40004768	    c7a9	c.beqz	x15,400047b2	 x15:0x00000002                                                                                                 | __divmoddi4 / .LBB7_24
    264125	4000476a	    127d	c.addi	x4,-1	  x4:0x00000002  x4=0x00000001                                                                                         | __divmoddi4 / .LBB7_24
    264126	4000476c	01f45293	srli	x5,x8,0x1f	  x8:0x00023499  x5=0x00000000                                                                                      | __divmoddi4 / .LBB7_24
    264127	40004770	00109493	slli	x9,x1,0x1	  x1:0x00000000  x9=0x00000000                                                                                       | __divmoddi4 / .LBB7_24
    264128	40004774	    0406	c.slli	x8,0x1	  x8:0x00023499  x8=0x00046932                                                                                        | __divmoddi4 / .LBB7_24
    264129	40004776	01f5d793	srli	x15,x11,0x1f	 x11:0xc0000000 x15=0x00000001                                                                                    | __divmoddi4 / .LBB7_24
    264130	4000477a	00d765b3	or	x11,x14,x13	 x14:0x80000000 x13:0x00000000 x11=0x80000000                                                                        | __divmoddi4 / .LBB7_24
    264131	4000477e	    8d51	c.or	x10,x12	 x10:0x00000a7c x12:0x00000000 x10=0x00000a7c                                                                          | __divmoddi4 / .LBB7_24
    264132	40004780	0054e6b3	or	x13,x9,x5	  x9:0x00000000  x5:0x00000000 x13=0x00000000                                                                          | __divmoddi4 / .LBB7_24
    264133	40004784	    8fc1	c.or	x15,x8	 x15:0x00000001  x8:0x00046932 x15=0x00046933                                                                           | __divmoddi4 / .LBB7_24
    264134	40004786	fff7c613	xori	x12,x15,-1	 x15:0x00046933 x12=0xfffb96cc                                                                                      | __divmoddi4 / .LBB7_24
    264135	4000478a	fff6c713	xori	x14,x13,-1	 x13:0x00000000 x14=0xffffffff                                                                                      | __divmoddi4 / .LBB7_24
    264136	4000478e	    971e	c.add	x14,x7	 x14:0xffffffff  x7:0x00000000 x14=0xffffffff                                                                          | __divmoddi4 / .LBB7_24
    264137	40004790	    961a	c.add	x12,x6	 x12:0xfffb96cc  x6:0x00061a80 x12=0x0001b14c                                                                          | __divmoddi4 / .LBB7_24
    264138	40004792	00663633	sltu	x12,x12,x6	 x12:0x0001b14c  x6:0x00061a80 x12=0x00000001                                                                       | __divmoddi4 / .LBB7_24
    264139	40004796	    963a	c.add	x12,x14	 x12:0x00000001 x14:0xffffffff x12=0x00000000                                                                         | __divmoddi4 / .LBB7_24
    264140	40004798	    867d	c.srai	x12,0x1f	 x12:0x00000000 x12=0x00000000                                                                                      | __divmoddi4 / .LBB7_24
    264141	4000479a	00767733	and	x14,x12,x7	 x12:0x00000000  x7:0x00000000 x14=0x00000000                                                                        | __divmoddi4 / .LBB7_24
    264142	4000479e	006674b3	and	x9,x12,x6	 x12:0x00000000  x6:0x00061a80  x9=0x00000000                                                                         | __divmoddi4 / .LBB7_24
    264143	400047a2	0097b433	sltu	x8,x15,x9	 x15:0x00046933  x9:0x00000000  x8=0x00000000                                                                        | __divmoddi4 / .LBB7_24
    264144	400047a6	    8e99	c.sub	x13,x14	 x13:0x00000000 x14:0x00000000 x13=0x00000000                                                                         | __divmoddi4 / .LBB7_24
    264145	400047a8	408680b3	sub	x1,x13,x8	 x13:0x00000000  x8:0x00000000  x1=0x00000000                                                                         | __divmoddi4 / .LBB7_24
    264146	400047ac	40978433	sub	x8,x15,x9	 x15:0x00046933  x9:0x00000000  x8=0x00046933                                                                         | __divmoddi4 / .LBB7_24
    264147	400047b0	    b765	c.CH.cj	40004758	                                                                                                                   | __divmoddi4 / .LBB7_24
    264149	40004758	0ff27793	andi	x15,x4,255	  x4:0x00000001 x15=0x00000001                                                                                      | __divmoddi4 / .LBB7_24
    264150	4000475c	01f55693	srli	x13,x10,0x1f	 x10:0x00000a7c x13=0x00000000                                                                                    | __divmoddi4 / .LBB7_24
    264151	40004760	00159713	slli	x14,x11,0x1	 x11:0x80000000 x14=0x00000000                                                                                     | __divmoddi4 / .LBB7_24
    264152	40004764	    0506	c.slli	x10,0x1	 x10:0x00000a7c x10=0x000014f8                                                                                       | __divmoddi4 / .LBB7_24
    264153	40004766	    8a05	c.andi	x12,1	 x12:0x00000000 x12=0x00000000                                                                                         | __divmoddi4 / .LBB7_24
    264154	40004768	    c7a9	c.beqz	x15,400047b2	 x15:0x00000001                                                                                                 | __divmoddi4 / .LBB7_24
    264155	4000476a	    127d	c.addi	x4,-1	  x4:0x00000001  x4=0x00000000                                                                                         | __divmoddi4 / .LBB7_24
    264156	4000476c	01f45293	srli	x5,x8,0x1f	  x8:0x00046933  x5=0x00000000                                                                                      | __divmoddi4 / .LBB7_24
    264157	40004770	00109493	slli	x9,x1,0x1	  x1:0x00000000  x9=0x00000000                                                                                       | __divmoddi4 / .LBB7_24
    264158	40004774	    0406	c.slli	x8,0x1	  x8:0x00046933  x8=0x0008d266                                                                                        | __divmoddi4 / .LBB7_24
    264159	40004776	01f5d793	srli	x15,x11,0x1f	 x11:0x80000000 x15=0x00000001                                                                                    | __divmoddi4 / .LBB7_24
    264160	4000477a	00d765b3	or	x11,x14,x13	 x14:0x00000000 x13:0x00000000 x11=0x00000000                                                                        | __divmoddi4 / .LBB7_24
    264161	4000477e	    8d51	c.or	x10,x12	 x10:0x000014f8 x12:0x00000000 x10=0x000014f8                                                                          | __divmoddi4 / .LBB7_24
    264162	40004780	0054e6b3	or	x13,x9,x5	  x9:0x00000000  x5:0x00000000 x13=0x00000000                                                                          | __divmoddi4 / .LBB7_24
    264163	40004784	    8fc1	c.or	x15,x8	 x15:0x00000001  x8:0x0008d266 x15=0x0008d267                                                                           | __divmoddi4 / .LBB7_24
    264164	40004786	fff7c613	xori	x12,x15,-1	 x15:0x0008d267 x12=0xfff72d98                                                                                      | __divmoddi4 / .LBB7_24
    264165	4000478a	fff6c713	xori	x14,x13,-1	 x13:0x00000000 x14=0xffffffff                                                                                      | __divmoddi4 / .LBB7_24
    264166	4000478e	    971e	c.add	x14,x7	 x14:0xffffffff  x7:0x00000000 x14=0xffffffff                                                                          | __divmoddi4 / .LBB7_24
    264167	40004790	    961a	c.add	x12,x6	 x12:0xfff72d98  x6:0x00061a80 x12=0xfffd4818                                                                          | __divmoddi4 / .LBB7_24
    264168	40004792	00663633	sltu	x12,x12,x6	 x12:0xfffd4818  x6:0x00061a80 x12=0x00000000                                                                       | __divmoddi4 / .LBB7_24
    264169	40004796	    963a	c.add	x12,x14	 x12:0x00000000 x14:0xffffffff x12=0xffffffff                                                                         | __divmoddi4 / .LBB7_24
    264170	40004798	    867d	c.srai	x12,0x1f	 x12:0xffffffff x12=0xffffffff                                                                                      | __divmoddi4 / .LBB7_24
    264171	4000479a	00767733	and	x14,x12,x7	 x12:0xffffffff  x7:0x00000000 x14=0x00000000                                                                        | __divmoddi4 / .LBB7_24
    264172	4000479e	006674b3	and	x9,x12,x6	 x12:0xffffffff  x6:0x00061a80  x9=0x00061a80                                                                         | __divmoddi4 / .LBB7_24
    264173	400047a2	0097b433	sltu	x8,x15,x9	 x15:0x0008d267  x9:0x00061a80  x8=0x00000000                                                                        | __divmoddi4 / .LBB7_24
    264174	400047a6	    8e99	c.sub	x13,x14	 x13:0x00000000 x14:0x00000000 x13=0x00000000                                                                         | __divmoddi4 / .LBB7_24
    264175	400047a8	408680b3	sub	x1,x13,x8	 x13:0x00000000  x8:0x00000000  x1=0x00000000                                                                         | __divmoddi4 / .LBB7_24
    264176	400047ac	40978433	sub	x8,x15,x9	 x15:0x0008d267  x9:0x00061a80  x8=0x0002b7e7                                                                         | __divmoddi4 / .LBB7_24
    264177	400047b0	    b765	c.CH.cj	40004758	                                                                                                                   | __divmoddi4 / .LBB7_24
    264179	40004758	0ff27793	andi	x15,x4,255	  x4:0x00000000 x15=0x00000000                                                                                      | __divmoddi4 / .LBB7_24
    264180	4000475c	01f55693	srli	x13,x10,0x1f	 x10:0x000014f8 x13=0x00000000                                                                                    | __divmoddi4 / .LBB7_24
    264181	40004760	00159713	slli	x14,x11,0x1	 x11:0x00000000 x14=0x00000000                                                                                     | __divmoddi4 / .LBB7_24
    264182	40004764	    0506	c.slli	x10,0x1	 x10:0x000014f8 x10=0x000029f0                                                                                       | __divmoddi4 / .LBB7_24
    264183	40004766	    8a05	c.andi	x12,1	 x12:0xffffffff x12=0x00000001                                                                                         | __divmoddi4 / .LBB7_24
    264184	40004768	    c7a9	c.beqz	x15,400047b2	 x15:0x00000000                                                                                                 | __divmoddi4 / .LBB7_24
    264187	400047b2	    65e2	c.CH.clcsp	c11,24(c2)	  x2:0x00101650+0x13e0b80c0 x11=0x00000000+0x000000000 PA:0x00101668 load:0x000000000+0x000000000             | __divmoddi4 / .LBB7_24
    264191	400047b4	    c581	c.beqz	x11,400047bc	 x11:0x00000000                                                                                                 | __divmoddi4 / .LBB7_24
    264193	400047bc	00d765b3	or	x11,x14,x13	 x14:0x00000000 x13:0x00000000 x11=0x00000000                                                                        | __divmoddi4 / .LBB7_24
    264194	400047c0	00a664b3	or	x9,x12,x10	 x12:0x00000001 x10:0x000029f0  x9=0x000029f1                                                                         | __divmoddi4 / .LBB7_24
    264195	400047c4	    8526	c.mv	x10,x9	  x0:0x00000000  x9:0x000029f1 x10=0x000029f1                                                                           | __divmoddi4 / .LBB7_24
    264197	400047c6	    70e2	c.CH.clcsp	c1,56(c2)	  x2:0x00101650+0x13e0b80c0  x1=0x400049b2+0x15708f4f0 PA:0x00101688 load:0x1400049b2+0x15708f4f0              | __divmoddi4 / .LBB7_24
    264199	400047c8	    7442	c.CH.clcsp	c8,48(c2)	  x2:0x00101650+0x13e0b80c0  x8=0x00000001+0x000000000 PA:0x00101680 load:0x000000001+0x000000000              | __divmoddi4 / .LBB7_24
    264201	400047ca	    74a2	c.CH.clcsp	c9,40(c2)	  x2:0x00101650+0x13e0b80c0  x9=0x00102030+0x176056980 PA:0x00101678 load:0x100102030+0x176056980              | __divmoddi4 / .LBB7_24
    264202	400047cc	    6121	c.CH.cinc16csp	c2,64	  x2:0x00101650+0x13e0b80c0  x2=0x00101690+0x13e0b80c0                                                         | __divmoddi4 / .LBB7_24
    264203	400047ce	    8082	c.CH.cjr	c1	  x1:0x400049b2+0x15708f4f0                                                                                             | __divmoddi4 / .LBB7_24
    264206	400049b2	    60a2	c.CH.clcsp	c1,8(c2)	  x2:0x00101690+0x13e0b80c0  x1=0x40000bda+0x15713427e PA:0x00101698 load:0x140000bda+0x15713427e               | __udivdi3
    264207	400049b4	    6141	c.CH.cinc16csp	c2,16	  x2:0x00101690+0x13e0b80c0  x2=0x001016a0+0x13e0b80c0                                                         | __udivdi3
    264210	400049b6	    8082	c.CH.cjr	c1	  x1:0x40000bda+0x15713427e                                                                                             | __udivdi3
    264212	40000bda	    862a	c.mv	x12,x10	  x0:0x00000000 x10:0x000029f1 x12=0x000029f1                                                                          | exception_entry(TrustedStackGeneric<0u>* __sealed_capability, unsigned int, unsigned int, unsigned int) / .LBB4_75
    264214	40000bdc	    6506	c.CH.clcsp	c10,64(c2)	  x2:0x001016a0+0x13e0b80c0 x10=0x00102038+0x176056980 PA:0x001016e0 load:0x100102038+0x176056980             | exception_entry(TrustedStackGeneric<0u>* __sealed_capability, unsigned int, unsigned int, unsigned int) / .LBB4_75
    264219	40000bde	    6108	c.CH.clc	c10,0(c10)	 x10:0x00102038+0x176056980 x10=0x00000000+0x000000000 PA:0x00102038 load:0x000000000+0x000000000               | exception_entry(TrustedStackGeneric<0u>* __sealed_capability, unsigned int, unsigned int, unsigned int) / .LBB4_75
    264220	40000be0	f74196db	CH.cincaddrimm	c13,c3,-140	  x3:0x00102034+0x176056980 x13=0x00101fa8+0x176056980                                                   | exception_entry(TrustedStackGeneric<0u>* __sealed_capability, unsigned int, unsigned int, unsigned int) / .LBB4_76
    264221	40000be4	    c2cc	c.sw	x11,4(c13)	 x13:0x00101fa8+0x176056980 x11:0x00000000 PA:0x00101fac store:0x000000000                                          | exception_entry(TrustedStackGeneric<0u>* __sealed_capability, unsigned int, unsigned int, unsigned int) / .LBB4_76
    264222	40000be6	    c290	c.sw	x12,0(c13)	 x13:0x00101fa8+0x176056980 x12:0x000029f1 PA:0x00101fa8 store:0x0000029f1                                          | exception_entry(TrustedStackGeneric<0u>* __sealed_capability, unsigned int, unsigned int, unsigned int) / .LBB4_76
    264223	40000be8	    c91d	c.beqz	x10,40000c1e	 x10:0x00000000                                                                                                 | exception_entry(TrustedStackGeneric<0u>* __sealed_capability, unsigned int, unsigned int, unsigned int) / .LBB4_76
    264228	40000c1e	    6462	c.CH.clcsp	c8,24(c2)	  x2:0x001016a0+0x13e0b80c0  x8=0x00102150+0x176056980 PA:0x001016b8 load:0x100102150+0x176056980              | exception_entry(TrustedStackGeneric<0u>* __sealed_capability, unsigned int, unsigned int, unsigned int) / .LBB4_76
    264233	40000c20	    6008	c.CH.clc	c10,0(c8)	  x8:0x00102150+0x176056980 x10=0x00101f58+0x176035108 PA:0x00102150 load:0x100101f58+0x176035108                | exception_entry(TrustedStackGeneric<0u>* __sealed_capability, unsigned int, unsigned int, unsigned int) / .LBB4_76
    264234	40000c22	    55b2	c.lwsp	x11,44(c2)	  x2:0x001016a0+0x13e0b80c0 x11=0x00000001 PA:0x001016cc load:0x00000001                                          | exception_entry(TrustedStackGeneric<0u>* __sealed_capability, unsigned int, unsigned int, unsigned int) / .LBB4_76
    264236	40000c24	    c5ad	c.beqz	x11,40000c8e	 x11:0x00000001                                                                                                 | exception_entry(TrustedStackGeneric<0u>* __sealed_capability, unsigned int, unsigned int, unsigned int) / .LBB4_76
    264238	40000c26	    66c2	c.CH.clcsp	c13,16(c2)	  x2:0x001016a0+0x13e0b80c0 x13=0x00102048+0x176029048 PA:0x001016b0 load:0x100102048+0x176029048             | exception_entry(TrustedStackGeneric<0u>* __sealed_capability, unsigned int, unsigned int, unsigned int) / .LBB4_76
    264239	40000c28	    cd19	c.beqz	x10,40000c46	 x10:0x00101f58                                                                                                 | exception_entry(TrustedStackGeneric<0u>* __sealed_capability, unsigned int, unsigned int, unsigned int) / .LBB4_76
    264240	40000c2a	04c54583	clbu	x11,76(c10)	 x10:0x00101f58+0x176035108 x11=0x00000000 PA:0x00101fa4 load:0x00000000                                           | exception_entry(TrustedStackGeneric<0u>* __sealed_capability, unsigned int, unsigned int, unsigned int) / .LBB4_76
    264242	40000c2e	    898d	c.andi	x11,3	 x11:0x00000000 x11=0x00000000                                                                                         | exception_entry(TrustedStackGeneric<0u>* __sealed_capability, unsigned int, unsigned int, unsigned int) / .LBB4_76
    264243	40000c30	    e981	c.bnez	x11,40000c40	 x11:0x00000000                                                                                                 | exception_entry(TrustedStackGeneric<0u>* __sealed_capability, unsigned int, unsigned int, unsigned int) / .LBB4_76
    264244	40000c32	04a54583	clbu	x11,74(c10)	 x10:0x00101f58+0x176035108 x11=0x00000000 PA:0x00101fa2 load:0x00000000                                           | exception_entry(TrustedStackGeneric<0u>* __sealed_capability, unsigned int, unsigned int, unsigned int) / .LBB4_76
    264246	40000c36	    6510	c.CH.clc	c12,8(c10)	 x10:0x00101f58+0x176035108 x12=0x00101f58+0x176035108 PA:0x00101f60 load:0x100101f58+0x176035108               | exception_entry(TrustedStackGeneric<0u>* __sealed_capability, unsigned int, unsigned int, unsigned int) / .LBB4_76
    264247	40000c38	    058e	c.slli	x11,0x3	 x11:0x00000000 x11=0x00000000                                                                                       | exception_entry(TrustedStackGeneric<0u>* __sealed_capability, unsigned int, unsigned int, unsigned int) / .LBB4_76
    264248	40000c3a	22b685db	CH.cincaddr	c11,c13,x11	 x13:0x00102048+0x176029048 x11:0x00000000 x11=0x00102048+0x176029048                                       | exception_entry(TrustedStackGeneric<0u>* __sealed_capability, unsigned int, unsigned int, unsigned int) / .LBB4_76
    264251	40000c3e	    e190	c.CH.csc	c12,0(c11)	 x11:0x00102048+0x176029048 x12:0x00101f58+0x176035108 PA:0x00102048 store:0x100101f58+0x176035108              | exception_entry(TrustedStackGeneric<0u>* __sealed_capability, unsigned int, unsigned int, unsigned int) / .LBB4_76
    264253	40000c40	    75c2	c.CH.clcsp	c11,48(c2)	  x2:0x001016a0+0x13e0b80c0 x11=0x001011e0+0x17e8201e0 PA:0x001016d0 load:0x1001011e0+0x17e8201e0             | exception_entry(TrustedStackGeneric<0u>* __sealed_capability, unsigned int, unsigned int, unsigned int) / .LBB4_76
    264258	40000c42	    e12c	c.CH.csc	c11,64(c10)	 x10:0x00101f58+0x176035108 x11:0x001011e0+0x17e8201e0 PA:0x00101f98 store:0x1001011e0+0x17e8201e0             | exception_entry(TrustedStackGeneric<0u>* __sealed_capability, unsigned int, unsigned int, unsigned int) / .LBB4_76
    264259	40000c44	    a039	c.CH.cj	40000c52	                                                                                                                   | exception_entry(TrustedStackGeneric<0u>* __sealed_capability, unsigned int, unsigned int, unsigned int) / .LBB4_76
    264262	40000c52	118195db	CH.cincaddrimm	c11,c3,280	  x3:0x00102034+0x176056980 x11=0x0010214c+0x176056980                                                    | exception_entry(TrustedStackGeneric<0u>* __sealed_capability, unsigned int, unsigned int, unsigned int) / .LBB4_78
    264263	40000c56	0005d583	clhu	x11,0(c11)	 x11:0x0010214c+0x176056980 x11=0x00000001 PA:0x0010214c load:0x00000001                                            | exception_entry(TrustedStackGeneric<0u>* __sealed_capability, unsigned int, unsigned int, unsigned int) / .LBB4_78
    264265	40000c5a	    058e	c.slli	x11,0x3	 x11:0x00000001 x11=0x00000008                                                                                       | exception_entry(TrustedStackGeneric<0u>* __sealed_capability, unsigned int, unsigned int, unsigned int) / .LBB4_78
    264266	40000c5c	22b685db	CH.cincaddr	c11,c13,x11	 x13:0x00102048+0x176029048 x11:0x00000008 x11=0x00102050+0x176029048                                       | exception_entry(TrustedStackGeneric<0u>* __sealed_capability, unsigned int, unsigned int, unsigned int) / .LBB4_78
    264268	40000c60	    6190	c.CH.clc	c12,0(c11)	 x11:0x00102050+0x176029048 x12=0x00101f08+0x176035108 PA:0x00102050 load:0x100101f08+0x176035108               | exception_entry(TrustedStackGeneric<0u>* __sealed_capability, unsigned int, unsigned int, unsigned int) / .LBB4_78
    264273	40000c62	    e010	c.CH.csc	c12,0(c8)	  x8:0x00102150+0x176056980 x12:0x00101f08+0x176035108 PA:0x00102150 store:0x100101f08+0x176035108               | exception_entry(TrustedStackGeneric<0u>* __sealed_capability, unsigned int, unsigned int, unsigned int) / .LBB4_78
    264274	40000c64	    ca19	c.beqz	x12,40000c7a	 x12:0x00101f08                                                                                                 | exception_entry(TrustedStackGeneric<0u>* __sealed_capability, unsigned int, unsigned int, unsigned int) / .LBB4_78
    264275	40000c66	00a60763	beq	x12,x10,40000c74	 x12:0x00101f08 x10:0x00101f58                                                                                 | exception_entry(TrustedStackGeneric<0u>* __sealed_capability, unsigned int, unsigned int, unsigned int) / .LBB4_78
    264276	40000c6a	143000ef	CH.cjal	c1,400015ac	  x1=0x40000c6e+0x15713427e                                                                                     | exception_entry(TrustedStackGeneric<0u>* __sealed_capability, unsigned int, unsigned int, unsigned int) / .LBB4_78
    264278	400015ac	fec1955b	CH.cincaddrimm	c10,c3,-20	  x3:0x00102034+0x176056980 x10=0x00102020+0x176056980                                                    | OpenTitanUart::blocking_write(unsigned char) volatile / .LBB26_3/StandardClint::time()
    264280	400015b0	    6110	c.CH.clc	c12,0(c10)	 x10:0x00102020+0x176056980 x12=0x8004bff8+0x1660001f8 PA:0x00102020 load:0x18004bff8+0x1660001f8               | OpenTitanUart::blocking_write(unsigned char) volatile / .LBB26_3/StandardClint::time()
    264284	400015b2	    424c	c.lw	x11,4(c12)	 x12:0x8004bff8+0x1660001f8 x11=0x00000001 PA:0x8004bffc load:0x00000001                                            | OpenTitanUart::blocking_write(unsigned char) volatile / .LBB26_3/StandardClint::time()
    264286	400015b4	    4208	c.lw	x10,0(c12)	 x12:0x8004bff8+0x1660001f8 x10=0x00021a1d PA:0x8004bff8 load:0x00021a1d                                            | OpenTitanUart::blocking_write(unsigned char) volatile / .LBB26_3/StandardClint::time()
    264288	400015b6	    4254	c.lw	x13,4(c12)	 x12:0x8004bff8+0x1660001f8 x13=0x00000001 PA:0x8004bffc load:0x00000001                                            | OpenTitanUart::blocking_write(unsigned char) volatile / .LBB26_3/StandardClint::time()
    264290	400015b8	fed59de3	bne	x11,x13,400015b2	 x11:0x00000001 x13:0x00000001                                                                                 | OpenTitanUart::blocking_write(unsigned char) volatile / .LBB26_3/StandardClint::time()
    264291	400015bc	    8082	c.CH.cjr	c1	  x1:0x40000c6e+0x15713427e                                                                                             | OpenTitanUart::blocking_write(unsigned char) volatile / .LBB26_3/StandardClint::time()
    264294	40000c6e	    6010	c.CH.clc	c12,0(c8)	  x8:0x00102150+0x176056980 x12=0x00101f08+0x176035108 PA:0x00102150 load:0x100101f08+0x176035108                | exception_entry(TrustedStackGeneric<0u>* __sealed_capability, unsigned int, unsigned int, unsigned int) / .LBB4_78
    264298	40000c70	    d64c	c.sw	x11,44(c12)	 x12:0x00101f08+0x176035108 x11:0x00000001 PA:0x00101f34 store:0x000000001                                         | exception_entry(TrustedStackGeneric<0u>* __sealed_capability, unsigned int, unsigned int, unsigned int) / .LBB4_78
    264299	40000c72	    d608	c.sw	x10,40(c12)	 x12:0x00101f08+0x176035108 x10:0x00021a1d PA:0x00101f30 store:0x000021a1d                                         | exception_entry(TrustedStackGeneric<0u>* __sealed_capability, unsigned int, unsigned int, unsigned int) / .LBB4_78
    264300	40000c74	0406155b	CH.cincaddrimm	c10,c12,64	 x12:0x00101f08+0x176035108 x10=0x00101f48+0x176035108                                                    | exception_entry(TrustedStackGeneric<0u>* __sealed_capability, unsigned int, unsigned int, unsigned int) / .LBB4_78
    264301	40000c78	    a039	c.CH.cj	40000c86	                                                                                                                   | exception_entry(TrustedStackGeneric<0u>* __sealed_capability, unsigned int, unsigned int, unsigned int) / .LBB4_78
    264304	40000c86	    6108	c.CH.clc	c10,0(c10)	 x10:0x00101f48+0x176035108 x10=0x001010c0+0x17e83c0c0 PA:0x00101f48 load:0x1001010c0+0x17e83c0c0               | exception_entry(TrustedStackGeneric<0u>* __sealed_capability, unsigned int, unsigned int, unsigned int) / .LBB4_79
    264309	40000c88	    f82a	c.CH.cscsp	c10,48(c2)	  x2:0x001016a0+0x13e0b80c0 x10:0x001010c0+0x17e83c0c0 PA:0x001016d0 store:0x1001010c0+0x17e83c0c0            | exception_entry(TrustedStackGeneric<0u>* __sealed_capability, unsigned int, unsigned int, unsigned int) / .LBB4_79
    264310	40000c8a	fea6055b	CH.cmove	c10,c12	 x12:0x00101f08+0x176035108 x10=0x00101f08+0x176035108                                                             | exception_entry(TrustedStackGeneric<0u>* __sealed_capability, unsigned int, unsigned int, unsigned int) / .LBB4_79
    264312	40000c8e	    6586	c.CH.clcsp	c11,64(c2)	  x2:0x001016a0+0x13e0b80c0 x11=0x00102038+0x176056980 PA:0x001016e0 load:0x100102038+0x176056980             | exception_entry(TrustedStackGeneric<0u>* __sealed_capability, unsigned int, unsigned int, unsigned int) / .LBB4_79
    264317	40000c90	    618c	c.CH.clc	c11,0(c11)	 x11:0x00102038+0x176056980 x11=0x00000000+0x000000000 PA:0x00102038 load:0x000000000+0x000000000               | exception_entry(TrustedStackGeneric<0u>* __sealed_capability, unsigned int, unsigned int, unsigned int) / .LBB4_79
    264321	40000c92	    c989	c.beqz	x11,40000ca4	 x11:0x00000000                                                                                                 | exception_entry(TrustedStackGeneric<0u>* __sealed_capability, unsigned int, unsigned int, unsigned int) / .LBB4_79
    264323	40000ca4	    c905	c.beqz	x10,40000cd4	 x10:0x00101f08                                                                                                 | exception_entry(TrustedStackGeneric<0u>* __sealed_capability, unsigned int, unsigned int, unsigned int) / .LBB4_79
    264324	40000ca6	    4405	c.li	x8,1	  x8=0x00000001                                                                                                           | exception_entry(TrustedStackGeneric<0u>* __sealed_capability, unsigned int, unsigned int, unsigned int) / .LBB4_79
    264326	40000ca8	    650c	c.CH.clc	c11,8(c10)	 x10:0x00101f08+0x176035108 x11=0x00101f08+0x176035108 PA:0x00101f10 load:0x100101f08+0x176035108               | exception_entry(TrustedStackGeneric<0u>* __sealed_capability, unsigned int, unsigned int, unsigned int) / .LBB4_79
    264327	40000caa	    c019	c.beqz	x8,40000cb0	  x8:0x00000001                                                                                                  | exception_entry(TrustedStackGeneric<0u>* __sealed_capability, unsigned int, unsigned int, unsigned int) / .LBB4_79
    264330	40000cac	02a58463	beq	x11,x10,40000cd4	 x11:0x00101f08 x10:0x00101f08                                                                                 | exception_entry(TrustedStackGeneric<0u>* __sealed_capability, unsigned int, unsigned int, unsigned int) / .LBB4_79
    264332	40000cd4	ff41955b	CH.cincaddrimm	c10,c3,-12	  x3:0x00102034+0x176056980 x10=0x00102028+0x176056980                                                    | exception_entry(TrustedStackGeneric<0u>* __sealed_capability, unsigned int, unsigned int, unsigned int) / .LBB4_80
    264335	40000cd8	    6108	c.CH.clc	c10,0(c10)	 x10:0x00102028+0x176056980 x10=0x80044000+0x166001000 PA:0x00102028 load:0x180044000+0x166001000               | exception_entry(TrustedStackGeneric<0u>* __sealed_capability, unsigned int, unsigned int, unsigned int) / .LBB4_80
    264336	40000cda	    55fd	c.li	x11,-1	 x11=0xffffffff                                                                                                         | exception_entry(TrustedStackGeneric<0u>* __sealed_capability, unsigned int, unsigned int, unsigned int) / .LBB4_80
    264339	40000cdc	    c14c	c.sw	x11,4(c10)	 x10:0x80044000+0x166001000 x11:0xffffffff PA:0x80044004 store:0x0ffffffff                                          | exception_entry(TrustedStackGeneric<0u>* __sealed_capability, unsigned int, unsigned int, unsigned int) / .LBB4_80
    264340	40000cde	    a881	c.CH.cj	40000d2e	                                                                                                                   | exception_entry(TrustedStackGeneric<0u>* __sealed_capability, unsigned int, unsigned int, unsigned int) / .LBB4_80
    264344	40000d2e	00048503	clb	x10,0(c9)	  x9:0x00102030+0x176056980 x10=0x00000001 PA:0x00102030 load:0x00000001                                              | exception_entry(TrustedStackGeneric<0u>* __sealed_capability, unsigned int, unsigned int, unsigned int) / .LBB4_81
    264346	40000d32	    157d	c.addi	x10,-1	 x10:0x00000001 x10=0x00000000                                                                                        | exception_entry(TrustedStackGeneric<0u>* __sealed_capability, unsigned int, unsigned int, unsigned int) / .LBB4_81
    264347	40000d34	00a48023	csb	x10,0(c9)	  x9:0x00102030+0x176056980 x10:0x00000000 PA:0x00102030 store:0x0??????00                                            | exception_entry(TrustedStackGeneric<0u>* __sealed_capability, unsigned int, unsigned int, unsigned int) / .LBB4_81
    264349	40000d38	    7542	c.CH.clcsp	c10,48(c2)	  x2:0x001016a0+0x13e0b80c0 x10=0x001010c0+0x17e83c0c0 PA:0x001016d0 load:0x1001010c0+0x17e83c0c0             | exception_entry(TrustedStackGeneric<0u>* __sealed_capability, unsigned int, unsigned int, unsigned int) / .LBB4_81
    264350	40000d3a	    4581	c.li	x11,0	 x11=0x00000000                                                                                                          | exception_entry(TrustedStackGeneric<0u>* __sealed_capability, unsigned int, unsigned int, unsigned int) / .LBB4_81
    264352	40000d3c	    60e6	c.CH.clcsp	c1,88(c2)	  x2:0x001016a0+0x13e0b80c0  x1=0x400004dc+0x11f0bf096 PA:0x001016f8 load:0x1400004dc+0x11f0bf096              | exception_entry(TrustedStackGeneric<0u>* __sealed_capability, unsigned int, unsigned int, unsigned int) / .LBB4_81
    264354	40000d3e	    6446	c.CH.clcsp	c8,80(c2)	  x2:0x001016a0+0x13e0b80c0  x8=0x00000000+0x000000000 PA:0x001016f0 load:0x000000000+0x000000000              | exception_entry(TrustedStackGeneric<0u>* __sealed_capability, unsigned int, unsigned int, unsigned int) / .LBB4_81
    264356	40000d40	    64a6	c.CH.clcsp	c9,72(c2)	  x2:0x001016a0+0x13e0b80c0  x9=0x00000000+0x000000000 PA:0x001016e8 load:0x000000000+0x000000000              | exception_entry(TrustedStackGeneric<0u>* __sealed_capability, unsigned int, unsigned int, unsigned int) / .LBB4_81
    264357	40000d42	    6125	c.CH.cinc16csp	c2,96	  x2:0x001016a0+0x13e0b80c0  x2=0x00101700+0x13e0b80c0                                                         | exception_entry(TrustedStackGeneric<0u>* __sealed_capability, unsigned int, unsigned int, unsigned int) / .LBB4_81
    264358	40000d44	    8082	c.CH.cjr	c1	  x1:0x400004dc+0x11f0bf096                                                                                             | exception_entry(TrustedStackGeneric<0u>* __sealed_capability, unsigned int, unsigned int, unsigned int) / .LBB4_81
    264360	400004dc	00000117	CH.auipcc	c2,0x0	  x2=0x400004dc+0x11e0bf096                                                                                        | exception_entry_asm / .Ltmp11
    264363	400004e0	d7c13103	CH.clc	c2,-644(c2)	  x2:0x400004dc+0x11e0bf096  x2=0x0000000a+0x14600160a PA:0x40000258 load:0x10000000a+0x14600160a                | exception_entry_asm / .Ltmp11
    264367	400004e4	1825015b	CH.cunseal	c2,c10,c2	 x10:0x001010c0+0x17e83c0c0  x2:0x0000000a+0x14600160a  x2=0x001010c0+0x17e03c0c0                              | exception_entry_asm / .Ltmp11
    264368	400004e8	    42ba	c.lwsp	x5,140(c2)	  x2:0x001010c0+0x17e03c0c0  x5=0x0000000b PA:0x0010114c load:0x0000000b                                          | exception_entry_asm / .Ltmp11
    264369	400004ea	03d1005b	CH.cspecialw	mtdc,c2	  x2:0x001010c0+0x17e03c0c0  x0=0x00000000+0x000000000                                                         | exception_entry_asm / .Ltmp11
    264370	400004ee	    4365	c.li	x6,25	  x6=0x00000019                                                                                                          | exception_entry_asm / .Ltmp11
    264371	400004f0	1a628a63	beq	x5,x6,400006a4	  x5:0x0000000b  x6:0x00000019                                                                                   | exception_entry_asm / .Ltmp11
    264372	400004f4	    432d	c.li	x6,11	  x6=0x0000000b                                                                                                          | exception_entry_asm / .Ltmp11
    264374	400004f6	    6382	c.CH.clcsp	c7,0(c2)	  x2:0x001010c0+0x17e03c0c0  x7=0x40000e58+0x15613427e PA:0x001010c0 load:0x140000e58+0x15613427e               | exception_entry_asm / .Ltmp11
    264375	400004f8	00629463	bne	x5,x6,40000500	  x5:0x0000000b  x6:0x0000000b                                                                                   | exception_entry_asm / .Ltmp11
    264378	400004fc	004393db	CH.cincaddrimm	c7,c7,4	  x7:0x40000e58+0x15613427e  x7=0x40000e5c+0x15613427e                                                       | exception_entry_asm / .Ltmp11
    264379	40000500	    40aa	c.lwsp	x1,136(c2)	  x2:0x001010c0+0x17e03c0c0  x1=0x00001800 PA:0x00101148 load:0x00001800                                          | exception_entry_asm / .Lcommon_context_install
    264381	40000502	30009073	csrrw	x0,mstatus,x1	  x1:0x00001800  x0=0x00000000                                                                                  | exception_entry_asm / .Lcommon_context_install
    264384	40000506	    40ca	c.lwsp	x1,144(c2)	  x2:0x001010c0+0x17e03c0c0  x1=0x00101950 PA:0x00101150 load:0x00101950                                          | exception_entry_asm / .Lcommon_context_install
    264386	40000508	bc109073	csrrw	x0,mshwm,x1	  x1:0x00101950  x0=0x00000000                                                                                    | exception_entry_asm / .Lcommon_context_install
    264387	4000050c	    40da	c.lwsp	x1,148(c2)	  x2:0x001010c0+0x17e03c0c0  x1=0x00101700 PA:0x00101154 load:0x00101700                                          | exception_entry_asm / .Lcommon_context_install
    264389	4000050e	bc209073	csrrw	x0,mshwmb,x1	  x1:0x00101700  x0=0x00000000                                                                                   | exception_entry_asm / .Lcommon_context_install
    264390	40000512	03f3805b	CH.cspecialw	mepcc,c7	  x7:0x40000e5c+0x15613427e  x0=0x00000000+0x000000000                                                        | exception_entry_asm / .Lcommon_context_install
    264392	40000516	    60a2	c.CH.clcsp	c1,8(c2)	  x2:0x001010c0+0x17e03c0c0  x1=0x40000e42+0x15713427e PA:0x001010c8 load:0x140000e42+0x15713427e               | exception_entry_asm / .Lcommon_context_install
    264394	40000518	    61e2	c.CH.clcsp	c3,24(c2)	  x2:0x001010c0+0x17e03c0c0  x3=0x00102034+0x176056980 PA:0x001010d8 load:0x100102034+0x176056980              | exception_entry_asm / .Lcommon_context_install
    264396	4000051a	    7202	c.CH.clcsp	c4,32(c2)	  x2:0x001010c0+0x17e03c0c0  x4=0x00000000+0x000000000 PA:0x001010e0 load:0x000000000+0x000000000              | exception_entry_asm / .Lcommon_context_install
    264398	4000051c	    72a2	c.CH.clcsp	c5,40(c2)	  x2:0x001010c0+0x17e03c0c0  x5=0x00000000+0x000000000 PA:0x001010e8 load:0x000000000+0x000000000              | exception_entry_asm / .Lcommon_context_install
    264400	4000051e	    7342	c.CH.clcsp	c6,48(c2)	  x2:0x001010c0+0x17e03c0c0  x6=0x00102038+0x176008038 PA:0x001010f0 load:0x100102038+0x176008038              | exception_entry_asm / .Lcommon_context_install
    264402	40000520	    73e2	c.CH.clcsp	c7,56(c2)	  x2:0x001010c0+0x17e03c0c0  x7=0x400043d8+0x15648f4f0 PA:0x001010f8 load:0x1400043d8+0x15648f4f0              | exception_entry_asm / .Lcommon_context_install
    264404	40000522	    6406	c.CH.clcsp	c8,64(c2)	  x2:0x001010c0+0x17e03c0c0  x8=0x000000c8+0x000000000 PA:0x00101100 load:0x0000000c8+0x000000000              | exception_entry_asm / .Lcommon_context_install
    264406	40000524	    64a6	c.CH.clcsp	c9,72(c2)	  x2:0x001010c0+0x17e03c0c0  x9=0x00101f08+0x176035108 PA:0x00101108 load:0x100101f08+0x176035108              | exception_entry_asm / .Lcommon_context_install
    264408	40000526	    6546	c.CH.clcsp	c10,80(c2)	  x2:0x001010c0+0x17e03c0c0 x10=0x000029f1+0x000000000 PA:0x00101110 load:0x0000029f1+0x000000000             | exception_entry_asm / .Lcommon_context_install
    264410	40000528	    65e6	c.CH.clcsp	c11,88(c2)	  x2:0x001010c0+0x17e03c0c0 x11=0x00101a64+0x13e00d864 PA:0x00101118 load:0x100101a64+0x13e00d864             | exception_entry_asm / .Lcommon_context_install
    264412	4000052a	    7606	c.CH.clcsp	c12,96(c2)	  x2:0x001010c0+0x17e03c0c0 x12=0x00101fa8+0x176056980 PA:0x00101120 load:0x100101fa8+0x176056980             | exception_entry_asm / .Lcommon_context_install
    264414	4000052c	    76a6	c.CH.clcsp	c13,104(c2)	  x2:0x001010c0+0x17e03c0c0 x13=0x00000000+0x000000000 PA:0x00101128 load:0x000000000+0x000000000            | exception_entry_asm / .Lcommon_context_install
    264416	4000052e	    7746	c.CH.clcsp	c14,112(c2)	  x2:0x001010c0+0x17e03c0c0 x14=0x00000000+0x000000000 PA:0x00101130 load:0x000000000+0x000000000            | exception_entry_asm / .Lcommon_context_install
    264418	40000530	    77e6	c.CH.clcsp	c15,120(c2)	  x2:0x001010c0+0x17e03c0c0 x15=0x00000000+0x000000000 PA:0x00101138 load:0x000000000+0x000000000            | exception_entry_asm / .Lcommon_context_install
    264420	40000532	    6142	c.CH.clcsp	c2,16(c2)	  x2:0x001010c0+0x17e03c0c0  x2=0x00101960+0x13e05e180 PA:0x001010d0 load:0x100101960+0x13e05e180              | exception_entry_asm / .Lcommon_context_install
    264421	40000534	30200073	mret	                                                                                                                               | exception_entry_asm / .Lcommon_context_install
    264424	40000e5c	    4254	c.lw	x13,4(c12)	 x12:0x00101fa8+0x176056980 x13=0x00000000 PA:0x00101fac load:0x00000000                                            | (anonymous namespace)::ThreadImpl<32u>::suspend(Timeout*, (anonymous namespace)::ThreadImpl<32u>**, bool, bool) / .LBB8_14
    264425	40000e5e	    4210	c.lw	x12,0(c12)	 x12:0x00101fa8+0x176056980 x12=0x000029f1 PA:0x00101fa8 load:0x000029f1                                            | (anonymous namespace)::ThreadImpl<32u>::suspend(Timeout*, (anonymous namespace)::ThreadImpl<32u>**, bool, bool) / .LBB8_14
    264426	40000e60	fe45875b	CH.cgettag	x14,c11	 x11:0x00101a64+0x13e00d864 x14=0x00000001                                                                       | (anonymous namespace)::ThreadImpl<32u>::suspend(Timeout*, (anonymous namespace)::ThreadImpl<32u>**, bool, bool) / .LBB8_14
    264427	40000e64	    cf15	c.beqz	x14,40000ea0	 x14:0x00000001                                                                                                 | (anonymous namespace)::ThreadImpl<32u>::suspend(Timeout*, (anonymous namespace)::ThreadImpl<32u>**, bool, bool) / .LBB8_14
    264428	40000e66	00a63733	sltu	x14,x12,x10	 x12:0x000029f1 x10:0x000029f1 x14=0x00000000                                                                      | (anonymous namespace)::ThreadImpl<32u>::suspend(Timeout*, (anonymous namespace)::ThreadImpl<32u>**, bool, bool) / .LBB8_14
    264429	40000e6a	    8e9d	c.sub	x13,x15	 x13:0x00000000 x15:0x00000000 x13=0x00000000                                                                         | (anonymous namespace)::ThreadImpl<32u>::suspend(Timeout*, (anonymous namespace)::ThreadImpl<32u>**, bool, bool) / .LBB8_14
    264430	40000e6c	    8e09	c.sub	x12,x10	 x12:0x000029f1 x10:0x000029f1 x12=0x00000000                                                                         | (anonymous namespace)::ThreadImpl<32u>::suspend(Timeout*, (anonymous namespace)::ThreadImpl<32u>**, bool, bool) / .LBB8_14
    264431	40000e6e	    419c	c.lw	x15,0(c11)	 x11:0x00101a64+0x13e00d864 x15=0x00000000 PA:0x00101a64 load:0x00000000                                            | (anonymous namespace)::ThreadImpl<32u>::suspend(Timeout*, (anonymous namespace)::ThreadImpl<32u>**, bool, bool) / .LBB8_14
    264432	40000e70	    41c8	c.lw	x10,4(c11)	 x11:0x00101a64+0x13e00d864 x10=0x000000c8 PA:0x00101a68 load:0x000000c8                                            | (anonymous namespace)::ThreadImpl<32u>::suspend(Timeout*, (anonymous namespace)::ThreadImpl<32u>**, bool, bool) / .LBB8_14
    264433	40000e72	    8e99	c.sub	x13,x14	 x13:0x00000000 x14:0x00000000 x13=0x00000000                                                                         | (anonymous namespace)::ThreadImpl<32u>::suspend(Timeout*, (anonymous namespace)::ThreadImpl<32u>**, bool, bool) / .LBB8_14
    264434	40000e74	0016b693	sltiu	x13,x13,1	 x13:0x00000000 x13=0x00000001                                                                                      | (anonymous namespace)::ThreadImpl<32u>::suspend(Timeout*, (anonymous namespace)::ThreadImpl<32u>**, bool, bool) / .LBB8_14
    264435	40000e78	    16fd	c.addi	x13,-1	 x13:0x00000001 x13=0x00000000                                                                                        | (anonymous namespace)::ThreadImpl<32u>::suspend(Timeout*, (anonymous namespace)::ThreadImpl<32u>**, bool, bool) / .LBB8_14
    264436	40000e7a	00c6e733	or	x14,x13,x12	 x13:0x00000000 x12:0x00000000 x14=0x00000000                                                                        | (anonymous namespace)::ThreadImpl<32u>::suspend(Timeout*, (anonymous namespace)::ThreadImpl<32u>**, bool, bool) / .LBB8_14
    264437	40000e7e	    97ba	c.add	x15,x14	 x15:0x00000000 x14:0x00000000 x15=0x00000000                                                                         | (anonymous namespace)::ThreadImpl<32u>::suspend(Timeout*, (anonymous namespace)::ThreadImpl<32u>**, bool, bool) / .LBB8_14
    264438	40000e80	00e7b633	sltu	x12,x15,x14	 x15:0x00000000 x14:0x00000000 x12=0x00000000                                                                      | (anonymous namespace)::ThreadImpl<32u>::suspend(Timeout*, (anonymous namespace)::ThreadImpl<32u>**, bool, bool) / .LBB8_14
    264439	40000e84	40c00633	sub	x12,x0,x12	  x0:0x00000000 x12:0x00000000 x12=0x00000000                                                                        | (anonymous namespace)::ThreadImpl<32u>::suspend(Timeout*, (anonymous namespace)::ThreadImpl<32u>**, bool, bool) / .LBB8_14
    264440	40000e88	    8e5d	c.or	x12,x15	 x12:0x00000000 x15:0x00000000 x12=0x00000000                                                                          | (anonymous namespace)::ThreadImpl<32u>::suspend(Timeout*, (anonymous namespace)::ThreadImpl<32u>**, bool, bool) / .LBB8_14
    264441	40000e8a	    56fd	c.li	x13,-1	 x13=0xffffffff                                                                                                         | (anonymous namespace)::ThreadImpl<32u>::suspend(Timeout*, (anonymous namespace)::ThreadImpl<32u>**, bool, bool) / .LBB8_14
    264442	40000e8c	    c190	c.sw	x12,0(c11)	 x11:0x00101a64+0x13e00d864 x12:0x00000000 PA:0x00101a64 store:0x000000000                                          | (anonymous namespace)::ThreadImpl<32u>::suspend(Timeout*, (anonymous namespace)::ThreadImpl<32u>**, bool, bool) / .LBB8_14
    264443	40000e8e	00d50963	beq	x10,x13,40000ea0	 x10:0x000000c8 x13:0xffffffff                                                                                 | (anonymous namespace)::ThreadImpl<32u>::suspend(Timeout*, (anonymous namespace)::ThreadImpl<32u>**, bool, bool) / .LBB8_14
    264444	40000e92	40e50633	sub	x12,x10,x14	 x10:0x000000c8 x14:0x00000000 x12=0x000000c8                                                                       | (anonymous namespace)::ThreadImpl<32u>::suspend(Timeout*, (anonymous namespace)::ThreadImpl<32u>**, bool, bool) / .LBB8_14
    264445	40000e96	00c53533	sltu	x10,x10,x12	 x10:0x000000c8 x12:0x000000c8 x10=0x00000000                                                                      | (anonymous namespace)::ThreadImpl<32u>::suspend(Timeout*, (anonymous namespace)::ThreadImpl<32u>**, bool, bool) / .LBB8_14
    264446	40000e9a	    157d	c.addi	x10,-1	 x10:0x00000000 x10=0xffffffff                                                                                        | (anonymous namespace)::ThreadImpl<32u>::suspend(Timeout*, (anonymous namespace)::ThreadImpl<32u>**, bool, bool) / .LBB8_14
    264447	40000e9c	    8d71	c.and	x10,x12	 x10:0xffffffff x12:0x000000c8 x10=0x000000c8                                                                         | (anonymous namespace)::ThreadImpl<32u>::suspend(Timeout*, (anonymous namespace)::ThreadImpl<32u>**, bool, bool) / .LBB8_14
    264448	40000e9e	    c1c8	c.sw	x10,4(c11)	 x11:0x00101a64+0x13e00d864 x10:0x000000c8 PA:0x00101a68 store:0x0000000c8                                          | (anonymous namespace)::ThreadImpl<32u>::suspend(Timeout*, (anonymous namespace)::ThreadImpl<32u>**, bool, bool) / .LBB8_14
    264450	40000ea0	    70a2	c.CH.clcsp	c1,40(c2)	  x2:0x00101960+0x13e05e180  x1=0x40000fd0+0x15713427e PA:0x00101988 load:0x140000fd0+0x15713427e              | (anonymous namespace)::ThreadImpl<32u>::suspend(Timeout*, (anonymous namespace)::ThreadImpl<32u>**, bool, bool) / .LBB8_14
    264452	40000ea2	    7402	c.CH.clcsp	c8,32(c2)	  x2:0x00101960+0x13e05e180  x8=0x00101f08+0x176035108 PA:0x00101980 load:0x100101f08+0x176035108              | (anonymous namespace)::ThreadImpl<32u>::suspend(Timeout*, (anonymous namespace)::ThreadImpl<32u>**, bool, bool) / .LBB8_14
    264454	40000ea4	    64e2	c.CH.clcsp	c9,24(c2)	  x2:0x00101960+0x13e05e180  x9=0x00101fe0+0x16403c9e0 PA:0x00101978 load:0x100101fe0+0x16403c9e0              | (anonymous namespace)::ThreadImpl<32u>::suspend(Timeout*, (anonymous namespace)::ThreadImpl<32u>**, bool, bool) / .LBB8_14
    264455	40000ea6	    6145	c.CH.cinc16csp	c2,48	  x2:0x00101960+0x13e05e180  x2=0x00101990+0x13e05e180                                                         | (anonymous namespace)::ThreadImpl<32u>::suspend(Timeout*, (anonymous namespace)::ThreadImpl<32u>**, bool, bool) / .LBB8_14
    264456	40000ea8	    8082	c.CH.cjr	c1	  x1:0x40000fd0+0x15713427e                                                                                             | (anonymous namespace)::ThreadImpl<32u>::suspend(Timeout*, (anonymous namespace)::ThreadImpl<32u>**, bool, bool) / .LBB8_14
    264458	40000fd0	fea4055b	CH.cmove	c10,c8	  x8:0x00101f08+0x176035108 x10=0x00101f08+0x176035108                                                              | futex_timed_wait(Timeout*, unsigned int const*, unsigned int, unsigned int) / .LBB9_30
    264459	40000fd4	    5c00	c.lw	x8,56(c8)	  x8:0x00101f08+0x176035108  x8=0x00101fe0 PA:0x00101f40 load:0x00101fe0                                             | futex_timed_wait(Timeout*, unsigned int const*, unsigned int, unsigned int) / .LBB9_30
    264460	40000fd6	02052c23	csw	x0,56(c10)	 x10:0x00101f08+0x176035108  x0:0x00000000 PA:0x00101f40 store:0x000000000                                           | futex_timed_wait(Timeout*, unsigned int const*, unsigned int, unsigned int) / .LBB9_30
    264461	40000fda	    5512	c.lwsp	x10,36(c2)	  x2:0x00101990+0x13e05e180 x10=0x00000000 PA:0x001019b4 load:0x00000000                                          | futex_timed_wait(Timeout*, unsigned int const*, unsigned int, unsigned int) / .LBB9_30
    264463	40000fdc	    c909	c.beqz	x10,40000fee	 x10:0x00000000                                                                                                 | futex_timed_wait(Timeout*, unsigned int const*, unsigned int, unsigned int) / .LBB9_30
    264465	40000fee	    c801	c.beqz	x8,40000ffe	  x8:0x00101fe0                                                                                                  | futex_timed_wait(Timeout*, unsigned int const*, unsigned int, unsigned int) / .LBB9_30
    264468	40000ff0	    6522	c.CH.clcsp	c10,8(c2)	  x2:0x00101990+0x13e05e180 x10=0x00101fe0+0x16403c9e0 PA:0x00101998 load:0x100101fe0+0x16403c9e0              | futex_timed_wait(Timeout*, unsigned int const*, unsigned int, unsigned int) / .LBB9_30
    264472	40000ff2	fe45055b	CH.cgettag	x10,c10	 x10:0x00101fe0+0x16403c9e0 x10=0x00000001                                                                       | futex_timed_wait(Timeout*, unsigned int const*, unsigned int, unsigned int) / .LBB9_30
    264473	40000ff6	    157d	c.addi	x10,-1	 x10:0x00000001 x10=0x00000000                                                                                        | futex_timed_wait(Timeout*, unsigned int const*, unsigned int, unsigned int) / .LBB9_30
    264474	40000ff8	fea57693	andi	x13,x10,-22	 x10:0x00000000 x13=0x00000000                                                                                     | futex_timed_wait(Timeout*, unsigned int const*, unsigned int, unsigned int) / .LBB9_30
    264475	40000ffc	    b74d	c.CH.cj	40000f9e	                                                                                                                   | futex_timed_wait(Timeout*, unsigned int const*, unsigned int, unsigned int) / .LBB9_30
    264477	40000f9e	    8536	c.mv	x10,x13	  x0:0x00000000 x13:0x00000000 x10=0x00000000                                                                          | futex_timed_wait(Timeout*, unsigned int const*, unsigned int, unsigned int) / .LBB9_29
    264479	40000fa0	    4581	c.li	x11,0	 x11=0x00000000                                                                                                          | futex_timed_wait(Timeout*, unsigned int const*, unsigned int, unsigned int) / .LBB9_29
    264481	40000fa2	    70e2	c.CH.clcsp	c1,56(c2)	  x2:0x00101990+0x13e05e180  x1=0x400003aa+0x11f0bf096 PA:0x001019c8 load:0x1400003aa+0x11f0bf096              | futex_timed_wait(Timeout*, unsigned int const*, unsigned int, unsigned int) / .LBB9_29
    264483	40000fa4	    7442	c.CH.clcsp	c8,48(c2)	  x2:0x00101990+0x13e05e180  x8=0x00000000+0x000000000 PA:0x001019c0 load:0x000000000+0x000000000              | futex_timed_wait(Timeout*, unsigned int const*, unsigned int, unsigned int) / .LBB9_29
    264485	40000fa6	    74a2	c.CH.clcsp	c9,40(c2)	  x2:0x00101990+0x13e05e180  x9=0x00000000+0x000000000 PA:0x001019b8 load:0x000000000+0x000000000              | futex_timed_wait(Timeout*, unsigned int const*, unsigned int, unsigned int) / .LBB9_29
    264486	40000fa8	    6121	c.CH.cinc16csp	c2,64	  x2:0x00101990+0x13e05e180  x2=0x001019d0+0x13e05e180                                                         | futex_timed_wait(Timeout*, unsigned int const*, unsigned int, unsigned int) / .LBB9_29
    264487	40000faa	    8082	c.CH.cjr	c1	  x1:0x400003aa+0x11f0bf096                                                                                             | futex_timed_wait(Timeout*, unsigned int const*, unsigned int, unsigned int) / .LBB9_29
    264490	400003aa	03d0025b	CH.cspecialr	c4,mtdc	  x0:0x00000000+0x000000000  x4=0x001010c0+0x17e03c0c0                                                         | switcher_after_compartment_call
    264492	400003ae	08023383	CH.clc	c7,128(c4)	  x4:0x001010c0+0x17e03c0c0  x7=0x001021d8+0x12003d1d8 PA:0x00101140 load:0x1001021d8+0x12003d1d8                 | switcher_after_compartment_call
    264496	400003b2	0003a023	csw	x0,0(c7)	  x7:0x001021d8+0x12003d1d8  x0:0x00000000 PA:0x001021d8 store:0x000000000                                             | switcher_after_compartment_call
    264497	400003b6	0003a423	csw	x0,8(c7)	  x7:0x001021d8+0x12003d1d8  x0:0x00000000 PA:0x001021e0 store:0x000000000                                             | switcher_after_compartment_call
    264498	400003ba	09825383	clhu	x7,152(c4)	  x4:0x001010c0+0x17e03c0c0  x7=0x000000d8 PA:0x00101158 load:0x000000d8                                            | switcher_after_compartment_call
    264499	400003be	0a800293	addi	x5,x0,168	  x0:0x00000000  x5=0x000000a8                                                                                       | switcher_after_compartment_call
    264500	400003c2	    13a1	c.addi	x7,-24	  x7:0x000000d8  x7=0x000000c0                                                                                        | switcher_after_compartment_call
    264501	400003c4	2e72f763	bgeu	x5,x7,400006b2	  x5:0x000000a8  x7:0x000000c0                                                                                  | switcher_after_compartment_call
    264502	400003c8	2272035b	CH.cincaddr	c6,c4,x7	  x4:0x001010c0+0x17e03c0c0  x7:0x000000c0  x6=0x00101180+0x17e03c0c0                                          | switcher_after_compartment_call
    264504	400003cc	00033103	CH.clc	c2,0(c6)	  x6:0x00101180+0x17e03c0c0  x2=0x001019e0+0x13e0981c0 PA:0x00101180 load:0x1001019e0+0x13e0981c0                   | switcher_after_compartment_call
    264505	400003d0	08721c23	csh	x7,152(c4)	  x4:0x001010c0+0x17e03c0c0  x7:0x000000c0 PA:0x00101158 store:0x0????00c0                                           | switcher_after_compartment_call
    264509	400003d4	    6402	c.CH.clcsp	c8,0(c2)	  x2:0x001019e0+0x13e0981c0  x8=0x00101fe0+0x16403c9e0 PA:0x001019e0 load:0x100101fe0+0x16403c9e0               | switcher_after_compartment_call
    264511	400003d6	    64a2	c.CH.clcsp	c9,8(c2)	  x2:0x001019e0+0x13e0981c0  x9=0x00000001+0x000000000 PA:0x001019e8 load:0x000000001+0x000000000               | switcher_after_compartment_call
    264513	400003d8	    60e2	c.CH.clcsp	c1,24(c2)	  x2:0x001019e0+0x13e0981c0  x1=0x4000636a+0x15752800f PA:0x001019f8 load:0x14000636a+0x15752800f              | switcher_after_compartment_call
    264515	400003da	    61c2	c.CH.clcsp	c3,16(c2)	  x2:0x001019e0+0x13e0981c0  x3=0x001021b8+0x1760391a8 PA:0x001019f0 load:0x1001021b8+0x1760391a8              | switcher_after_compartment_call
    264516	400003dc	    6105	c.CH.cinc16csp	c2,32	  x2:0x001019e0+0x13e0981c0  x2=0x00101a00+0x13e0981c0                                                         | switcher_after_compartment_call
    264517	400003de	bc102273	csrrs	x4,mshwm,x0	  x0:0x00000000  x4=0x00101950                                                                                    | switcher_after_compartment_call
    264518	400003e2	    830a	c.mv	x6,x2	  x0:0x00000000  x2:0x00101a00  x6=0x00101a00                                                                            | switcher_after_compartment_call
    264519	400003e4	204103db	CH.csetaddr	c7,c2,x4	  x2:0x00101a00+0x13e0981c0  x4:0x00101950  x7=0x00101950+0x13e0981c0                                          | switcher_after_compartment_call
    264520	400003e8	fe030213	addi	x4,x6,-32	  x6:0x00101a00  x4=0x001019e0                                                                                       | switcher_after_compartment_call
    264521	400003ec	    1341	c.addi	x6,-16	  x6:0x00101a00  x6=0x001019f0                                                                                        | switcher_after_compartment_call
    264522	400003ee	00724e63	blt	x4,x7,4000040a	  x4:0x001019e0  x7:0x00101950                                                                                   | switcher_after_compartment_call
    264524	400003f2	0003b023	CH.csc	c0,0(c7)	  x7:0x00101950+0x13e0981c0  x0:0x00000000+0x000000000 PA:0x00101950 store:0x000000000+0x000000000                  | switcher_after_compartment_call / .Ltmp5
    264526	400003f6	0003b423	CH.csc	c0,8(c7)	  x7:0x00101950+0x13e0981c0  x0:0x00000000+0x000000000 PA:0x00101958 store:0x000000000+0x000000000                  | switcher_after_compartment_call / .Ltmp5
    264528	400003fa	0003b823	CH.csc	c0,16(c7)	  x7:0x00101950+0x13e0981c0  x0:0x00000000+0x000000000 PA:0x00101960 store:0x000000000+0x000000000                 | switcher_after_compartment_call / .Ltmp5
    264530	400003fe	0003bc23	CH.csc	c0,24(c7)	  x7:0x00101950+0x13e0981c0  x0:0x00000000+0x000000000 PA:0x00101968 store:0x000000000+0x000000000                 | switcher_after_compartment_call / .Ltmp5
    264531	40000402	020393db	CH.cincaddrimm	c7,c7,32	  x7:0x00101950+0x13e0981c0  x7=0x00101970+0x13e0981c0                                                      | switcher_after_compartment_call / .Ltmp5
    264532	40000406	fe7256e3	bge	x4,x7,400003f2	  x4:0x001019e0  x7:0x00101970                                                                                   | switcher_after_compartment_call / .Ltmp5
    264536	400003f2	0003b023	CH.csc	c0,0(c7)	  x7:0x00101970+0x13e0981c0  x0:0x00000000+0x000000000 PA:0x00101970 store:0x000000000+0x000000000                  | switcher_after_compartment_call / .Ltmp5
    264538	400003f6	0003b423	CH.csc	c0,8(c7)	  x7:0x00101970+0x13e0981c0  x0:0x00000000+0x000000000 PA:0x00101978 store:0x000000000+0x000000000                  | switcher_after_compartment_call / .Ltmp5
    264540	400003fa	0003b823	CH.csc	c0,16(c7)	  x7:0x00101970+0x13e0981c0  x0:0x00000000+0x000000000 PA:0x00101980 store:0x000000000+0x000000000                 | switcher_after_compartment_call / .Ltmp5
    264542	400003fe	0003bc23	CH.csc	c0,24(c7)	  x7:0x00101970+0x13e0981c0  x0:0x00000000+0x000000000 PA:0x00101988 store:0x000000000+0x000000000                 | switcher_after_compartment_call / .Ltmp5
    264543	40000402	020393db	CH.cincaddrimm	c7,c7,32	  x7:0x00101970+0x13e0981c0  x7=0x00101990+0x13e0981c0                                                      | switcher_after_compartment_call / .Ltmp5
    264544	40000406	fe7256e3	bge	x4,x7,400003f2	  x4:0x001019e0  x7:0x00101990                                                                                   | switcher_after_compartment_call / .Ltmp5
    264548	400003f2	0003b023	CH.csc	c0,0(c7)	  x7:0x00101990+0x13e0981c0  x0:0x00000000+0x000000000 PA:0x00101990 store:0x000000000+0x000000000                  | switcher_after_compartment_call / .Ltmp5
    264550	400003f6	0003b423	CH.csc	c0,8(c7)	  x7:0x00101990+0x13e0981c0  x0:0x00000000+0x000000000 PA:0x00101998 store:0x000000000+0x000000000                  | switcher_after_compartment_call / .Ltmp5
    264552	400003fa	0003b823	CH.csc	c0,16(c7)	  x7:0x00101990+0x13e0981c0  x0:0x00000000+0x000000000 PA:0x001019a0 store:0x000000000+0x000000000                 | switcher_after_compartment_call / .Ltmp5
    264554	400003fe	0003bc23	CH.csc	c0,24(c7)	  x7:0x00101990+0x13e0981c0  x0:0x00000000+0x000000000 PA:0x001019a8 store:0x000000000+0x000000000                 | switcher_after_compartment_call / .Ltmp5
    264555	40000402	020393db	CH.cincaddrimm	c7,c7,32	  x7:0x00101990+0x13e0981c0  x7=0x001019b0+0x13e0981c0                                                      | switcher_after_compartment_call / .Ltmp5
    264556	40000406	fe7256e3	bge	x4,x7,400003f2	  x4:0x001019e0  x7:0x001019b0                                                                                   | switcher_after_compartment_call / .Ltmp5
    264560	400003f2	0003b023	CH.csc	c0,0(c7)	  x7:0x001019b0+0x13e0981c0  x0:0x00000000+0x000000000 PA:0x001019b0 store:0x000000000+0x000000000                  | switcher_after_compartment_call / .Ltmp5
    264562	400003f6	0003b423	CH.csc	c0,8(c7)	  x7:0x001019b0+0x13e0981c0  x0:0x00000000+0x000000000 PA:0x001019b8 store:0x000000000+0x000000000                  | switcher_after_compartment_call / .Ltmp5
    264564	400003fa	0003b823	CH.csc	c0,16(c7)	  x7:0x001019b0+0x13e0981c0  x0:0x00000000+0x000000000 PA:0x001019c0 store:0x000000000+0x000000000                 | switcher_after_compartment_call / .Ltmp5
    264566	400003fe	0003bc23	CH.csc	c0,24(c7)	  x7:0x001019b0+0x13e0981c0  x0:0x00000000+0x000000000 PA:0x001019c8 store:0x000000000+0x000000000                 | switcher_after_compartment_call / .Ltmp5
    264567	40000402	020393db	CH.cincaddrimm	c7,c7,32	  x7:0x001019b0+0x13e0981c0  x7=0x001019d0+0x13e0981c0                                                      | switcher_after_compartment_call / .Ltmp5
    264568	40000406	fe7256e3	bge	x4,x7,400003f2	  x4:0x001019e0  x7:0x001019d0                                                                                   | switcher_after_compartment_call / .Ltmp5
    264572	400003f2	0003b023	CH.csc	c0,0(c7)	  x7:0x001019d0+0x13e0981c0  x0:0x00000000+0x000000000 PA:0x001019d0 store:0x000000000+0x000000000                  | switcher_after_compartment_call / .Ltmp5
    264574	400003f6	0003b423	CH.csc	c0,8(c7)	  x7:0x001019d0+0x13e0981c0  x0:0x00000000+0x000000000 PA:0x001019d8 store:0x000000000+0x000000000                  | switcher_after_compartment_call / .Ltmp5
    264576	400003fa	0003b823	CH.csc	c0,16(c7)	  x7:0x001019d0+0x13e0981c0  x0:0x00000000+0x000000000 PA:0x001019e0 store:0x000000000+0x000000000                 | switcher_after_compartment_call / .Ltmp5
    264578	400003fe	0003bc23	CH.csc	c0,24(c7)	  x7:0x001019d0+0x13e0981c0  x0:0x00000000+0x000000000 PA:0x001019e8 store:0x000000000+0x000000000                 | switcher_after_compartment_call / .Ltmp5
    264579	40000402	020393db	CH.cincaddrimm	c7,c7,32	  x7:0x001019d0+0x13e0981c0  x7=0x001019f0+0x13e0981c0                                                      | switcher_after_compartment_call / .Ltmp5
    264580	40000406	fe7256e3	bge	x4,x7,400003f2	  x4:0x001019e0  x7:0x001019f0                                                                                   | switcher_after_compartment_call / .Ltmp5
    264581	4000040a	00734663	blt	x6,x7,40000416	  x6:0x001019f0  x7:0x001019f0                                                                                   | switcher_after_compartment_call / .Ltmp4
    264583	4000040e	0003b023	CH.csc	c0,0(c7)	  x7:0x001019f0+0x13e0981c0  x0:0x00000000+0x000000000 PA:0x001019f0 store:0x000000000+0x000000000                  | switcher_after_compartment_call / .Ltmp4
    264585	40000412	0003b423	CH.csc	c0,8(c7)	  x7:0x001019f0+0x13e0981c0  x0:0x00000000+0x000000000 PA:0x001019f8 store:0x000000000+0x000000000                  | switcher_after_compartment_call / .Ltmp4
    264586	40000416	bc111073	csrrw	x0,mshwm,x2	  x2:0x00101a00  x0=0x00000000                                                                                    | switcher_after_compartment_call / .Ltmp6
    264587	4000041a	    4201	c.li	x4,0	  x4=0x00000000                                                                                                           | switcher_after_compartment_call / .Lswitch_callee_dead_zeros
    264588	4000041c	    4281	c.li	x5,0	  x5=0x00000000                                                                                                           | switcher_after_compartment_call / .Lswitch_callee_dead_zeros
    264589	4000041e	    4301	c.li	x6,0	  x6=0x00000000                                                                                                           | switcher_after_compartment_call / .Lswitch_callee_dead_zeros
    264590	40000420	    4381	c.li	x7,0	  x7=0x00000000                                                                                                           | switcher_after_compartment_call / .Lswitch_callee_dead_zeros
    264591	40000422	    4601	c.li	x12,0	 x12=0x00000000                                                                                                          | switcher_after_compartment_call / .Lswitch_callee_dead_zeros
    264592	40000424	    4681	c.li	x13,0	 x13=0x00000000                                                                                                          | switcher_after_compartment_call / .Lswitch_callee_dead_zeros
    264593	40000426	    4701	c.li	x14,0	 x14=0x00000000                                                                                                          | switcher_after_compartment_call / .Lswitch_callee_dead_zeros
    264594	40000428	    4781	c.li	x15,0	 x15=0x00000000                                                                                                          | switcher_after_compartment_call / .Lswitch_callee_dead_zeros
    264595	4000042a	    8082	c.CH.cjr	c1	  x1:0x4000636a+0x15752800f                                                                                             | switcher_after_compartment_call / .Lswitch_just_return
    264599	4000636a	b0202473	csrrs	x8,minstret,x0	  x0:0x00000000  x8=0x00025743                                                                                 | entry_high_priority() / .LBB2_19